Job ID: 2698957
Start time: Thu Mar 12 19:18:29 CDT 2026
Requirement already satisfied: torch>=1.9.0 in /projects/e32998/env/lib/python3.12/site-packages (from -r requirements.txt (line 2)) (2.9.0)
Requirement already satisfied: torchvision>=0.10.0 in /projects/e32998/env/lib/python3.12/site-packages (from -r requirements.txt (line 3)) (0.24.0)
Requirement already satisfied: numpy>=1.21.0 in /projects/e32998/env/lib/python3.12/site-packages (from -r requirements.txt (line 4)) (2.3.4)
Requirement already satisfied: pandas>=1.3.0 in /projects/e32998/env/lib/python3.12/site-packages (from -r requirements.txt (line 5)) (2.3.3)
Requirement already satisfied: scikit-learn>=1.8.0 in /projects/e32998/env/lib/python3.12/site-packages (from -r requirements.txt (line 7)) (1.8.0)
Requirement already satisfied: Pillow>=8.3.0 in /projects/e32998/env/lib/python3.12/site-packages (from -r requirements.txt (line 8)) (12.0.0)
Requirement already satisfied: tqdm>=4.62.0 in /projects/e32998/env/lib/python3.12/site-packages (from -r requirements.txt (line 9)) (4.67.1)
Requirement already satisfied: matplotlib>=3.5.0 in /projects/e32998/env/lib/python3.12/site-packages (from -r requirements.txt (line 12)) (3.10.7)
Requirement already satisfied: seaborn>=0.11.0 in /projects/e32998/env/lib/python3.12/site-packages (from -r requirements.txt (line 13)) (0.13.2)
Requirement already satisfied: optuna>=3.0.0 in /projects/e32998/env/lib/python3.12/site-packages (from -r requirements.txt (line 16)) (4.7.0)
Requirement already satisfied: psutil>=5.8.0 in /projects/e32998/env/lib/python3.12/site-packages (from -r requirements.txt (line 19)) (7.1.2)
Requirement already satisfied: imbalanced-learn>=0.8.0 in /projects/e32998/env/lib/python3.12/site-packages (from -r requirements.txt (line 22)) (0.14.0)
Requirement already satisfied: filelock in /projects/e32998/env/lib/python3.12/site-packages (from torch>=1.9.0->-r requirements.txt (line 2)) (3.20.0)
Requirement already satisfied: typing-extensions>=4.10.0 in /projects/e32998/env/lib/python3.12/site-packages (from torch>=1.9.0->-r requirements.txt (line 2)) (4.15.0)
Requirement already satisfied: setuptools in /projects/e32998/env/lib/python3.12/site-packages (from torch>=1.9.0->-r requirements.txt (line 2)) (80.9.0)
Requirement already satisfied: sympy>=1.13.3 in /projects/e32998/env/lib/python3.12/site-packages (from torch>=1.9.0->-r requirements.txt (line 2)) (1.14.0)
Requirement already satisfied: networkx>=2.5.1 in /projects/e32998/env/lib/python3.12/site-packages (from torch>=1.9.0->-r requirements.txt (line 2)) (3.5)
Requirement already satisfied: jinja2 in /projects/e32998/env/lib/python3.12/site-packages (from torch>=1.9.0->-r requirements.txt (line 2)) (3.1.6)
Requirement already satisfied: fsspec>=0.8.5 in /projects/e32998/env/lib/python3.12/site-packages (from torch>=1.9.0->-r requirements.txt (line 2)) (2025.9.0)
Requirement already satisfied: nvidia-cuda-nvrtc-cu12==12.8.93 in /projects/e32998/env/lib/python3.12/site-packages (from torch>=1.9.0->-r requirements.txt (line 2)) (12.8.93)
Requirement already satisfied: nvidia-cuda-runtime-cu12==12.8.90 in /projects/e32998/env/lib/python3.12/site-packages (from torch>=1.9.0->-r requirements.txt (line 2)) (12.8.90)
Requirement already satisfied: nvidia-cuda-cupti-cu12==12.8.90 in /projects/e32998/env/lib/python3.12/site-packages (from torch>=1.9.0->-r requirements.txt (line 2)) (12.8.90)
Requirement already satisfied: nvidia-cudnn-cu12==9.10.2.21 in /projects/e32998/env/lib/python3.12/site-packages (from torch>=1.9.0->-r requirements.txt (line 2)) (9.10.2.21)
Requirement already satisfied: nvidia-cublas-cu12==12.8.4.1 in /projects/e32998/env/lib/python3.12/site-packages (from torch>=1.9.0->-r requirements.txt (line 2)) (12.8.4.1)
Requirement already satisfied: nvidia-cufft-cu12==11.3.3.83 in /projects/e32998/env/lib/python3.12/site-packages (from torch>=1.9.0->-r requirements.txt (line 2)) (11.3.3.83)
Requirement already satisfied: nvidia-curand-cu12==10.3.9.90 in /projects/e32998/env/lib/python3.12/site-packages (from torch>=1.9.0->-r requirements.txt (line 2)) (10.3.9.90)
Requirement already satisfied: nvidia-cusolver-cu12==11.7.3.90 in /projects/e32998/env/lib/python3.12/site-packages (from torch>=1.9.0->-r requirements.txt (line 2)) (11.7.3.90)
Requirement already satisfied: nvidia-cusparse-cu12==12.5.8.93 in /projects/e32998/env/lib/python3.12/site-packages (from torch>=1.9.0->-r requirements.txt (line 2)) (12.5.8.93)
Requirement already satisfied: nvidia-cusparselt-cu12==0.7.1 in /projects/e32998/env/lib/python3.12/site-packages (from torch>=1.9.0->-r requirements.txt (line 2)) (0.7.1)
Requirement already satisfied: nvidia-nccl-cu12==2.27.5 in /projects/e32998/env/lib/python3.12/site-packages (from torch>=1.9.0->-r requirements.txt (line 2)) (2.27.5)
Requirement already satisfied: nvidia-nvshmem-cu12==3.3.20 in /projects/e32998/env/lib/python3.12/site-packages (from torch>=1.9.0->-r requirements.txt (line 2)) (3.3.20)
Requirement already satisfied: nvidia-nvtx-cu12==12.8.90 in /projects/e32998/env/lib/python3.12/site-packages (from torch>=1.9.0->-r requirements.txt (line 2)) (12.8.90)
Requirement already satisfied: nvidia-nvjitlink-cu12==12.8.93 in /projects/e32998/env/lib/python3.12/site-packages (from torch>=1.9.0->-r requirements.txt (line 2)) (12.8.93)
Requirement already satisfied: nvidia-cufile-cu12==1.13.1.3 in /projects/e32998/env/lib/python3.12/site-packages (from torch>=1.9.0->-r requirements.txt (line 2)) (1.13.1.3)
Requirement already satisfied: triton==3.5.0 in /projects/e32998/env/lib/python3.12/site-packages (from torch>=1.9.0->-r requirements.txt (line 2)) (3.5.0)
Requirement already satisfied: python-dateutil>=2.8.2 in /projects/e32998/env/lib/python3.12/site-packages (from pandas>=1.3.0->-r requirements.txt (line 5)) (2.9.0.post0)
Requirement already satisfied: pytz>=2020.1 in /projects/e32998/env/lib/python3.12/site-packages (from pandas>=1.3.0->-r requirements.txt (line 5)) (2025.2)
Requirement already satisfied: tzdata>=2022.7 in /projects/e32998/env/lib/python3.12/site-packages (from pandas>=1.3.0->-r requirements.txt (line 5)) (2025.2)
Requirement already satisfied: scipy>=1.10.0 in /projects/e32998/env/lib/python3.12/site-packages (from scikit-learn>=1.8.0->-r requirements.txt (line 7)) (1.16.3)
Requirement already satisfied: joblib>=1.3.0 in /projects/e32998/env/lib/python3.12/site-packages (from scikit-learn>=1.8.0->-r requirements.txt (line 7)) (1.5.2)
Requirement already satisfied: threadpoolctl>=3.2.0 in /projects/e32998/env/lib/python3.12/site-packages (from scikit-learn>=1.8.0->-r requirements.txt (line 7)) (3.6.0)
Requirement already satisfied: contourpy>=1.0.1 in /projects/e32998/env/lib/python3.12/site-packages (from matplotlib>=3.5.0->-r requirements.txt (line 12)) (1.3.3)
Requirement already satisfied: cycler>=0.10 in /projects/e32998/env/lib/python3.12/site-packages (from matplotlib>=3.5.0->-r requirements.txt (line 12)) (0.12.1)
Requirement already satisfied: fonttools>=4.22.0 in /projects/e32998/env/lib/python3.12/site-packages (from matplotlib>=3.5.0->-r requirements.txt (line 12)) (4.60.1)
Requirement already satisfied: kiwisolver>=1.3.1 in /projects/e32998/env/lib/python3.12/site-packages (from matplotlib>=3.5.0->-r requirements.txt (line 12)) (1.4.9)
Requirement already satisfied: packaging>=20.0 in /projects/e32998/env/lib/python3.12/site-packages (from matplotlib>=3.5.0->-r requirements.txt (line 12)) (25.0)
Requirement already satisfied: pyparsing>=3 in /projects/e32998/env/lib/python3.12/site-packages (from matplotlib>=3.5.0->-r requirements.txt (line 12)) (3.2.5)
Requirement already satisfied: alembic>=1.5.0 in /projects/e32998/env/lib/python3.12/site-packages (from optuna>=3.0.0->-r requirements.txt (line 16)) (1.18.3)
Requirement already satisfied: colorlog in /projects/e32998/env/lib/python3.12/site-packages (from optuna>=3.0.0->-r requirements.txt (line 16)) (6.10.1)
Requirement already satisfied: sqlalchemy>=1.4.2 in /projects/e32998/env/lib/python3.12/site-packages (from optuna>=3.0.0->-r requirements.txt (line 16)) (2.0.46)
Requirement already satisfied: PyYAML in /projects/e32998/env/lib/python3.12/site-packages (from optuna>=3.0.0->-r requirements.txt (line 16)) (6.0.3)
Requirement already satisfied: Mako in /projects/e32998/env/lib/python3.12/site-packages (from alembic>=1.5.0->optuna>=3.0.0->-r requirements.txt (line 16)) (1.3.10)
Requirement already satisfied: six>=1.5 in /projects/e32998/env/lib/python3.12/site-packages (from python-dateutil>=2.8.2->pandas>=1.3.0->-r requirements.txt (line 5)) (1.17.0)
Requirement already satisfied: greenlet>=1 in /projects/e32998/env/lib/python3.12/site-packages (from sqlalchemy>=1.4.2->optuna>=3.0.0->-r requirements.txt (line 16)) (3.3.1)
Requirement already satisfied: mpmath<1.4,>=1.1.0 in /projects/e32998/env/lib/python3.12/site-packages (from sympy>=1.13.3->torch>=1.9.0->-r requirements.txt (line 2)) (1.3.0)
Requirement already satisfied: MarkupSafe>=2.0 in /projects/e32998/env/lib/python3.12/site-packages (from jinja2->torch>=1.9.0->-r requirements.txt (line 2)) (3.0.3)
Requirement already satisfied: certifi in /projects/e32998/env/lib/python3.12/site-packages (2026.2.25)
Random seed set to 100
Using CPU
Created run directory: ./runs_seed_analysis/20260312_191840_split5_seed100
================================================================================
HIERARCHICAL ATTENTION MIL TRAINING
================================================================================
Arguments: {'labels_csv': 'extra_benign_case_grade_match.csv', 'patches_dir': '/projects/e32998/patches_benign_split', 'runs_dir': './runs_seed_analysis', 'epochs': 30, 'lr': 0.000208, 'batch_size': 1, 'num_workers': 2, 'embed_dim': 512, 'per_slice_cap': 800, 'max_slices_per_stain': 5, 'seed': 100, 'resume': None, 'eval_only': False, 'analyze_attention': False, 'attention_top_n': 5, 'load_splits': './no_train_val_leakage_splits/data_splits_new_05.npz', 'checkpoint_dir': './runs_seed_analysis/20260312_191840_split5_seed100/checkpoints'}
Training config (may be overridden by arguments): {'epochs': 30, 'batch_size': 1, 'learning_rate': 0.000208, 'weight_decay': 0.000305, 'num_workers': 2, 'pin_memory': True, 'random_state': 42, 'class_weights': [2.5285, 1.0], 'dropout': 0.2599, 'use_scheduler': True, 'scheduler_type': 'reduce_on_plateau', 'scheduler_patience': 4, 'scheduler_factor': 0.2139, 'scheduler_min_lr': 1e-06, 'early_stopping': True, 'early_stopping_patience': 8, 'early_stopping_min_delta': 0.001, 'early_stopping_min_epochs': 10, 'use_patch_entropy_regularization': True, 'patch_entropy_lambda': 0.001, 'patch_entropy_mode': 'max', 'patch_entropy_eps': 1e-08, 'normalize_patch_entropy': True}
============================================================
PREPARING DATA
============================================================
Loaded 118 labels
Found 83630 patch files
All 3808 non-standard file names were handled.
Grouped into 383 slices
Mapped 371 slices to classes
Class distribution: {1: 238, 0: 133}

----------------------------------------
SPLITTING DATA
----------------------------------------
Loading existing splits from: ./no_train_val_leakage_splits/data_splits_new_05.npz
Data splits loaded from: ./no_train_val_leakage_splits/data_splits_new_05.npz
Loaded splits - Train: 245, Val: 73, Test: 53
Cases per split: 56 19 18
Paths per split: 51880 14060 14101
No leakage between train & val (cases).
No leakage between train & test (cases).
No leakage between val & test (cases).
No leakage between train & val (paths).
No leakage between train & test (paths).
No leakage between val & test (paths).

Data Summary:
==================================================

Label distribution per split:
label   0   1
split        
test    7  11
train  21  35
val     7  12

Mean patches per stain per case by split:
       h&e_patches  melan_patches  sox10_patches
split                                           
test         405.0          201.1          177.3
train        451.1          261.9          213.5
val          375.8          196.5          167.7

Median patches per stain per case by split:
       h&e_patches  melan_patches  sox10_patches
split                                           
test         326.5          167.5          164.0
train        327.0          192.0          154.0
val          311.0          179.0          138.0

Missing stain proportion:
       h&e_missing  melan_missing  sox10_missing
split                                           
test           0.0          0.000          0.000
train          0.0          0.018          0.018
val            0.0          0.053          0.053

Total cases: 93
Total patches: 80,041
==================================================

Patch count by class for Train:
  Benign (0):     16141 patches
  High-grade (1): 35739 patches

Patch count by class for Validation:
  Benign (0):     4764 patches
  High-grade (1): 9296 patches

Patch count by class for Test:
  Benign (0):     4875 patches
  High-grade (1): 9226 patches

Data Integrity Check for Train:
Stain coverage:
  h&e: 56/56 (100.0%)
  melan: 55/56 (98.2%)
  sox10: 55/56 (98.2%)
Issues found: Case 16: melan missing, Case 16: sox10 missing

Data Integrity Check for Validation:
Stain coverage:
  h&e: 19/19 (100.0%)
  melan: 18/19 (94.7%)
  sox10: 18/19 (94.7%)
Issues found: Case 17: melan missing, Case 21: sox10 missing

Data Integrity Check for Test:
Stain coverage:
  h&e: 18/18 (100.0%)
  melan: 18/18 (100.0%)
  sox10: 18/18 (100.0%)
No issues found
Using existing splits from: ./no_train_val_leakage_splits/data_splits_new_05.npz

============================================================
CREATING DATA LOADERS (POOLED FEATURES)
============================================================
Created data loaders - Train: 56, Val: 19, Test: 18

============================================================
CREATING MODEL
============================================================

Model Summary:
==================================================
Total parameters: 2,493,061
Trainable parameters: 2,493,061
Model size: 9.51 MB
==================================================

============================================================
TRAINING MODEL
============================================================
Starting training from epoch 1 to 30
Device: cpu
Model parameters: 2,493,061
LR scheduler: ReduceLROnPlateau
Patch entropy regularization enabled (lambda=0.001, mode=max, normalize=True) -> maximize entropy (smoother attention)
Early stopping enabled (patience=8, min_delta=0.001, min_epochs=10)

Epoch 1/30 (LR: 2.08e-04)
Train Loss: 1.0338 | Train CE: 1.0347 | Train Patch Entropy: 0.9845 | Val Loss: 0.5456 | Val Acc: 0.6316
Epoch Time: 77.46s
New best validation loss: 0.5456
Checkpoint saved: ./runs_seed_analysis/20260312_191840_split5_seed100/checkpoints/20260312_192001_HierarchicalAttnMIL_epoch1.pth
Best checkpoint updated: ./runs_seed_analysis/20260312_191840_split5_seed100/checkpoints/best.pth

Epoch 2/30 (LR: 2.08e-04)
Train Loss: 0.4834 | Train CE: 0.4843 | Train Patch Entropy: 0.9243 | Val Loss: 0.5566 | Val Acc: 0.6842
Epoch Time: 81.40s
No improvement for 1 epoch(s)
Checkpoint saved: ./runs_seed_analysis/20260312_191840_split5_seed100/checkpoints/20260312_192123_HierarchicalAttnMIL_epoch2.pth

Epoch 3/30 (LR: 2.08e-04)
Train Loss: 0.3267 | Train CE: 0.3276 | Train Patch Entropy: 0.8581 | Val Loss: 0.3790 | Val Acc: 0.8421
Epoch Time: 88.74s
New best validation loss: 0.3790
Checkpoint saved: ./runs_seed_analysis/20260312_191840_split5_seed100/checkpoints/20260312_192252_HierarchicalAttnMIL_epoch3.pth
Best checkpoint updated: ./runs_seed_analysis/20260312_191840_split5_seed100/checkpoints/best.pth

Epoch 4/30 (LR: 2.08e-04)
Train Loss: 0.2389 | Train CE: 0.2398 | Train Patch Entropy: 0.8606 | Val Loss: 0.3340 | Val Acc: 0.8421
Epoch Time: 85.68s
New best validation loss: 0.3340
Checkpoint saved: ./runs_seed_analysis/20260312_191840_split5_seed100/checkpoints/20260312_192418_HierarchicalAttnMIL_epoch4.pth
Best checkpoint updated: ./runs_seed_analysis/20260312_191840_split5_seed100/checkpoints/best.pth

Epoch 5/30 (LR: 2.08e-04)
Train Loss: 0.0756 | Train CE: 0.0764 | Train Patch Entropy: 0.7988 | Val Loss: 0.2801 | Val Acc: 0.8947
Epoch Time: 86.42s
New best validation loss: 0.2801
Checkpoint saved: ./runs_seed_analysis/20260312_191840_split5_seed100/checkpoints/20260312_192544_HierarchicalAttnMIL_epoch5.pth
Best checkpoint updated: ./runs_seed_analysis/20260312_191840_split5_seed100/checkpoints/best.pth

Epoch 6/30 (LR: 2.08e-04)
Train Loss: 0.0378 | Train CE: 0.0386 | Train Patch Entropy: 0.7779 | Val Loss: 0.4883 | Val Acc: 0.8947
Epoch Time: 82.00s
No improvement for 1 epoch(s)
Checkpoint saved: ./runs_seed_analysis/20260312_191840_split5_seed100/checkpoints/20260312_192706_HierarchicalAttnMIL_epoch6.pth

Epoch 7/30 (LR: 2.08e-04)
Train Loss: 0.0149 | Train CE: 0.0157 | Train Patch Entropy: 0.7540 | Val Loss: 0.4299 | Val Acc: 0.8421
Epoch Time: 87.78s
No improvement for 2 epoch(s)
Checkpoint saved: ./runs_seed_analysis/20260312_191840_split5_seed100/checkpoints/20260312_192834_HierarchicalAttnMIL_epoch7.pth

Epoch 8/30 (LR: 2.08e-04)
Train Loss: 0.0050 | Train CE: 0.0057 | Train Patch Entropy: 0.7373 | Val Loss: 0.5949 | Val Acc: 0.7895
Epoch Time: 85.13s
No improvement for 3 epoch(s)
Checkpoint saved: ./runs_seed_analysis/20260312_191840_split5_seed100/checkpoints/20260312_192959_HierarchicalAttnMIL_epoch8.pth

Epoch 9/30 (LR: 2.08e-04)
Train Loss: 0.0953 | Train CE: 0.0961 | Train Patch Entropy: 0.7285 | Val Loss: 0.2569 | Val Acc: 0.8947
Epoch Time: 73.37s
New best validation loss: 0.2569
Checkpoint saved: ./runs_seed_analysis/20260312_191840_split5_seed100/checkpoints/20260312_193112_HierarchicalAttnMIL_epoch9.pth
Best checkpoint updated: ./runs_seed_analysis/20260312_191840_split5_seed100/checkpoints/best.pth

Epoch 10/30 (LR: 2.08e-04)
Train Loss: 0.2345 | Train CE: 0.2353 | Train Patch Entropy: 0.7385 | Val Loss: 0.2726 | Val Acc: 0.8421
Epoch Time: 65.68s
No improvement for 1 epoch(s)
Checkpoint saved: ./runs_seed_analysis/20260312_191840_split5_seed100/checkpoints/20260312_193218_HierarchicalAttnMIL_epoch10.pth

Epoch 11/30 (LR: 2.08e-04)
Train Loss: 0.0968 | Train CE: 0.0976 | Train Patch Entropy: 0.7797 | Val Loss: 0.2025 | Val Acc: 0.8947
Epoch Time: 63.85s
New best validation loss: 0.2025
Checkpoint saved: ./runs_seed_analysis/20260312_191840_split5_seed100/checkpoints/20260312_193322_HierarchicalAttnMIL_epoch11.pth
Best checkpoint updated: ./runs_seed_analysis/20260312_191840_split5_seed100/checkpoints/best.pth

Epoch 12/30 (LR: 2.08e-04)
Train Loss: 0.0792 | Train CE: 0.0799 | Train Patch Entropy: 0.7411 | Val Loss: 0.3294 | Val Acc: 0.8947
Epoch Time: 56.36s
No improvement for 1 epoch(s)
Checkpoint saved: ./runs_seed_analysis/20260312_191840_split5_seed100/checkpoints/20260312_193419_HierarchicalAttnMIL_epoch12.pth

Epoch 13/30 (LR: 2.08e-04)
Train Loss: 0.0358 | Train CE: 0.0366 | Train Patch Entropy: 0.7732 | Val Loss: 0.1699 | Val Acc: 0.9474
Epoch Time: 54.85s
New best validation loss: 0.1699
Checkpoint saved: ./runs_seed_analysis/20260312_191840_split5_seed100/checkpoints/20260312_193513_HierarchicalAttnMIL_epoch13.pth
Best checkpoint updated: ./runs_seed_analysis/20260312_191840_split5_seed100/checkpoints/best.pth

Epoch 14/30 (LR: 2.08e-04)
Train Loss: 0.0288 | Train CE: 0.0296 | Train Patch Entropy: 0.7626 | Val Loss: 0.4934 | Val Acc: 0.8947
Epoch Time: 53.23s
No improvement for 1 epoch(s)
Checkpoint saved: ./runs_seed_analysis/20260312_191840_split5_seed100/checkpoints/20260312_193607_HierarchicalAttnMIL_epoch14.pth

Epoch 15/30 (LR: 2.08e-04)
Train Loss: 0.0050 | Train CE: 0.0058 | Train Patch Entropy: 0.7403 | Val Loss: 0.2730 | Val Acc: 0.8947
Epoch Time: 51.30s
No improvement for 2 epoch(s)
Checkpoint saved: ./runs_seed_analysis/20260312_191840_split5_seed100/checkpoints/20260312_193658_HierarchicalAttnMIL_epoch15.pth

Epoch 16/30 (LR: 2.08e-04)
Train Loss: 0.0005 | Train CE: 0.0013 | Train Patch Entropy: 0.7487 | Val Loss: 0.2559 | Val Acc: 0.8947
Epoch Time: 54.92s
No improvement for 3 epoch(s)
Checkpoint saved: ./runs_seed_analysis/20260312_191840_split5_seed100/checkpoints/20260312_193753_HierarchicalAttnMIL_epoch16.pth

Epoch 17/30 (LR: 2.08e-04)
Train Loss: -0.0006 | Train CE: 0.0002 | Train Patch Entropy: 0.7444 | Val Loss: 0.2603 | Val Acc: 0.8947
Epoch Time: 50.78s
No improvement for 4 epoch(s)
Checkpoint saved: ./runs_seed_analysis/20260312_191840_split5_seed100/checkpoints/20260312_193844_HierarchicalAttnMIL_epoch17.pth

Epoch 18/30 (LR: 2.08e-04)
Train Loss: -0.0001 | Train CE: 0.0006 | Train Patch Entropy: 0.7434 | Val Loss: 0.2342 | Val Acc: 0.8947
Epoch Time: 52.70s
No improvement for 5 epoch(s)
Checkpoint saved: ./runs_seed_analysis/20260312_191840_split5_seed100/checkpoints/20260312_193937_HierarchicalAttnMIL_epoch18.pth

Epoch 19/30 (LR: 4.45e-05)
Train Loss: -0.0002 | Train CE: 0.0005 | Train Patch Entropy: 0.7420 | Val Loss: 0.2308 | Val Acc: 0.8947
Epoch Time: 54.33s
No improvement for 6 epoch(s)
Checkpoint saved: ./runs_seed_analysis/20260312_191840_split5_seed100/checkpoints/20260312_194031_HierarchicalAttnMIL_epoch19.pth

Epoch 20/30 (LR: 4.45e-05)
Train Loss: -0.0005 | Train CE: 0.0003 | Train Patch Entropy: 0.7409 | Val Loss: 0.2277 | Val Acc: 0.8947
Epoch Time: 52.53s
No improvement for 7 epoch(s)
Checkpoint saved: ./runs_seed_analysis/20260312_191840_split5_seed100/checkpoints/20260312_194124_HierarchicalAttnMIL_epoch20.pth

Epoch 21/30 (LR: 4.45e-05)
Train Loss: 0.0002 | Train CE: 0.0009 | Train Patch Entropy: 0.7457 | Val Loss: 0.2216 | Val Acc: 0.8947
Epoch Time: 49.13s
No improvement for 8 epoch(s)
Checkpoint saved: ./runs_seed_analysis/20260312_191840_split5_seed100/checkpoints/20260312_194213_HierarchicalAttnMIL_epoch21.pth

Early stopping triggered at epoch 21. Best val loss: 0.1699

Training completed!

============================================================
EVALUATING MODEL
============================================================

Test Results:
  Test Loss: 1.3879
  Test Acc:  0.6667
  Test HG Recall: 0.7273
  Test B Recall:  0.5714
  Samples:   18
Loss versus epoch plot saved to: ./runs_seed_analysis/20260312_191840_split5_seed100/model_loss.png
Predictions saved to: ./runs_seed_analysis/20260312_191840_split5_seed100/predictions.csv
Deviation plot saved to: ./runs_seed_analysis/20260312_191840_split5_seed100/deviation_plot.png
Confusion matrix saved to: ./runs_seed_analysis/20260312_191840_split5_seed100/confusion_matrix.png

Results saved to: ./runs_seed_analysis/20260312_191840_split5_seed100

Total execution time: 1425.23s (0.40 hours)
Training completed successfully!
