Job ID: 2698944
Start time: Thu Mar 12 19:18:29 CDT 2026
Requirement already satisfied: torch>=1.9.0 in /projects/e32998/env/lib/python3.12/site-packages (from -r requirements.txt (line 2)) (2.9.0)
Requirement already satisfied: torchvision>=0.10.0 in /projects/e32998/env/lib/python3.12/site-packages (from -r requirements.txt (line 3)) (0.24.0)
Requirement already satisfied: numpy>=1.21.0 in /projects/e32998/env/lib/python3.12/site-packages (from -r requirements.txt (line 4)) (2.3.4)
Requirement already satisfied: pandas>=1.3.0 in /projects/e32998/env/lib/python3.12/site-packages (from -r requirements.txt (line 5)) (2.3.3)
Requirement already satisfied: scikit-learn>=1.8.0 in /projects/e32998/env/lib/python3.12/site-packages (from -r requirements.txt (line 7)) (1.8.0)
Requirement already satisfied: Pillow>=8.3.0 in /projects/e32998/env/lib/python3.12/site-packages (from -r requirements.txt (line 8)) (12.0.0)
Requirement already satisfied: tqdm>=4.62.0 in /projects/e32998/env/lib/python3.12/site-packages (from -r requirements.txt (line 9)) (4.67.1)
Requirement already satisfied: matplotlib>=3.5.0 in /projects/e32998/env/lib/python3.12/site-packages (from -r requirements.txt (line 12)) (3.10.7)
Requirement already satisfied: seaborn>=0.11.0 in /projects/e32998/env/lib/python3.12/site-packages (from -r requirements.txt (line 13)) (0.13.2)
Requirement already satisfied: optuna>=3.0.0 in /projects/e32998/env/lib/python3.12/site-packages (from -r requirements.txt (line 16)) (4.7.0)
Requirement already satisfied: psutil>=5.8.0 in /projects/e32998/env/lib/python3.12/site-packages (from -r requirements.txt (line 19)) (7.1.2)
Requirement already satisfied: imbalanced-learn>=0.8.0 in /projects/e32998/env/lib/python3.12/site-packages (from -r requirements.txt (line 22)) (0.14.0)
Requirement already satisfied: filelock in /projects/e32998/env/lib/python3.12/site-packages (from torch>=1.9.0->-r requirements.txt (line 2)) (3.20.0)
Requirement already satisfied: typing-extensions>=4.10.0 in /projects/e32998/env/lib/python3.12/site-packages (from torch>=1.9.0->-r requirements.txt (line 2)) (4.15.0)
Requirement already satisfied: setuptools in /projects/e32998/env/lib/python3.12/site-packages (from torch>=1.9.0->-r requirements.txt (line 2)) (80.9.0)
Requirement already satisfied: sympy>=1.13.3 in /projects/e32998/env/lib/python3.12/site-packages (from torch>=1.9.0->-r requirements.txt (line 2)) (1.14.0)
Requirement already satisfied: networkx>=2.5.1 in /projects/e32998/env/lib/python3.12/site-packages (from torch>=1.9.0->-r requirements.txt (line 2)) (3.5)
Requirement already satisfied: jinja2 in /projects/e32998/env/lib/python3.12/site-packages (from torch>=1.9.0->-r requirements.txt (line 2)) (3.1.6)
Requirement already satisfied: fsspec>=0.8.5 in /projects/e32998/env/lib/python3.12/site-packages (from torch>=1.9.0->-r requirements.txt (line 2)) (2025.9.0)
Requirement already satisfied: nvidia-cuda-nvrtc-cu12==12.8.93 in /projects/e32998/env/lib/python3.12/site-packages (from torch>=1.9.0->-r requirements.txt (line 2)) (12.8.93)
Requirement already satisfied: nvidia-cuda-runtime-cu12==12.8.90 in /projects/e32998/env/lib/python3.12/site-packages (from torch>=1.9.0->-r requirements.txt (line 2)) (12.8.90)
Requirement already satisfied: nvidia-cuda-cupti-cu12==12.8.90 in /projects/e32998/env/lib/python3.12/site-packages (from torch>=1.9.0->-r requirements.txt (line 2)) (12.8.90)
Requirement already satisfied: nvidia-cudnn-cu12==9.10.2.21 in /projects/e32998/env/lib/python3.12/site-packages (from torch>=1.9.0->-r requirements.txt (line 2)) (9.10.2.21)
Requirement already satisfied: nvidia-cublas-cu12==12.8.4.1 in /projects/e32998/env/lib/python3.12/site-packages (from torch>=1.9.0->-r requirements.txt (line 2)) (12.8.4.1)
Requirement already satisfied: nvidia-cufft-cu12==11.3.3.83 in /projects/e32998/env/lib/python3.12/site-packages (from torch>=1.9.0->-r requirements.txt (line 2)) (11.3.3.83)
Requirement already satisfied: nvidia-curand-cu12==10.3.9.90 in /projects/e32998/env/lib/python3.12/site-packages (from torch>=1.9.0->-r requirements.txt (line 2)) (10.3.9.90)
Requirement already satisfied: nvidia-cusolver-cu12==11.7.3.90 in /projects/e32998/env/lib/python3.12/site-packages (from torch>=1.9.0->-r requirements.txt (line 2)) (11.7.3.90)
Requirement already satisfied: nvidia-cusparse-cu12==12.5.8.93 in /projects/e32998/env/lib/python3.12/site-packages (from torch>=1.9.0->-r requirements.txt (line 2)) (12.5.8.93)
Requirement already satisfied: nvidia-cusparselt-cu12==0.7.1 in /projects/e32998/env/lib/python3.12/site-packages (from torch>=1.9.0->-r requirements.txt (line 2)) (0.7.1)
Requirement already satisfied: nvidia-nccl-cu12==2.27.5 in /projects/e32998/env/lib/python3.12/site-packages (from torch>=1.9.0->-r requirements.txt (line 2)) (2.27.5)
Requirement already satisfied: nvidia-nvshmem-cu12==3.3.20 in /projects/e32998/env/lib/python3.12/site-packages (from torch>=1.9.0->-r requirements.txt (line 2)) (3.3.20)
Requirement already satisfied: nvidia-nvtx-cu12==12.8.90 in /projects/e32998/env/lib/python3.12/site-packages (from torch>=1.9.0->-r requirements.txt (line 2)) (12.8.90)
Requirement already satisfied: nvidia-nvjitlink-cu12==12.8.93 in /projects/e32998/env/lib/python3.12/site-packages (from torch>=1.9.0->-r requirements.txt (line 2)) (12.8.93)
Requirement already satisfied: nvidia-cufile-cu12==1.13.1.3 in /projects/e32998/env/lib/python3.12/site-packages (from torch>=1.9.0->-r requirements.txt (line 2)) (1.13.1.3)
Requirement already satisfied: triton==3.5.0 in /projects/e32998/env/lib/python3.12/site-packages (from torch>=1.9.0->-r requirements.txt (line 2)) (3.5.0)
Requirement already satisfied: python-dateutil>=2.8.2 in /projects/e32998/env/lib/python3.12/site-packages (from pandas>=1.3.0->-r requirements.txt (line 5)) (2.9.0.post0)
Requirement already satisfied: pytz>=2020.1 in /projects/e32998/env/lib/python3.12/site-packages (from pandas>=1.3.0->-r requirements.txt (line 5)) (2025.2)
Requirement already satisfied: tzdata>=2022.7 in /projects/e32998/env/lib/python3.12/site-packages (from pandas>=1.3.0->-r requirements.txt (line 5)) (2025.2)
Requirement already satisfied: scipy>=1.10.0 in /projects/e32998/env/lib/python3.12/site-packages (from scikit-learn>=1.8.0->-r requirements.txt (line 7)) (1.16.3)
Requirement already satisfied: joblib>=1.3.0 in /projects/e32998/env/lib/python3.12/site-packages (from scikit-learn>=1.8.0->-r requirements.txt (line 7)) (1.5.2)
Requirement already satisfied: threadpoolctl>=3.2.0 in /projects/e32998/env/lib/python3.12/site-packages (from scikit-learn>=1.8.0->-r requirements.txt (line 7)) (3.6.0)
Requirement already satisfied: contourpy>=1.0.1 in /projects/e32998/env/lib/python3.12/site-packages (from matplotlib>=3.5.0->-r requirements.txt (line 12)) (1.3.3)
Requirement already satisfied: cycler>=0.10 in /projects/e32998/env/lib/python3.12/site-packages (from matplotlib>=3.5.0->-r requirements.txt (line 12)) (0.12.1)
Requirement already satisfied: fonttools>=4.22.0 in /projects/e32998/env/lib/python3.12/site-packages (from matplotlib>=3.5.0->-r requirements.txt (line 12)) (4.60.1)
Requirement already satisfied: kiwisolver>=1.3.1 in /projects/e32998/env/lib/python3.12/site-packages (from matplotlib>=3.5.0->-r requirements.txt (line 12)) (1.4.9)
Requirement already satisfied: packaging>=20.0 in /projects/e32998/env/lib/python3.12/site-packages (from matplotlib>=3.5.0->-r requirements.txt (line 12)) (25.0)
Requirement already satisfied: pyparsing>=3 in /projects/e32998/env/lib/python3.12/site-packages (from matplotlib>=3.5.0->-r requirements.txt (line 12)) (3.2.5)
Requirement already satisfied: alembic>=1.5.0 in /projects/e32998/env/lib/python3.12/site-packages (from optuna>=3.0.0->-r requirements.txt (line 16)) (1.18.3)
Requirement already satisfied: colorlog in /projects/e32998/env/lib/python3.12/site-packages (from optuna>=3.0.0->-r requirements.txt (line 16)) (6.10.1)
Requirement already satisfied: sqlalchemy>=1.4.2 in /projects/e32998/env/lib/python3.12/site-packages (from optuna>=3.0.0->-r requirements.txt (line 16)) (2.0.46)
Requirement already satisfied: PyYAML in /projects/e32998/env/lib/python3.12/site-packages (from optuna>=3.0.0->-r requirements.txt (line 16)) (6.0.3)
Requirement already satisfied: Mako in /projects/e32998/env/lib/python3.12/site-packages (from alembic>=1.5.0->optuna>=3.0.0->-r requirements.txt (line 16)) (1.3.10)
Requirement already satisfied: six>=1.5 in /projects/e32998/env/lib/python3.12/site-packages (from python-dateutil>=2.8.2->pandas>=1.3.0->-r requirements.txt (line 5)) (1.17.0)
Requirement already satisfied: greenlet>=1 in /projects/e32998/env/lib/python3.12/site-packages (from sqlalchemy>=1.4.2->optuna>=3.0.0->-r requirements.txt (line 16)) (3.3.1)
Requirement already satisfied: mpmath<1.4,>=1.1.0 in /projects/e32998/env/lib/python3.12/site-packages (from sympy>=1.13.3->torch>=1.9.0->-r requirements.txt (line 2)) (1.3.0)
Requirement already satisfied: MarkupSafe>=2.0 in /projects/e32998/env/lib/python3.12/site-packages (from jinja2->torch>=1.9.0->-r requirements.txt (line 2)) (3.0.3)
Requirement already satisfied: certifi in /projects/e32998/env/lib/python3.12/site-packages (2026.2.25)
Random seed set to 64
Using CPU
Created run directory: ./runs_seed_analysis/20260312_191840_split2_seed64
================================================================================
HIERARCHICAL ATTENTION MIL TRAINING
================================================================================
Arguments: {'labels_csv': 'extra_benign_case_grade_match.csv', 'patches_dir': '/projects/e32998/patches_benign_split', 'runs_dir': './runs_seed_analysis', 'epochs': 30, 'lr': 0.000208, 'batch_size': 1, 'num_workers': 2, 'embed_dim': 512, 'per_slice_cap': 800, 'max_slices_per_stain': 5, 'seed': 64, 'resume': None, 'eval_only': False, 'analyze_attention': False, 'attention_top_n': 5, 'load_splits': './no_train_val_leakage_splits/data_splits_new_02.npz', 'checkpoint_dir': './runs_seed_analysis/20260312_191840_split2_seed64/checkpoints'}
Training config (may be overridden by arguments): {'epochs': 30, 'batch_size': 1, 'learning_rate': 0.000208, 'weight_decay': 0.000305, 'num_workers': 2, 'pin_memory': True, 'random_state': 42, 'class_weights': [2.5285, 1.0], 'dropout': 0.2599, 'use_scheduler': True, 'scheduler_type': 'reduce_on_plateau', 'scheduler_patience': 4, 'scheduler_factor': 0.2139, 'scheduler_min_lr': 1e-06, 'early_stopping': True, 'early_stopping_patience': 8, 'early_stopping_min_delta': 0.001, 'early_stopping_min_epochs': 10, 'use_patch_entropy_regularization': True, 'patch_entropy_lambda': 0.001, 'patch_entropy_mode': 'max', 'patch_entropy_eps': 1e-08, 'normalize_patch_entropy': True}
============================================================
PREPARING DATA
============================================================
Loaded 118 labels
Found 83630 patch files
All 3808 non-standard file names were handled.
Grouped into 383 slices
Mapped 371 slices to classes
Class distribution: {1: 238, 0: 133}

----------------------------------------
SPLITTING DATA
----------------------------------------
Loading existing splits from: ./no_train_val_leakage_splits/data_splits_new_02.npz
Data splits loaded from: ./no_train_val_leakage_splits/data_splits_new_02.npz
Loaded splits - Train: 233, Val: 71, Test: 67
Cases per split: 56 18 19
Paths per split: 50430 14130 15481
No leakage between train & val (cases).
No leakage between train & test (cases).
No leakage between val & test (cases).
No leakage between train & val (paths).
No leakage between train & test (paths).
No leakage between val & test (paths).

Data Summary:
==================================================

Label distribution per split:
label   0   1
split        
test    7  12
train  21  35
val     7  11

Mean patches per stain per case by split:
       h&e_patches  melan_patches  sox10_patches
split                                           
test         387.2          242.0          185.6
train        447.4          245.8          207.4
val          404.4          203.2          177.3

Median patches per stain per case by split:
       h&e_patches  melan_patches  sox10_patches
split                                           
test         328.0          192.0          128.0
train        327.5          184.5          159.5
val          306.0          174.0          148.0

Missing stain proportion:
       h&e_missing  melan_missing  sox10_missing
split                                           
test           0.0          0.053          0.053
train          0.0          0.018          0.018
val            0.0          0.000          0.000

Total cases: 93
Total patches: 80,041
==================================================

Patch count by class for Train:
  Benign (0):     15000 patches
  High-grade (1): 35430 patches

Patch count by class for Validation:
  Benign (0):     4571 patches
  High-grade (1): 9559 patches

Patch count by class for Test:
  Benign (0):     6209 patches
  High-grade (1): 9272 patches

Data Integrity Check for Train:
Stain coverage:
  h&e: 56/56 (100.0%)
  melan: 55/56 (98.2%)
  sox10: 55/56 (98.2%)
Issues found: Case 17: melan missing, Case 21: sox10 missing

Data Integrity Check for Validation:
Stain coverage:
  h&e: 18/18 (100.0%)
  melan: 18/18 (100.0%)
  sox10: 18/18 (100.0%)
No issues found

Data Integrity Check for Test:
Stain coverage:
  h&e: 19/19 (100.0%)
  melan: 18/19 (94.7%)
  sox10: 18/19 (94.7%)
Issues found: Case 16: melan missing, Case 16: sox10 missing
Using existing splits from: ./no_train_val_leakage_splits/data_splits_new_02.npz

============================================================
CREATING DATA LOADERS (POOLED FEATURES)
============================================================
Created data loaders - Train: 56, Val: 18, Test: 19

============================================================
CREATING MODEL
============================================================

Model Summary:
==================================================
Total parameters: 2,493,061
Trainable parameters: 2,493,061
Model size: 9.51 MB
==================================================

============================================================
TRAINING MODEL
============================================================
Starting training from epoch 1 to 30
Device: cpu
Model parameters: 2,493,061
LR scheduler: ReduceLROnPlateau
Patch entropy regularization enabled (lambda=0.001, mode=max, normalize=True) -> maximize entropy (smoother attention)
Early stopping enabled (patience=8, min_delta=0.001, min_epochs=10)

Epoch 1/30 (LR: 2.08e-04)
Train Loss: 0.7424 | Train CE: 0.7434 | Train Patch Entropy: 0.9888 | Val Loss: 0.4266 | Val Acc: 0.8333
Epoch Time: 72.92s
New best validation loss: 0.4266
Checkpoint saved: ./runs_seed_analysis/20260312_191840_split2_seed64/checkpoints/20260312_191956_HierarchicalAttnMIL_epoch1.pth
Best checkpoint updated: ./runs_seed_analysis/20260312_191840_split2_seed64/checkpoints/best.pth

Epoch 2/30 (LR: 2.08e-04)
Train Loss: 0.2758 | Train CE: 0.2768 | Train Patch Entropy: 0.9563 | Val Loss: 0.4410 | Val Acc: 0.8333
Epoch Time: 73.65s
No improvement for 1 epoch(s)
Checkpoint saved: ./runs_seed_analysis/20260312_191840_split2_seed64/checkpoints/20260312_192110_HierarchicalAttnMIL_epoch2.pth

Epoch 3/30 (LR: 2.08e-04)
Train Loss: 0.1610 | Train CE: 0.1619 | Train Patch Entropy: 0.9118 | Val Loss: 0.6257 | Val Acc: 0.7778
Epoch Time: 75.65s
No improvement for 2 epoch(s)
Checkpoint saved: ./runs_seed_analysis/20260312_191840_split2_seed64/checkpoints/20260312_192226_HierarchicalAttnMIL_epoch3.pth

Epoch 4/30 (LR: 2.08e-04)
Train Loss: 0.1242 | Train CE: 0.1251 | Train Patch Entropy: 0.9129 | Val Loss: 0.5868 | Val Acc: 0.8333
Epoch Time: 78.78s
No improvement for 3 epoch(s)
Checkpoint saved: ./runs_seed_analysis/20260312_191840_split2_seed64/checkpoints/20260312_192344_HierarchicalAttnMIL_epoch4.pth

Epoch 5/30 (LR: 2.08e-04)
Train Loss: 0.2433 | Train CE: 0.2442 | Train Patch Entropy: 0.9138 | Val Loss: 0.7839 | Val Acc: 0.7778
Epoch Time: 77.75s
No improvement for 4 epoch(s)
Checkpoint saved: ./runs_seed_analysis/20260312_191840_split2_seed64/checkpoints/20260312_192502_HierarchicalAttnMIL_epoch5.pth

Epoch 6/30 (LR: 2.08e-04)
Train Loss: 0.0172 | Train CE: 0.0181 | Train Patch Entropy: 0.9037 | Val Loss: 0.5570 | Val Acc: 0.7778
Epoch Time: 81.58s
No improvement for 5 epoch(s)
Checkpoint saved: ./runs_seed_analysis/20260312_191840_split2_seed64/checkpoints/20260312_192624_HierarchicalAttnMIL_epoch6.pth

Epoch 7/30 (LR: 4.45e-05)
Train Loss: 0.0070 | Train CE: 0.0079 | Train Patch Entropy: 0.9015 | Val Loss: 0.5452 | Val Acc: 0.8333
Epoch Time: 78.63s
No improvement for 6 epoch(s)
Checkpoint saved: ./runs_seed_analysis/20260312_191840_split2_seed64/checkpoints/20260312_192743_HierarchicalAttnMIL_epoch7.pth

Epoch 8/30 (LR: 4.45e-05)
Train Loss: 0.0051 | Train CE: 0.0060 | Train Patch Entropy: 0.9007 | Val Loss: 0.5647 | Val Acc: 0.7778
Epoch Time: 78.45s
No improvement for 7 epoch(s)
Checkpoint saved: ./runs_seed_analysis/20260312_191840_split2_seed64/checkpoints/20260312_192901_HierarchicalAttnMIL_epoch8.pth

Epoch 9/30 (LR: 4.45e-05)
Train Loss: 0.0038 | Train CE: 0.0047 | Train Patch Entropy: 0.9008 | Val Loss: 0.5660 | Val Acc: 0.7778
Epoch Time: 81.54s
No improvement for 8 epoch(s)
Checkpoint saved: ./runs_seed_analysis/20260312_191840_split2_seed64/checkpoints/20260312_193023_HierarchicalAttnMIL_epoch9.pth

Epoch 10/30 (LR: 4.45e-05)
Train Loss: 0.0024 | Train CE: 0.0033 | Train Patch Entropy: 0.9000 | Val Loss: 0.5630 | Val Acc: 0.8333
Epoch Time: 66.02s
No improvement for 9 epoch(s)
Checkpoint saved: ./runs_seed_analysis/20260312_191840_split2_seed64/checkpoints/20260312_193129_HierarchicalAttnMIL_epoch10.pth

Early stopping triggered at epoch 10. Best val loss: 0.4266

Training completed!

============================================================
EVALUATING MODEL
============================================================

Test Results:
  Test Loss: 0.4508
  Test Acc:  0.8947
  Test HG Recall: 1.0000
  Test B Recall:  0.7143
  Samples:   19
Loss versus epoch plot saved to: ./runs_seed_analysis/20260312_191840_split2_seed64/model_loss.png
Predictions saved to: ./runs_seed_analysis/20260312_191840_split2_seed64/predictions.csv
Deviation plot saved to: ./runs_seed_analysis/20260312_191840_split2_seed64/deviation_plot.png
Confusion matrix saved to: ./runs_seed_analysis/20260312_191840_split2_seed64/confusion_matrix.png

Results saved to: ./runs_seed_analysis/20260312_191840_split2_seed64

Total execution time: 790.18s (0.22 hours)
Training completed successfully!
