Job ID: 2698929
Start time: Thu Mar 12 19:18:27 CDT 2026
Requirement already satisfied: torch>=1.9.0 in /projects/e32998/env/lib/python3.12/site-packages (from -r requirements.txt (line 2)) (2.9.0)
Requirement already satisfied: torchvision>=0.10.0 in /projects/e32998/env/lib/python3.12/site-packages (from -r requirements.txt (line 3)) (0.24.0)
Requirement already satisfied: numpy>=1.21.0 in /projects/e32998/env/lib/python3.12/site-packages (from -r requirements.txt (line 4)) (2.3.4)
Requirement already satisfied: pandas>=1.3.0 in /projects/e32998/env/lib/python3.12/site-packages (from -r requirements.txt (line 5)) (2.3.3)
Requirement already satisfied: scikit-learn>=1.8.0 in /projects/e32998/env/lib/python3.12/site-packages (from -r requirements.txt (line 7)) (1.8.0)
Requirement already satisfied: Pillow>=8.3.0 in /projects/e32998/env/lib/python3.12/site-packages (from -r requirements.txt (line 8)) (12.0.0)
Requirement already satisfied: tqdm>=4.62.0 in /projects/e32998/env/lib/python3.12/site-packages (from -r requirements.txt (line 9)) (4.67.1)
Requirement already satisfied: matplotlib>=3.5.0 in /projects/e32998/env/lib/python3.12/site-packages (from -r requirements.txt (line 12)) (3.10.7)
Requirement already satisfied: seaborn>=0.11.0 in /projects/e32998/env/lib/python3.12/site-packages (from -r requirements.txt (line 13)) (0.13.2)
Requirement already satisfied: optuna>=3.0.0 in /projects/e32998/env/lib/python3.12/site-packages (from -r requirements.txt (line 16)) (4.7.0)
Requirement already satisfied: psutil>=5.8.0 in /projects/e32998/env/lib/python3.12/site-packages (from -r requirements.txt (line 19)) (7.1.2)
Requirement already satisfied: imbalanced-learn>=0.8.0 in /projects/e32998/env/lib/python3.12/site-packages (from -r requirements.txt (line 22)) (0.14.0)
Requirement already satisfied: filelock in /projects/e32998/env/lib/python3.12/site-packages (from torch>=1.9.0->-r requirements.txt (line 2)) (3.20.0)
Requirement already satisfied: typing-extensions>=4.10.0 in /projects/e32998/env/lib/python3.12/site-packages (from torch>=1.9.0->-r requirements.txt (line 2)) (4.15.0)
Requirement already satisfied: setuptools in /projects/e32998/env/lib/python3.12/site-packages (from torch>=1.9.0->-r requirements.txt (line 2)) (80.9.0)
Requirement already satisfied: sympy>=1.13.3 in /projects/e32998/env/lib/python3.12/site-packages (from torch>=1.9.0->-r requirements.txt (line 2)) (1.14.0)
Requirement already satisfied: networkx>=2.5.1 in /projects/e32998/env/lib/python3.12/site-packages (from torch>=1.9.0->-r requirements.txt (line 2)) (3.5)
Requirement already satisfied: jinja2 in /projects/e32998/env/lib/python3.12/site-packages (from torch>=1.9.0->-r requirements.txt (line 2)) (3.1.6)
Requirement already satisfied: fsspec>=0.8.5 in /projects/e32998/env/lib/python3.12/site-packages (from torch>=1.9.0->-r requirements.txt (line 2)) (2025.9.0)
Requirement already satisfied: nvidia-cuda-nvrtc-cu12==12.8.93 in /projects/e32998/env/lib/python3.12/site-packages (from torch>=1.9.0->-r requirements.txt (line 2)) (12.8.93)
Requirement already satisfied: nvidia-cuda-runtime-cu12==12.8.90 in /projects/e32998/env/lib/python3.12/site-packages (from torch>=1.9.0->-r requirements.txt (line 2)) (12.8.90)
Requirement already satisfied: nvidia-cuda-cupti-cu12==12.8.90 in /projects/e32998/env/lib/python3.12/site-packages (from torch>=1.9.0->-r requirements.txt (line 2)) (12.8.90)
Requirement already satisfied: nvidia-cudnn-cu12==9.10.2.21 in /projects/e32998/env/lib/python3.12/site-packages (from torch>=1.9.0->-r requirements.txt (line 2)) (9.10.2.21)
Requirement already satisfied: nvidia-cublas-cu12==12.8.4.1 in /projects/e32998/env/lib/python3.12/site-packages (from torch>=1.9.0->-r requirements.txt (line 2)) (12.8.4.1)
Requirement already satisfied: nvidia-cufft-cu12==11.3.3.83 in /projects/e32998/env/lib/python3.12/site-packages (from torch>=1.9.0->-r requirements.txt (line 2)) (11.3.3.83)
Requirement already satisfied: nvidia-curand-cu12==10.3.9.90 in /projects/e32998/env/lib/python3.12/site-packages (from torch>=1.9.0->-r requirements.txt (line 2)) (10.3.9.90)
Requirement already satisfied: nvidia-cusolver-cu12==11.7.3.90 in /projects/e32998/env/lib/python3.12/site-packages (from torch>=1.9.0->-r requirements.txt (line 2)) (11.7.3.90)
Requirement already satisfied: nvidia-cusparse-cu12==12.5.8.93 in /projects/e32998/env/lib/python3.12/site-packages (from torch>=1.9.0->-r requirements.txt (line 2)) (12.5.8.93)
Requirement already satisfied: nvidia-cusparselt-cu12==0.7.1 in /projects/e32998/env/lib/python3.12/site-packages (from torch>=1.9.0->-r requirements.txt (line 2)) (0.7.1)
Requirement already satisfied: nvidia-nccl-cu12==2.27.5 in /projects/e32998/env/lib/python3.12/site-packages (from torch>=1.9.0->-r requirements.txt (line 2)) (2.27.5)
Requirement already satisfied: nvidia-nvshmem-cu12==3.3.20 in /projects/e32998/env/lib/python3.12/site-packages (from torch>=1.9.0->-r requirements.txt (line 2)) (3.3.20)
Requirement already satisfied: nvidia-nvtx-cu12==12.8.90 in /projects/e32998/env/lib/python3.12/site-packages (from torch>=1.9.0->-r requirements.txt (line 2)) (12.8.90)
Requirement already satisfied: nvidia-nvjitlink-cu12==12.8.93 in /projects/e32998/env/lib/python3.12/site-packages (from torch>=1.9.0->-r requirements.txt (line 2)) (12.8.93)
Requirement already satisfied: nvidia-cufile-cu12==1.13.1.3 in /projects/e32998/env/lib/python3.12/site-packages (from torch>=1.9.0->-r requirements.txt (line 2)) (1.13.1.3)
Requirement already satisfied: triton==3.5.0 in /projects/e32998/env/lib/python3.12/site-packages (from torch>=1.9.0->-r requirements.txt (line 2)) (3.5.0)
Requirement already satisfied: python-dateutil>=2.8.2 in /projects/e32998/env/lib/python3.12/site-packages (from pandas>=1.3.0->-r requirements.txt (line 5)) (2.9.0.post0)
Requirement already satisfied: pytz>=2020.1 in /projects/e32998/env/lib/python3.12/site-packages (from pandas>=1.3.0->-r requirements.txt (line 5)) (2025.2)
Requirement already satisfied: tzdata>=2022.7 in /projects/e32998/env/lib/python3.12/site-packages (from pandas>=1.3.0->-r requirements.txt (line 5)) (2025.2)
Requirement already satisfied: scipy>=1.10.0 in /projects/e32998/env/lib/python3.12/site-packages (from scikit-learn>=1.8.0->-r requirements.txt (line 7)) (1.16.3)
Requirement already satisfied: joblib>=1.3.0 in /projects/e32998/env/lib/python3.12/site-packages (from scikit-learn>=1.8.0->-r requirements.txt (line 7)) (1.5.2)
Requirement already satisfied: threadpoolctl>=3.2.0 in /projects/e32998/env/lib/python3.12/site-packages (from scikit-learn>=1.8.0->-r requirements.txt (line 7)) (3.6.0)
Requirement already satisfied: contourpy>=1.0.1 in /projects/e32998/env/lib/python3.12/site-packages (from matplotlib>=3.5.0->-r requirements.txt (line 12)) (1.3.3)
Requirement already satisfied: cycler>=0.10 in /projects/e32998/env/lib/python3.12/site-packages (from matplotlib>=3.5.0->-r requirements.txt (line 12)) (0.12.1)
Requirement already satisfied: fonttools>=4.22.0 in /projects/e32998/env/lib/python3.12/site-packages (from matplotlib>=3.5.0->-r requirements.txt (line 12)) (4.60.1)
Requirement already satisfied: kiwisolver>=1.3.1 in /projects/e32998/env/lib/python3.12/site-packages (from matplotlib>=3.5.0->-r requirements.txt (line 12)) (1.4.9)
Requirement already satisfied: packaging>=20.0 in /projects/e32998/env/lib/python3.12/site-packages (from matplotlib>=3.5.0->-r requirements.txt (line 12)) (25.0)
Requirement already satisfied: pyparsing>=3 in /projects/e32998/env/lib/python3.12/site-packages (from matplotlib>=3.5.0->-r requirements.txt (line 12)) (3.2.5)
Requirement already satisfied: alembic>=1.5.0 in /projects/e32998/env/lib/python3.12/site-packages (from optuna>=3.0.0->-r requirements.txt (line 16)) (1.18.3)
Requirement already satisfied: colorlog in /projects/e32998/env/lib/python3.12/site-packages (from optuna>=3.0.0->-r requirements.txt (line 16)) (6.10.1)
Requirement already satisfied: sqlalchemy>=1.4.2 in /projects/e32998/env/lib/python3.12/site-packages (from optuna>=3.0.0->-r requirements.txt (line 16)) (2.0.46)
Requirement already satisfied: PyYAML in /projects/e32998/env/lib/python3.12/site-packages (from optuna>=3.0.0->-r requirements.txt (line 16)) (6.0.3)
Requirement already satisfied: Mako in /projects/e32998/env/lib/python3.12/site-packages (from alembic>=1.5.0->optuna>=3.0.0->-r requirements.txt (line 16)) (1.3.10)
Requirement already satisfied: six>=1.5 in /projects/e32998/env/lib/python3.12/site-packages (from python-dateutil>=2.8.2->pandas>=1.3.0->-r requirements.txt (line 5)) (1.17.0)
Requirement already satisfied: greenlet>=1 in /projects/e32998/env/lib/python3.12/site-packages (from sqlalchemy>=1.4.2->optuna>=3.0.0->-r requirements.txt (line 16)) (3.3.1)
Requirement already satisfied: mpmath<1.4,>=1.1.0 in /projects/e32998/env/lib/python3.12/site-packages (from sympy>=1.13.3->torch>=1.9.0->-r requirements.txt (line 2)) (1.3.0)
Requirement already satisfied: MarkupSafe>=2.0 in /projects/e32998/env/lib/python3.12/site-packages (from jinja2->torch>=1.9.0->-r requirements.txt (line 2)) (3.0.3)
Requirement already satisfied: certifi in /projects/e32998/env/lib/python3.12/site-packages (2026.2.25)
Random seed set to 25
Using CPU
Created run directory: ./runs_seed_analysis/20260312_191835_split2_seed25
================================================================================
HIERARCHICAL ATTENTION MIL TRAINING
================================================================================
Arguments: {'labels_csv': 'extra_benign_case_grade_match.csv', 'patches_dir': '/projects/e32998/patches_benign_split', 'runs_dir': './runs_seed_analysis', 'epochs': 30, 'lr': 0.000208, 'batch_size': 1, 'num_workers': 2, 'embed_dim': 512, 'per_slice_cap': 800, 'max_slices_per_stain': 5, 'seed': 25, 'resume': None, 'eval_only': False, 'analyze_attention': False, 'attention_top_n': 5, 'load_splits': './no_train_val_leakage_splits/data_splits_new_02.npz', 'checkpoint_dir': './runs_seed_analysis/20260312_191835_split2_seed25/checkpoints'}
Training config (may be overridden by arguments): {'epochs': 30, 'batch_size': 1, 'learning_rate': 0.000208, 'weight_decay': 0.000305, 'num_workers': 2, 'pin_memory': True, 'random_state': 42, 'class_weights': [2.5285, 1.0], 'dropout': 0.2599, 'use_scheduler': True, 'scheduler_type': 'reduce_on_plateau', 'scheduler_patience': 4, 'scheduler_factor': 0.2139, 'scheduler_min_lr': 1e-06, 'early_stopping': True, 'early_stopping_patience': 8, 'early_stopping_min_delta': 0.001, 'early_stopping_min_epochs': 10, 'use_patch_entropy_regularization': True, 'patch_entropy_lambda': 0.001, 'patch_entropy_mode': 'max', 'patch_entropy_eps': 1e-08, 'normalize_patch_entropy': True}
============================================================
PREPARING DATA
============================================================
Loaded 118 labels
Found 83630 patch files
All 3808 non-standard file names were handled.
Grouped into 383 slices
Mapped 371 slices to classes
Class distribution: {1: 238, 0: 133}

----------------------------------------
SPLITTING DATA
----------------------------------------
Loading existing splits from: ./no_train_val_leakage_splits/data_splits_new_02.npz
Data splits loaded from: ./no_train_val_leakage_splits/data_splits_new_02.npz
Loaded splits - Train: 233, Val: 71, Test: 67
Cases per split: 56 18 19
Paths per split: 50430 14130 15481
No leakage between train & val (cases).
No leakage between train & test (cases).
No leakage between val & test (cases).
No leakage between train & val (paths).
No leakage between train & test (paths).
No leakage between val & test (paths).

Data Summary:
==================================================

Label distribution per split:
label   0   1
split        
test    7  12
train  21  35
val     7  11

Mean patches per stain per case by split:
       h&e_patches  melan_patches  sox10_patches
split                                           
test         387.2          242.0          185.6
train        447.4          245.8          207.4
val          404.4          203.2          177.3

Median patches per stain per case by split:
       h&e_patches  melan_patches  sox10_patches
split                                           
test         328.0          192.0          128.0
train        327.5          184.5          159.5
val          306.0          174.0          148.0

Missing stain proportion:
       h&e_missing  melan_missing  sox10_missing
split                                           
test           0.0          0.053          0.053
train          0.0          0.018          0.018
val            0.0          0.000          0.000

Total cases: 93
Total patches: 80,041
==================================================

Patch count by class for Train:
  Benign (0):     15000 patches
  High-grade (1): 35430 patches

Patch count by class for Validation:
  Benign (0):     4571 patches
  High-grade (1): 9559 patches

Patch count by class for Test:
  Benign (0):     6209 patches
  High-grade (1): 9272 patches

Data Integrity Check for Train:
Stain coverage:
  h&e: 56/56 (100.0%)
  melan: 55/56 (98.2%)
  sox10: 55/56 (98.2%)
Issues found: Case 17: melan missing, Case 21: sox10 missing

Data Integrity Check for Validation:
Stain coverage:
  h&e: 18/18 (100.0%)
  melan: 18/18 (100.0%)
  sox10: 18/18 (100.0%)
No issues found

Data Integrity Check for Test:
Stain coverage:
  h&e: 19/19 (100.0%)
  melan: 18/19 (94.7%)
  sox10: 18/19 (94.7%)
Issues found: Case 16: melan missing, Case 16: sox10 missing
Using existing splits from: ./no_train_val_leakage_splits/data_splits_new_02.npz

============================================================
CREATING DATA LOADERS (POOLED FEATURES)
============================================================
Created data loaders - Train: 56, Val: 18, Test: 19

============================================================
CREATING MODEL
============================================================

Model Summary:
==================================================
Total parameters: 2,493,061
Trainable parameters: 2,493,061
Model size: 9.51 MB
==================================================

============================================================
TRAINING MODEL
============================================================
Starting training from epoch 1 to 30
Device: cpu
Model parameters: 2,493,061
LR scheduler: ReduceLROnPlateau
Patch entropy regularization enabled (lambda=0.001, mode=max, normalize=True) -> maximize entropy (smoother attention)
Early stopping enabled (patience=8, min_delta=0.001, min_epochs=10)

Epoch 1/30 (LR: 2.08e-04)
Train Loss: 0.8314 | Train CE: 0.8324 | Train Patch Entropy: 0.9927 | Val Loss: 0.3505 | Val Acc: 0.8889
Epoch Time: 64.03s
New best validation loss: 0.3505
Checkpoint saved: ./runs_seed_analysis/20260312_191835_split2_seed25/checkpoints/20260312_191942_HierarchicalAttnMIL_epoch1.pth
Best checkpoint updated: ./runs_seed_analysis/20260312_191835_split2_seed25/checkpoints/best.pth

Epoch 2/30 (LR: 2.08e-04)
Train Loss: 0.3090 | Train CE: 0.3099 | Train Patch Entropy: 0.9471 | Val Loss: 0.3138 | Val Acc: 0.8333
Epoch Time: 67.30s
New best validation loss: 0.3138
Checkpoint saved: ./runs_seed_analysis/20260312_191835_split2_seed25/checkpoints/20260312_192050_HierarchicalAttnMIL_epoch2.pth
Best checkpoint updated: ./runs_seed_analysis/20260312_191835_split2_seed25/checkpoints/best.pth

Epoch 3/30 (LR: 2.08e-04)
Train Loss: 0.0976 | Train CE: 0.0985 | Train Patch Entropy: 0.9640 | Val Loss: 0.5829 | Val Acc: 0.8333
Epoch Time: 65.15s
No improvement for 1 epoch(s)
Checkpoint saved: ./runs_seed_analysis/20260312_191835_split2_seed25/checkpoints/20260312_192155_HierarchicalAttnMIL_epoch3.pth

Epoch 4/30 (LR: 2.08e-04)
Train Loss: 0.0552 | Train CE: 0.0561 | Train Patch Entropy: 0.9453 | Val Loss: 0.3773 | Val Acc: 0.7778
Epoch Time: 65.56s
No improvement for 2 epoch(s)
Checkpoint saved: ./runs_seed_analysis/20260312_191835_split2_seed25/checkpoints/20260312_192300_HierarchicalAttnMIL_epoch4.pth

Epoch 5/30 (LR: 2.08e-04)
Train Loss: 0.0061 | Train CE: 0.0070 | Train Patch Entropy: 0.9218 | Val Loss: 0.4779 | Val Acc: 0.8333
Epoch Time: 62.58s
No improvement for 3 epoch(s)
Checkpoint saved: ./runs_seed_analysis/20260312_191835_split2_seed25/checkpoints/20260312_192403_HierarchicalAttnMIL_epoch5.pth

Epoch 6/30 (LR: 2.08e-04)
Train Loss: 0.0956 | Train CE: 0.0965 | Train Patch Entropy: 0.8989 | Val Loss: 0.3605 | Val Acc: 0.8889
Epoch Time: 67.24s
No improvement for 4 epoch(s)
Checkpoint saved: ./runs_seed_analysis/20260312_191835_split2_seed25/checkpoints/20260312_192510_HierarchicalAttnMIL_epoch6.pth

Epoch 7/30 (LR: 2.08e-04)
Train Loss: 0.0524 | Train CE: 0.0533 | Train Patch Entropy: 0.9406 | Val Loss: 0.8673 | Val Acc: 0.8333
Epoch Time: 62.43s
No improvement for 5 epoch(s)
Checkpoint saved: ./runs_seed_analysis/20260312_191835_split2_seed25/checkpoints/20260312_192613_HierarchicalAttnMIL_epoch7.pth

Epoch 8/30 (LR: 4.45e-05)
Train Loss: 0.1933 | Train CE: 0.1943 | Train Patch Entropy: 0.9402 | Val Loss: 0.3261 | Val Acc: 0.8333
Epoch Time: 68.35s
No improvement for 6 epoch(s)
Checkpoint saved: ./runs_seed_analysis/20260312_191835_split2_seed25/checkpoints/20260312_192721_HierarchicalAttnMIL_epoch8.pth

Epoch 9/30 (LR: 4.45e-05)
Train Loss: 0.0481 | Train CE: 0.0491 | Train Patch Entropy: 0.9472 | Val Loss: 0.2543 | Val Acc: 0.8889
Epoch Time: 62.92s
New best validation loss: 0.2543
Checkpoint saved: ./runs_seed_analysis/20260312_191835_split2_seed25/checkpoints/20260312_192824_HierarchicalAttnMIL_epoch9.pth
Best checkpoint updated: ./runs_seed_analysis/20260312_191835_split2_seed25/checkpoints/best.pth

Epoch 10/30 (LR: 4.45e-05)
Train Loss: 0.0019 | Train CE: 0.0028 | Train Patch Entropy: 0.9432 | Val Loss: 0.2186 | Val Acc: 0.8889
Epoch Time: 66.07s
New best validation loss: 0.2186
Checkpoint saved: ./runs_seed_analysis/20260312_191835_split2_seed25/checkpoints/20260312_192930_HierarchicalAttnMIL_epoch10.pth
Best checkpoint updated: ./runs_seed_analysis/20260312_191835_split2_seed25/checkpoints/best.pth

Epoch 11/30 (LR: 4.45e-05)
Train Loss: 0.0015 | Train CE: 0.0025 | Train Patch Entropy: 0.9424 | Val Loss: 0.2135 | Val Acc: 0.8889
Epoch Time: 61.61s
New best validation loss: 0.2135
Checkpoint saved: ./runs_seed_analysis/20260312_191835_split2_seed25/checkpoints/20260312_193032_HierarchicalAttnMIL_epoch11.pth
Best checkpoint updated: ./runs_seed_analysis/20260312_191835_split2_seed25/checkpoints/best.pth

Epoch 12/30 (LR: 4.45e-05)
Train Loss: 0.0016 | Train CE: 0.0025 | Train Patch Entropy: 0.9414 | Val Loss: 0.1987 | Val Acc: 0.8333
Epoch Time: 53.43s
New best validation loss: 0.1987
Checkpoint saved: ./runs_seed_analysis/20260312_191835_split2_seed25/checkpoints/20260312_193126_HierarchicalAttnMIL_epoch12.pth
Best checkpoint updated: ./runs_seed_analysis/20260312_191835_split2_seed25/checkpoints/best.pth

Epoch 13/30 (LR: 4.45e-05)
Train Loss: 0.0011 | Train CE: 0.0020 | Train Patch Entropy: 0.9406 | Val Loss: 0.1845 | Val Acc: 0.8333
Epoch Time: 57.21s
New best validation loss: 0.1845
Checkpoint saved: ./runs_seed_analysis/20260312_191835_split2_seed25/checkpoints/20260312_193223_HierarchicalAttnMIL_epoch13.pth
Best checkpoint updated: ./runs_seed_analysis/20260312_191835_split2_seed25/checkpoints/best.pth

Epoch 14/30 (LR: 4.45e-05)
Train Loss: 0.0009 | Train CE: 0.0018 | Train Patch Entropy: 0.9401 | Val Loss: 0.1901 | Val Acc: 0.8889
Epoch Time: 49.89s
No improvement for 1 epoch(s)
Checkpoint saved: ./runs_seed_analysis/20260312_191835_split2_seed25/checkpoints/20260312_193313_HierarchicalAttnMIL_epoch14.pth

Epoch 15/30 (LR: 4.45e-05)
Train Loss: 0.0001 | Train CE: 0.0011 | Train Patch Entropy: 0.9405 | Val Loss: 0.1860 | Val Acc: 0.8889
Epoch Time: 45.58s
No improvement for 2 epoch(s)
Checkpoint saved: ./runs_seed_analysis/20260312_191835_split2_seed25/checkpoints/20260312_193358_HierarchicalAttnMIL_epoch15.pth

Epoch 16/30 (LR: 4.45e-05)
Train Loss: 0.0012 | Train CE: 0.0021 | Train Patch Entropy: 0.9405 | Val Loss: 0.1802 | Val Acc: 0.8889
Epoch Time: 47.54s
New best validation loss: 0.1802
Checkpoint saved: ./runs_seed_analysis/20260312_191835_split2_seed25/checkpoints/20260312_193446_HierarchicalAttnMIL_epoch16.pth
Best checkpoint updated: ./runs_seed_analysis/20260312_191835_split2_seed25/checkpoints/best.pth

Epoch 17/30 (LR: 4.45e-05)
Train Loss: 0.0001 | Train CE: 0.0011 | Train Patch Entropy: 0.9401 | Val Loss: 0.1789 | Val Acc: 0.8889
Epoch Time: 46.02s
New best validation loss: 0.1789
Checkpoint saved: ./runs_seed_analysis/20260312_191835_split2_seed25/checkpoints/20260312_193532_HierarchicalAttnMIL_epoch17.pth
Best checkpoint updated: ./runs_seed_analysis/20260312_191835_split2_seed25/checkpoints/best.pth

Epoch 18/30 (LR: 4.45e-05)
Train Loss: 0.0013 | Train CE: 0.0022 | Train Patch Entropy: 0.9392 | Val Loss: 0.1748 | Val Acc: 0.8889
Epoch Time: 47.45s
New best validation loss: 0.1748
Checkpoint saved: ./runs_seed_analysis/20260312_191835_split2_seed25/checkpoints/20260312_193620_HierarchicalAttnMIL_epoch18.pth
Best checkpoint updated: ./runs_seed_analysis/20260312_191835_split2_seed25/checkpoints/best.pth

Epoch 19/30 (LR: 4.45e-05)
Train Loss: 0.0001 | Train CE: 0.0011 | Train Patch Entropy: 0.9387 | Val Loss: 0.1821 | Val Acc: 0.8889
Epoch Time: 46.69s
No improvement for 1 epoch(s)
Checkpoint saved: ./runs_seed_analysis/20260312_191835_split2_seed25/checkpoints/20260312_193706_HierarchicalAttnMIL_epoch19.pth

Epoch 20/30 (LR: 4.45e-05)
Train Loss: -0.0001 | Train CE: 0.0008 | Train Patch Entropy: 0.9389 | Val Loss: 0.1877 | Val Acc: 0.8889
Epoch Time: 45.36s
No improvement for 2 epoch(s)
Checkpoint saved: ./runs_seed_analysis/20260312_191835_split2_seed25/checkpoints/20260312_193752_HierarchicalAttnMIL_epoch20.pth

Epoch 21/30 (LR: 4.45e-05)
Train Loss: 0.0000 | Train CE: 0.0009 | Train Patch Entropy: 0.9380 | Val Loss: 0.1805 | Val Acc: 0.8889
Epoch Time: 59.95s
No improvement for 3 epoch(s)
Checkpoint saved: ./runs_seed_analysis/20260312_191835_split2_seed25/checkpoints/20260312_193852_HierarchicalAttnMIL_epoch21.pth

Epoch 22/30 (LR: 4.45e-05)
Train Loss: 0.0006 | Train CE: 0.0016 | Train Patch Entropy: 0.9378 | Val Loss: 0.1602 | Val Acc: 0.8889
Epoch Time: 52.25s
New best validation loss: 0.1602
Checkpoint saved: ./runs_seed_analysis/20260312_191835_split2_seed25/checkpoints/20260312_193944_HierarchicalAttnMIL_epoch22.pth
Best checkpoint updated: ./runs_seed_analysis/20260312_191835_split2_seed25/checkpoints/best.pth

Epoch 23/30 (LR: 4.45e-05)
Train Loss: 0.0000 | Train CE: 0.0010 | Train Patch Entropy: 0.9377 | Val Loss: 0.1570 | Val Acc: 0.8889
Epoch Time: 53.47s
New best validation loss: 0.1570
Checkpoint saved: ./runs_seed_analysis/20260312_191835_split2_seed25/checkpoints/20260312_194038_HierarchicalAttnMIL_epoch23.pth
Best checkpoint updated: ./runs_seed_analysis/20260312_191835_split2_seed25/checkpoints/best.pth

Epoch 24/30 (LR: 4.45e-05)
Train Loss: 0.0000 | Train CE: 0.0009 | Train Patch Entropy: 0.9372 | Val Loss: 0.1577 | Val Acc: 0.8889
Epoch Time: 46.47s
No improvement for 1 epoch(s)
Checkpoint saved: ./runs_seed_analysis/20260312_191835_split2_seed25/checkpoints/20260312_194124_HierarchicalAttnMIL_epoch24.pth

Epoch 25/30 (LR: 4.45e-05)
Train Loss: -0.0004 | Train CE: 0.0006 | Train Patch Entropy: 0.9371 | Val Loss: 0.1581 | Val Acc: 0.8889
Epoch Time: 46.79s
No improvement for 2 epoch(s)
Checkpoint saved: ./runs_seed_analysis/20260312_191835_split2_seed25/checkpoints/20260312_194211_HierarchicalAttnMIL_epoch25.pth

Epoch 26/30 (LR: 4.45e-05)
Train Loss: -0.0004 | Train CE: 0.0006 | Train Patch Entropy: 0.9369 | Val Loss: 0.1581 | Val Acc: 0.8889
Epoch Time: 45.37s
No improvement for 3 epoch(s)
Checkpoint saved: ./runs_seed_analysis/20260312_191835_split2_seed25/checkpoints/20260312_194256_HierarchicalAttnMIL_epoch26.pth

Epoch 27/30 (LR: 4.45e-05)
Train Loss: -0.0002 | Train CE: 0.0008 | Train Patch Entropy: 0.9365 | Val Loss: 0.1610 | Val Acc: 0.8889
Epoch Time: 47.71s
No improvement for 4 epoch(s)
Checkpoint saved: ./runs_seed_analysis/20260312_191835_split2_seed25/checkpoints/20260312_194344_HierarchicalAttnMIL_epoch27.pth

Epoch 28/30 (LR: 4.45e-05)
Train Loss: -0.0005 | Train CE: 0.0005 | Train Patch Entropy: 0.9358 | Val Loss: 0.1651 | Val Acc: 0.8889
Epoch Time: 48.44s
No improvement for 5 epoch(s)
Checkpoint saved: ./runs_seed_analysis/20260312_191835_split2_seed25/checkpoints/20260312_194433_HierarchicalAttnMIL_epoch28.pth

Epoch 29/30 (LR: 9.52e-06)
Train Loss: -0.0006 | Train CE: 0.0004 | Train Patch Entropy: 0.9356 | Val Loss: 0.1655 | Val Acc: 0.8889
Epoch Time: 51.90s
No improvement for 6 epoch(s)
Checkpoint saved: ./runs_seed_analysis/20260312_191835_split2_seed25/checkpoints/20260312_194525_HierarchicalAttnMIL_epoch29.pth

Epoch 30/30 (LR: 9.52e-06)
Train Loss: -0.0001 | Train CE: 0.0009 | Train Patch Entropy: 0.9353 | Val Loss: 0.1645 | Val Acc: 0.8889
Epoch Time: 47.60s
No improvement for 7 epoch(s)
Checkpoint saved: ./runs_seed_analysis/20260312_191835_split2_seed25/checkpoints/20260312_194612_HierarchicalAttnMIL_epoch30.pth

Training completed!

============================================================
EVALUATING MODEL
============================================================

Test Results:
  Test Loss: 0.2979
  Test Acc:  0.8947
  Test HG Recall: 1.0000
  Test B Recall:  0.7143
  Samples:   19
Loss versus epoch plot saved to: ./runs_seed_analysis/20260312_191835_split2_seed25/model_loss.png
Predictions saved to: ./runs_seed_analysis/20260312_191835_split2_seed25/predictions.csv
Deviation plot saved to: ./runs_seed_analysis/20260312_191835_split2_seed25/deviation_plot.png
Confusion matrix saved to: ./runs_seed_analysis/20260312_191835_split2_seed25/confusion_matrix.png

Results saved to: ./runs_seed_analysis/20260312_191835_split2_seed25

Total execution time: 1670.59s (0.46 hours)
Training completed successfully!
