Job ID: 2698928
Start time: Thu Mar 12 19:18:28 CDT 2026
Requirement already satisfied: torch>=1.9.0 in /projects/e32998/env/lib/python3.12/site-packages (from -r requirements.txt (line 2)) (2.9.0)
Requirement already satisfied: torchvision>=0.10.0 in /projects/e32998/env/lib/python3.12/site-packages (from -r requirements.txt (line 3)) (0.24.0)
Requirement already satisfied: numpy>=1.21.0 in /projects/e32998/env/lib/python3.12/site-packages (from -r requirements.txt (line 4)) (2.3.4)
Requirement already satisfied: pandas>=1.3.0 in /projects/e32998/env/lib/python3.12/site-packages (from -r requirements.txt (line 5)) (2.3.3)
Requirement already satisfied: scikit-learn>=1.8.0 in /projects/e32998/env/lib/python3.12/site-packages (from -r requirements.txt (line 7)) (1.8.0)
Requirement already satisfied: Pillow>=8.3.0 in /projects/e32998/env/lib/python3.12/site-packages (from -r requirements.txt (line 8)) (12.0.0)
Requirement already satisfied: tqdm>=4.62.0 in /projects/e32998/env/lib/python3.12/site-packages (from -r requirements.txt (line 9)) (4.67.1)
Requirement already satisfied: matplotlib>=3.5.0 in /projects/e32998/env/lib/python3.12/site-packages (from -r requirements.txt (line 12)) (3.10.7)
Requirement already satisfied: seaborn>=0.11.0 in /projects/e32998/env/lib/python3.12/site-packages (from -r requirements.txt (line 13)) (0.13.2)
Requirement already satisfied: optuna>=3.0.0 in /projects/e32998/env/lib/python3.12/site-packages (from -r requirements.txt (line 16)) (4.7.0)
Requirement already satisfied: psutil>=5.8.0 in /projects/e32998/env/lib/python3.12/site-packages (from -r requirements.txt (line 19)) (7.1.2)
Requirement already satisfied: imbalanced-learn>=0.8.0 in /projects/e32998/env/lib/python3.12/site-packages (from -r requirements.txt (line 22)) (0.14.0)
Requirement already satisfied: filelock in /projects/e32998/env/lib/python3.12/site-packages (from torch>=1.9.0->-r requirements.txt (line 2)) (3.20.0)
Requirement already satisfied: typing-extensions>=4.10.0 in /projects/e32998/env/lib/python3.12/site-packages (from torch>=1.9.0->-r requirements.txt (line 2)) (4.15.0)
Requirement already satisfied: setuptools in /projects/e32998/env/lib/python3.12/site-packages (from torch>=1.9.0->-r requirements.txt (line 2)) (80.9.0)
Requirement already satisfied: sympy>=1.13.3 in /projects/e32998/env/lib/python3.12/site-packages (from torch>=1.9.0->-r requirements.txt (line 2)) (1.14.0)
Requirement already satisfied: networkx>=2.5.1 in /projects/e32998/env/lib/python3.12/site-packages (from torch>=1.9.0->-r requirements.txt (line 2)) (3.5)
Requirement already satisfied: jinja2 in /projects/e32998/env/lib/python3.12/site-packages (from torch>=1.9.0->-r requirements.txt (line 2)) (3.1.6)
Requirement already satisfied: fsspec>=0.8.5 in /projects/e32998/env/lib/python3.12/site-packages (from torch>=1.9.0->-r requirements.txt (line 2)) (2025.9.0)
Requirement already satisfied: nvidia-cuda-nvrtc-cu12==12.8.93 in /projects/e32998/env/lib/python3.12/site-packages (from torch>=1.9.0->-r requirements.txt (line 2)) (12.8.93)
Requirement already satisfied: nvidia-cuda-runtime-cu12==12.8.90 in /projects/e32998/env/lib/python3.12/site-packages (from torch>=1.9.0->-r requirements.txt (line 2)) (12.8.90)
Requirement already satisfied: nvidia-cuda-cupti-cu12==12.8.90 in /projects/e32998/env/lib/python3.12/site-packages (from torch>=1.9.0->-r requirements.txt (line 2)) (12.8.90)
Requirement already satisfied: nvidia-cudnn-cu12==9.10.2.21 in /projects/e32998/env/lib/python3.12/site-packages (from torch>=1.9.0->-r requirements.txt (line 2)) (9.10.2.21)
Requirement already satisfied: nvidia-cublas-cu12==12.8.4.1 in /projects/e32998/env/lib/python3.12/site-packages (from torch>=1.9.0->-r requirements.txt (line 2)) (12.8.4.1)
Requirement already satisfied: nvidia-cufft-cu12==11.3.3.83 in /projects/e32998/env/lib/python3.12/site-packages (from torch>=1.9.0->-r requirements.txt (line 2)) (11.3.3.83)
Requirement already satisfied: nvidia-curand-cu12==10.3.9.90 in /projects/e32998/env/lib/python3.12/site-packages (from torch>=1.9.0->-r requirements.txt (line 2)) (10.3.9.90)
Requirement already satisfied: nvidia-cusolver-cu12==11.7.3.90 in /projects/e32998/env/lib/python3.12/site-packages (from torch>=1.9.0->-r requirements.txt (line 2)) (11.7.3.90)
Requirement already satisfied: nvidia-cusparse-cu12==12.5.8.93 in /projects/e32998/env/lib/python3.12/site-packages (from torch>=1.9.0->-r requirements.txt (line 2)) (12.5.8.93)
Requirement already satisfied: nvidia-cusparselt-cu12==0.7.1 in /projects/e32998/env/lib/python3.12/site-packages (from torch>=1.9.0->-r requirements.txt (line 2)) (0.7.1)
Requirement already satisfied: nvidia-nccl-cu12==2.27.5 in /projects/e32998/env/lib/python3.12/site-packages (from torch>=1.9.0->-r requirements.txt (line 2)) (2.27.5)
Requirement already satisfied: nvidia-nvshmem-cu12==3.3.20 in /projects/e32998/env/lib/python3.12/site-packages (from torch>=1.9.0->-r requirements.txt (line 2)) (3.3.20)
Requirement already satisfied: nvidia-nvtx-cu12==12.8.90 in /projects/e32998/env/lib/python3.12/site-packages (from torch>=1.9.0->-r requirements.txt (line 2)) (12.8.90)
Requirement already satisfied: nvidia-nvjitlink-cu12==12.8.93 in /projects/e32998/env/lib/python3.12/site-packages (from torch>=1.9.0->-r requirements.txt (line 2)) (12.8.93)
Requirement already satisfied: nvidia-cufile-cu12==1.13.1.3 in /projects/e32998/env/lib/python3.12/site-packages (from torch>=1.9.0->-r requirements.txt (line 2)) (1.13.1.3)
Requirement already satisfied: triton==3.5.0 in /projects/e32998/env/lib/python3.12/site-packages (from torch>=1.9.0->-r requirements.txt (line 2)) (3.5.0)
Requirement already satisfied: python-dateutil>=2.8.2 in /projects/e32998/env/lib/python3.12/site-packages (from pandas>=1.3.0->-r requirements.txt (line 5)) (2.9.0.post0)
Requirement already satisfied: pytz>=2020.1 in /projects/e32998/env/lib/python3.12/site-packages (from pandas>=1.3.0->-r requirements.txt (line 5)) (2025.2)
Requirement already satisfied: tzdata>=2022.7 in /projects/e32998/env/lib/python3.12/site-packages (from pandas>=1.3.0->-r requirements.txt (line 5)) (2025.2)
Requirement already satisfied: scipy>=1.10.0 in /projects/e32998/env/lib/python3.12/site-packages (from scikit-learn>=1.8.0->-r requirements.txt (line 7)) (1.16.3)
Requirement already satisfied: joblib>=1.3.0 in /projects/e32998/env/lib/python3.12/site-packages (from scikit-learn>=1.8.0->-r requirements.txt (line 7)) (1.5.2)
Requirement already satisfied: threadpoolctl>=3.2.0 in /projects/e32998/env/lib/python3.12/site-packages (from scikit-learn>=1.8.0->-r requirements.txt (line 7)) (3.6.0)
Requirement already satisfied: contourpy>=1.0.1 in /projects/e32998/env/lib/python3.12/site-packages (from matplotlib>=3.5.0->-r requirements.txt (line 12)) (1.3.3)
Requirement already satisfied: cycler>=0.10 in /projects/e32998/env/lib/python3.12/site-packages (from matplotlib>=3.5.0->-r requirements.txt (line 12)) (0.12.1)
Requirement already satisfied: fonttools>=4.22.0 in /projects/e32998/env/lib/python3.12/site-packages (from matplotlib>=3.5.0->-r requirements.txt (line 12)) (4.60.1)
Requirement already satisfied: kiwisolver>=1.3.1 in /projects/e32998/env/lib/python3.12/site-packages (from matplotlib>=3.5.0->-r requirements.txt (line 12)) (1.4.9)
Requirement already satisfied: packaging>=20.0 in /projects/e32998/env/lib/python3.12/site-packages (from matplotlib>=3.5.0->-r requirements.txt (line 12)) (25.0)
Requirement already satisfied: pyparsing>=3 in /projects/e32998/env/lib/python3.12/site-packages (from matplotlib>=3.5.0->-r requirements.txt (line 12)) (3.2.5)
Requirement already satisfied: alembic>=1.5.0 in /projects/e32998/env/lib/python3.12/site-packages (from optuna>=3.0.0->-r requirements.txt (line 16)) (1.18.3)
Requirement already satisfied: colorlog in /projects/e32998/env/lib/python3.12/site-packages (from optuna>=3.0.0->-r requirements.txt (line 16)) (6.10.1)
Requirement already satisfied: sqlalchemy>=1.4.2 in /projects/e32998/env/lib/python3.12/site-packages (from optuna>=3.0.0->-r requirements.txt (line 16)) (2.0.46)
Requirement already satisfied: PyYAML in /projects/e32998/env/lib/python3.12/site-packages (from optuna>=3.0.0->-r requirements.txt (line 16)) (6.0.3)
Requirement already satisfied: Mako in /projects/e32998/env/lib/python3.12/site-packages (from alembic>=1.5.0->optuna>=3.0.0->-r requirements.txt (line 16)) (1.3.10)
Requirement already satisfied: six>=1.5 in /projects/e32998/env/lib/python3.12/site-packages (from python-dateutil>=2.8.2->pandas>=1.3.0->-r requirements.txt (line 5)) (1.17.0)
Requirement already satisfied: greenlet>=1 in /projects/e32998/env/lib/python3.12/site-packages (from sqlalchemy>=1.4.2->optuna>=3.0.0->-r requirements.txt (line 16)) (3.3.1)
Requirement already satisfied: mpmath<1.4,>=1.1.0 in /projects/e32998/env/lib/python3.12/site-packages (from sympy>=1.13.3->torch>=1.9.0->-r requirements.txt (line 2)) (1.3.0)
Requirement already satisfied: MarkupSafe>=2.0 in /projects/e32998/env/lib/python3.12/site-packages (from jinja2->torch>=1.9.0->-r requirements.txt (line 2)) (3.0.3)
Requirement already satisfied: certifi in /projects/e32998/env/lib/python3.12/site-packages (2026.2.25)
Random seed set to 25
Using CPU
Created run directory: ./runs_seed_analysis/20260312_191840_split1_seed25
================================================================================
HIERARCHICAL ATTENTION MIL TRAINING
================================================================================
Arguments: {'labels_csv': 'extra_benign_case_grade_match.csv', 'patches_dir': '/projects/e32998/patches_benign_split', 'runs_dir': './runs_seed_analysis', 'epochs': 30, 'lr': 0.000208, 'batch_size': 1, 'num_workers': 2, 'embed_dim': 512, 'per_slice_cap': 800, 'max_slices_per_stain': 5, 'seed': 25, 'resume': None, 'eval_only': False, 'analyze_attention': False, 'attention_top_n': 5, 'load_splits': './no_train_val_leakage_splits/data_splits_new_01.npz', 'checkpoint_dir': './runs_seed_analysis/20260312_191840_split1_seed25/checkpoints'}
Training config (may be overridden by arguments): {'epochs': 30, 'batch_size': 1, 'learning_rate': 0.000208, 'weight_decay': 0.000305, 'num_workers': 2, 'pin_memory': True, 'random_state': 42, 'class_weights': [2.5285, 1.0], 'dropout': 0.2599, 'use_scheduler': True, 'scheduler_type': 'reduce_on_plateau', 'scheduler_patience': 4, 'scheduler_factor': 0.2139, 'scheduler_min_lr': 1e-06, 'early_stopping': True, 'early_stopping_patience': 8, 'early_stopping_min_delta': 0.001, 'early_stopping_min_epochs': 10, 'use_patch_entropy_regularization': True, 'patch_entropy_lambda': 0.001, 'patch_entropy_mode': 'max', 'patch_entropy_eps': 1e-08, 'normalize_patch_entropy': True}
============================================================
PREPARING DATA
============================================================
Loaded 118 labels
Found 83630 patch files
All 3808 non-standard file names were handled.
Grouped into 383 slices
Mapped 371 slices to classes
Class distribution: {1: 238, 0: 133}

----------------------------------------
SPLITTING DATA
----------------------------------------
Loading existing splits from: ./no_train_val_leakage_splits/data_splits_new_01.npz
Data splits loaded from: ./no_train_val_leakage_splits/data_splits_new_01.npz
Loaded splits - Train: 247, Val: 53, Test: 71
Cases per split: 57 18 18
Paths per split: 51810 14101 14130
No leakage between train & val (cases).
No leakage between train & test (cases).
No leakage between val & test (cases).
No leakage between train & val (paths).
No leakage between train & test (paths).
No leakage between val & test (paths).

Data Summary:
==================================================

Label distribution per split:
label   0   1
split        
test    7  11
train  21  36
val     7  11

Mean patches per stain per case by split:
       h&e_patches  melan_patches  sox10_patches
split                                           
test         404.4          203.2          177.3
train        440.7          258.6          209.6
val          405.0          201.1          177.3

Median patches per stain per case by split:
       h&e_patches  melan_patches  sox10_patches
split                                           
test         306.0          174.0          148.0
train        328.0          194.0          155.0
val          326.5          167.5          164.0

Missing stain proportion:
       h&e_missing  melan_missing  sox10_missing
split                                           
test           0.0          0.000          0.000
train          0.0          0.035          0.035
val            0.0          0.000          0.000

Total cases: 93
Total patches: 80,041
==================================================

Patch count by class for Train:
  Benign (0):     16334 patches
  High-grade (1): 35476 patches

Patch count by class for Validation:
  Benign (0):     4875 patches
  High-grade (1): 9226 patches

Patch count by class for Test:
  Benign (0):     4571 patches
  High-grade (1): 9559 patches

Data Integrity Check for Train:
Stain coverage:
  h&e: 57/57 (100.0%)
  melan: 55/57 (96.5%)
  sox10: 55/57 (96.5%)
Issues found: Case 16: melan missing, Case 16: sox10 missing, Case 17: melan missing, Case 21: sox10 missing

Data Integrity Check for Validation:
Stain coverage:
  h&e: 18/18 (100.0%)
  melan: 18/18 (100.0%)
  sox10: 18/18 (100.0%)
No issues found

Data Integrity Check for Test:
Stain coverage:
  h&e: 18/18 (100.0%)
  melan: 18/18 (100.0%)
  sox10: 18/18 (100.0%)
No issues found
Using existing splits from: ./no_train_val_leakage_splits/data_splits_new_01.npz

============================================================
CREATING DATA LOADERS (POOLED FEATURES)
============================================================
Created data loaders - Train: 57, Val: 18, Test: 18

============================================================
CREATING MODEL
============================================================

Model Summary:
==================================================
Total parameters: 2,493,061
Trainable parameters: 2,493,061
Model size: 9.51 MB
==================================================

============================================================
TRAINING MODEL
============================================================
Starting training from epoch 1 to 30
Device: cpu
Model parameters: 2,493,061
LR scheduler: ReduceLROnPlateau
Patch entropy regularization enabled (lambda=0.001, mode=max, normalize=True) -> maximize entropy (smoother attention)
Early stopping enabled (patience=8, min_delta=0.001, min_epochs=10)

Epoch 1/30 (LR: 2.08e-04)
Train Loss: 1.1672 | Train CE: 1.1682 | Train Patch Entropy: 0.9867 | Val Loss: 0.5443 | Val Acc: 0.7778
Epoch Time: 62.87s
New best validation loss: 0.5443
Checkpoint saved: ./runs_seed_analysis/20260312_191840_split1_seed25/checkpoints/20260312_191947_HierarchicalAttnMIL_epoch1.pth
Best checkpoint updated: ./runs_seed_analysis/20260312_191840_split1_seed25/checkpoints/best.pth

Epoch 2/30 (LR: 2.08e-04)
Train Loss: 0.5092 | Train CE: 0.5101 | Train Patch Entropy: 0.9607 | Val Loss: 0.5774 | Val Acc: 0.6111
Epoch Time: 58.10s
No improvement for 1 epoch(s)
Checkpoint saved: ./runs_seed_analysis/20260312_191840_split1_seed25/checkpoints/20260312_192045_HierarchicalAttnMIL_epoch2.pth

Epoch 3/30 (LR: 2.08e-04)
Train Loss: 0.4094 | Train CE: 0.4103 | Train Patch Entropy: 0.9136 | Val Loss: 0.3094 | Val Acc: 0.8333
Epoch Time: 59.94s
New best validation loss: 0.3094
Checkpoint saved: ./runs_seed_analysis/20260312_191840_split1_seed25/checkpoints/20260312_192145_HierarchicalAttnMIL_epoch3.pth
Best checkpoint updated: ./runs_seed_analysis/20260312_191840_split1_seed25/checkpoints/best.pth

Epoch 4/30 (LR: 2.08e-04)
Train Loss: 0.3654 | Train CE: 0.3664 | Train Patch Entropy: 0.9446 | Val Loss: 0.2957 | Val Acc: 0.9444
Epoch Time: 60.51s
New best validation loss: 0.2957
Checkpoint saved: ./runs_seed_analysis/20260312_191840_split1_seed25/checkpoints/20260312_192245_HierarchicalAttnMIL_epoch4.pth
Best checkpoint updated: ./runs_seed_analysis/20260312_191840_split1_seed25/checkpoints/best.pth

Epoch 5/30 (LR: 2.08e-04)
Train Loss: 0.1318 | Train CE: 0.1328 | Train Patch Entropy: 0.9569 | Val Loss: 0.2333 | Val Acc: 0.8333
Epoch Time: 58.12s
New best validation loss: 0.2333
Checkpoint saved: ./runs_seed_analysis/20260312_191840_split1_seed25/checkpoints/20260312_192343_HierarchicalAttnMIL_epoch5.pth
Best checkpoint updated: ./runs_seed_analysis/20260312_191840_split1_seed25/checkpoints/best.pth

Epoch 6/30 (LR: 2.08e-04)
Train Loss: 0.0778 | Train CE: 0.0787 | Train Patch Entropy: 0.9257 | Val Loss: 0.1135 | Val Acc: 0.9444
Epoch Time: 59.19s
New best validation loss: 0.1135
Checkpoint saved: ./runs_seed_analysis/20260312_191840_split1_seed25/checkpoints/20260312_192443_HierarchicalAttnMIL_epoch6.pth
Best checkpoint updated: ./runs_seed_analysis/20260312_191840_split1_seed25/checkpoints/best.pth

Epoch 7/30 (LR: 2.08e-04)
Train Loss: 0.0384 | Train CE: 0.0393 | Train Patch Entropy: 0.9176 | Val Loss: 0.1933 | Val Acc: 0.8889
Epoch Time: 61.15s
No improvement for 1 epoch(s)
Checkpoint saved: ./runs_seed_analysis/20260312_191840_split1_seed25/checkpoints/20260312_192544_HierarchicalAttnMIL_epoch7.pth

Epoch 8/30 (LR: 2.08e-04)
Train Loss: 0.0106 | Train CE: 0.0115 | Train Patch Entropy: 0.9007 | Val Loss: 0.2910 | Val Acc: 0.8889
Epoch Time: 62.39s
No improvement for 2 epoch(s)
Checkpoint saved: ./runs_seed_analysis/20260312_191840_split1_seed25/checkpoints/20260312_192646_HierarchicalAttnMIL_epoch8.pth

Epoch 9/30 (LR: 2.08e-04)
Train Loss: 0.0055 | Train CE: 0.0064 | Train Patch Entropy: 0.8934 | Val Loss: 0.1203 | Val Acc: 0.9444
Epoch Time: 65.33s
No improvement for 3 epoch(s)
Checkpoint saved: ./runs_seed_analysis/20260312_191840_split1_seed25/checkpoints/20260312_192752_HierarchicalAttnMIL_epoch9.pth

Epoch 10/30 (LR: 2.08e-04)
Train Loss: 0.0461 | Train CE: 0.0470 | Train Patch Entropy: 0.8982 | Val Loss: 0.1551 | Val Acc: 0.9444
Epoch Time: 60.11s
No improvement for 4 epoch(s)
Checkpoint saved: ./runs_seed_analysis/20260312_191840_split1_seed25/checkpoints/20260312_192852_HierarchicalAttnMIL_epoch10.pth

Epoch 11/30 (LR: 2.08e-04)
Train Loss: 0.0513 | Train CE: 0.0521 | Train Patch Entropy: 0.8861 | Val Loss: 0.2753 | Val Acc: 0.7778
Epoch Time: 60.51s
No improvement for 5 epoch(s)
Checkpoint saved: ./runs_seed_analysis/20260312_191840_split1_seed25/checkpoints/20260312_192952_HierarchicalAttnMIL_epoch11.pth

Epoch 12/30 (LR: 4.45e-05)
Train Loss: 0.0164 | Train CE: 0.0173 | Train Patch Entropy: 0.8802 | Val Loss: 0.1198 | Val Acc: 0.9444
Epoch Time: 59.88s
No improvement for 6 epoch(s)
Checkpoint saved: ./runs_seed_analysis/20260312_191840_split1_seed25/checkpoints/20260312_193052_HierarchicalAttnMIL_epoch12.pth

Epoch 13/30 (LR: 4.45e-05)
Train Loss: 0.0040 | Train CE: 0.0049 | Train Patch Entropy: 0.8858 | Val Loss: 0.1301 | Val Acc: 0.9444
Epoch Time: 54.37s
No improvement for 7 epoch(s)
Checkpoint saved: ./runs_seed_analysis/20260312_191840_split1_seed25/checkpoints/20260312_193147_HierarchicalAttnMIL_epoch13.pth

Epoch 14/30 (LR: 4.45e-05)
Train Loss: 0.0012 | Train CE: 0.0021 | Train Patch Entropy: 0.8792 | Val Loss: 0.1084 | Val Acc: 0.9444
Epoch Time: 57.94s
New best validation loss: 0.1084
Checkpoint saved: ./runs_seed_analysis/20260312_191840_split1_seed25/checkpoints/20260312_193245_HierarchicalAttnMIL_epoch14.pth
Best checkpoint updated: ./runs_seed_analysis/20260312_191840_split1_seed25/checkpoints/best.pth

Epoch 15/30 (LR: 4.45e-05)
Train Loss: 0.0008 | Train CE: 0.0017 | Train Patch Entropy: 0.8760 | Val Loss: 0.0984 | Val Acc: 0.9444
Epoch Time: 56.67s
New best validation loss: 0.0984
Checkpoint saved: ./runs_seed_analysis/20260312_191840_split1_seed25/checkpoints/20260312_193342_HierarchicalAttnMIL_epoch15.pth
Best checkpoint updated: ./runs_seed_analysis/20260312_191840_split1_seed25/checkpoints/best.pth

Epoch 16/30 (LR: 4.45e-05)
Train Loss: 0.0013 | Train CE: 0.0022 | Train Patch Entropy: 0.8745 | Val Loss: 0.0898 | Val Acc: 0.9444
Epoch Time: 59.83s
New best validation loss: 0.0898
Checkpoint saved: ./runs_seed_analysis/20260312_191840_split1_seed25/checkpoints/20260312_193441_HierarchicalAttnMIL_epoch16.pth
Best checkpoint updated: ./runs_seed_analysis/20260312_191840_split1_seed25/checkpoints/best.pth

Epoch 17/30 (LR: 4.45e-05)
Train Loss: 0.0002 | Train CE: 0.0010 | Train Patch Entropy: 0.8732 | Val Loss: 0.0892 | Val Acc: 0.9444
Epoch Time: 54.93s
No improvement for 1 epoch(s)
Checkpoint saved: ./runs_seed_analysis/20260312_191840_split1_seed25/checkpoints/20260312_193536_HierarchicalAttnMIL_epoch17.pth

Epoch 18/30 (LR: 4.45e-05)
Train Loss: 0.0006 | Train CE: 0.0015 | Train Patch Entropy: 0.8734 | Val Loss: 0.0906 | Val Acc: 0.9444
Epoch Time: 52.91s
No improvement for 2 epoch(s)
Checkpoint saved: ./runs_seed_analysis/20260312_191840_split1_seed25/checkpoints/20260312_193629_HierarchicalAttnMIL_epoch18.pth

Epoch 19/30 (LR: 4.45e-05)
Train Loss: -0.0001 | Train CE: 0.0008 | Train Patch Entropy: 0.8710 | Val Loss: 0.0901 | Val Acc: 0.9444
Epoch Time: 57.16s
No improvement for 3 epoch(s)
Checkpoint saved: ./runs_seed_analysis/20260312_191840_split1_seed25/checkpoints/20260312_193727_HierarchicalAttnMIL_epoch19.pth

Epoch 20/30 (LR: 4.45e-05)
Train Loss: 0.0006 | Train CE: 0.0015 | Train Patch Entropy: 0.8718 | Val Loss: 0.0903 | Val Acc: 0.9444
Epoch Time: 55.63s
No improvement for 4 epoch(s)
Checkpoint saved: ./runs_seed_analysis/20260312_191840_split1_seed25/checkpoints/20260312_193822_HierarchicalAttnMIL_epoch20.pth

Epoch 21/30 (LR: 4.45e-05)
Train Loss: -0.0001 | Train CE: 0.0007 | Train Patch Entropy: 0.8696 | Val Loss: 0.0905 | Val Acc: 0.9444
Epoch Time: 58.11s
No improvement for 5 epoch(s)
Checkpoint saved: ./runs_seed_analysis/20260312_191840_split1_seed25/checkpoints/20260312_193920_HierarchicalAttnMIL_epoch21.pth

Epoch 22/30 (LR: 4.45e-05)
Train Loss: 0.0008 | Train CE: 0.0017 | Train Patch Entropy: 0.8680 | Val Loss: 0.0854 | Val Acc: 1.0000
Epoch Time: 57.42s
New best validation loss: 0.0854
Checkpoint saved: ./runs_seed_analysis/20260312_191840_split1_seed25/checkpoints/20260312_194018_HierarchicalAttnMIL_epoch22.pth
Best checkpoint updated: ./runs_seed_analysis/20260312_191840_split1_seed25/checkpoints/best.pth

Epoch 23/30 (LR: 4.45e-05)
Train Loss: 0.0001 | Train CE: 0.0010 | Train Patch Entropy: 0.8709 | Val Loss: 0.0863 | Val Acc: 0.9444
Epoch Time: 55.71s
No improvement for 1 epoch(s)
Checkpoint saved: ./runs_seed_analysis/20260312_191840_split1_seed25/checkpoints/20260312_194114_HierarchicalAttnMIL_epoch23.pth

Epoch 24/30 (LR: 4.45e-05)
Train Loss: 0.0009 | Train CE: 0.0018 | Train Patch Entropy: 0.8686 | Val Loss: 0.0821 | Val Acc: 1.0000
Epoch Time: 58.04s
New best validation loss: 0.0821
Checkpoint saved: ./runs_seed_analysis/20260312_191840_split1_seed25/checkpoints/20260312_194212_HierarchicalAttnMIL_epoch24.pth
Best checkpoint updated: ./runs_seed_analysis/20260312_191840_split1_seed25/checkpoints/best.pth

Epoch 25/30 (LR: 4.45e-05)
Train Loss: 0.0003 | Train CE: 0.0012 | Train Patch Entropy: 0.8656 | Val Loss: 0.0817 | Val Acc: 1.0000
Epoch Time: 53.83s
No improvement for 1 epoch(s)
Checkpoint saved: ./runs_seed_analysis/20260312_191840_split1_seed25/checkpoints/20260312_194306_HierarchicalAttnMIL_epoch25.pth

Epoch 26/30 (LR: 4.45e-05)
Train Loss: -0.0004 | Train CE: 0.0005 | Train Patch Entropy: 0.8627 | Val Loss: 0.0809 | Val Acc: 1.0000
Epoch Time: 56.92s
New best validation loss: 0.0809
Checkpoint saved: ./runs_seed_analysis/20260312_191840_split1_seed25/checkpoints/20260312_194403_HierarchicalAttnMIL_epoch26.pth
Best checkpoint updated: ./runs_seed_analysis/20260312_191840_split1_seed25/checkpoints/best.pth

Epoch 27/30 (LR: 4.45e-05)
Train Loss: -0.0002 | Train CE: 0.0007 | Train Patch Entropy: 0.8618 | Val Loss: 0.0811 | Val Acc: 1.0000
Epoch Time: 56.19s
No improvement for 1 epoch(s)
Checkpoint saved: ./runs_seed_analysis/20260312_191840_split1_seed25/checkpoints/20260312_194459_HierarchicalAttnMIL_epoch27.pth

Epoch 28/30 (LR: 4.45e-05)
Train Loss: -0.0002 | Train CE: 0.0006 | Train Patch Entropy: 0.8612 | Val Loss: 0.0814 | Val Acc: 1.0000
Epoch Time: 55.68s
No improvement for 2 epoch(s)
Checkpoint saved: ./runs_seed_analysis/20260312_191840_split1_seed25/checkpoints/20260312_194555_HierarchicalAttnMIL_epoch28.pth

Epoch 29/30 (LR: 4.45e-05)
Train Loss: -0.0002 | Train CE: 0.0006 | Train Patch Entropy: 0.8607 | Val Loss: 0.0810 | Val Acc: 1.0000
Epoch Time: 52.99s
No improvement for 3 epoch(s)
Checkpoint saved: ./runs_seed_analysis/20260312_191840_split1_seed25/checkpoints/20260312_194648_HierarchicalAttnMIL_epoch29.pth

Epoch 30/30 (LR: 4.45e-05)
Train Loss: -0.0004 | Train CE: 0.0005 | Train Patch Entropy: 0.8589 | Val Loss: 0.0809 | Val Acc: 1.0000
Epoch Time: 55.43s
No improvement for 4 epoch(s)
Checkpoint saved: ./runs_seed_analysis/20260312_191840_split1_seed25/checkpoints/20260312_194743_HierarchicalAttnMIL_epoch30.pth

Training completed!

============================================================
EVALUATING MODEL
============================================================

Test Results:
  Test Loss: 0.2732
  Test Acc:  0.9444
  Test HG Recall: 1.0000
  Test B Recall:  0.8571
  Samples:   18
Loss versus epoch plot saved to: ./runs_seed_analysis/20260312_191840_split1_seed25/model_loss.png
Predictions saved to: ./runs_seed_analysis/20260312_191840_split1_seed25/predictions.csv
Deviation plot saved to: ./runs_seed_analysis/20260312_191840_split1_seed25/deviation_plot.png
Confusion matrix saved to: ./runs_seed_analysis/20260312_191840_split1_seed25/confusion_matrix.png

Results saved to: ./runs_seed_analysis/20260312_191840_split1_seed25

Total execution time: 1753.76s (0.49 hours)
Training completed successfully!
