Job ID: 2757591
Start time: Fri Mar 13 14:09:16 CDT 2026
Random seed set to 25
Using CPU
Created run directory: ./runs_best_analysis/20260313_140942_split1_seed25
================================================================================
HIERARCHICAL ATTENTION MIL TRAINING
================================================================================
Arguments: {'labels_csv': 'extra_benign_case_grade_match.csv', 'patches_dir': '/projects/e32998/patches_benign_split', 'runs_dir': './runs_best_analysis', 'epochs': 30, 'lr': 0.000208, 'batch_size': 1, 'num_workers': 2, 'embed_dim': 512, 'per_slice_cap': 800, 'max_slices_per_stain': 5, 'seed': 25, 'resume': 'runs_seed_analysis/20260312_191840_split1_seed25/checkpoints/best.pth', 'eval_only': True, 'analyze_attention': False, 'attention_top_n': 5, 'load_splits': './no_train_val_leakage_splits/data_splits_new_01.npz', 'checkpoint_dir': './runs_best_analysis/20260313_140942_split1_seed25/checkpoints'}
Training config (may be overridden by arguments): {'epochs': 30, 'batch_size': 1, 'learning_rate': 0.000208, 'weight_decay': 0.000305, 'num_workers': 2, 'pin_memory': True, 'random_state': 42, 'class_weights': [2.5285, 1.0], 'dropout': 0.2599, 'use_scheduler': True, 'scheduler_type': 'reduce_on_plateau', 'scheduler_patience': 4, 'scheduler_factor': 0.2139, 'scheduler_min_lr': 1e-06, 'early_stopping': True, 'early_stopping_patience': 8, 'early_stopping_min_delta': 0.001, 'early_stopping_min_epochs': 10, 'use_patch_entropy_regularization': True, 'patch_entropy_lambda': 0.001, 'patch_entropy_mode': 'max', 'patch_entropy_eps': 1e-08, 'normalize_patch_entropy': True}
============================================================
PREPARING DATA
============================================================
Loaded 118 labels
Found 83630 patch files
All 3808 non-standard file names were handled.
Grouped into 383 slices
Mapped 371 slices to classes
Class distribution: {1: 238, 0: 133}

----------------------------------------
SPLITTING DATA
----------------------------------------
Loading existing splits from: ./no_train_val_leakage_splits/data_splits_new_01.npz
Data splits loaded from: ./no_train_val_leakage_splits/data_splits_new_01.npz
Loaded splits - Train: 247, Val: 53, Test: 71
Cases per split: 57 18 18
Paths per split: 51810 14101 14130
No leakage between train & val (cases).
No leakage between train & test (cases).
No leakage between val & test (cases).
No leakage between train & val (paths).
No leakage between train & test (paths).
No leakage between val & test (paths).

Data Summary:
==================================================

Label distribution per split:
label   0   1
split        
test    7  11
train  21  36
val     7  11

Mean patches per stain per case by split:
       h&e_patches  melan_patches  sox10_patches
split                                           
test         404.4          203.2          177.3
train        440.7          258.6          209.6
val          405.0          201.1          177.3

Median patches per stain per case by split:
       h&e_patches  melan_patches  sox10_patches
split                                           
test         306.0          174.0          148.0
train        328.0          194.0          155.0
val          326.5          167.5          164.0

Missing stain proportion:
       h&e_missing  melan_missing  sox10_missing
split                                           
test           0.0          0.000          0.000
train          0.0          0.035          0.035
val            0.0          0.000          0.000

Total cases: 93
Total patches: 80,041
==================================================

Patch count by class for Train:
  Benign (0):     16334 patches
  High-grade (1): 35476 patches

Patch count by class for Validation:
  Benign (0):     4875 patches
  High-grade (1): 9226 patches

Patch count by class for Test:
  Benign (0):     4571 patches
  High-grade (1): 9559 patches

Data Integrity Check for Train:
Stain coverage:
  h&e: 57/57 (100.0%)
  melan: 55/57 (96.5%)
  sox10: 55/57 (96.5%)
Issues found: Case 16: melan missing, Case 16: sox10 missing, Case 17: melan missing, Case 21: sox10 missing

Data Integrity Check for Validation:
Stain coverage:
  h&e: 18/18 (100.0%)
  melan: 18/18 (100.0%)
  sox10: 18/18 (100.0%)
No issues found

Data Integrity Check for Test:
Stain coverage:
  h&e: 18/18 (100.0%)
  melan: 18/18 (100.0%)
  sox10: 18/18 (100.0%)
No issues found
Using existing splits from: ./no_train_val_leakage_splits/data_splits_new_01.npz

============================================================
CREATING DATA LOADERS (POOLED FEATURES)
============================================================
Created data loaders - Train: 57, Val: 18, Test: 18

============================================================
CREATING MODEL
============================================================

Model Summary:
==================================================
Total parameters: 2,493,061
Trainable parameters: 2,493,061
Model size: 9.51 MB
==================================================

----------------------------------------
LOADING CHECKPOINT
----------------------------------------
Checkpoint loaded: runs_seed_analysis/20260312_191840_split1_seed25/checkpoints/best.pth (epoch=26)

============================================================
EVALUATING MODEL
============================================================

Test Results:
  Test Loss: 0.2700
  Test Acc:  0.9444
  Test HG Recall: 1.0000
  Test B Recall:  0.8571
  Samples:   18
Loss versus epoch plot saved to: ./runs_best_analysis/20260313_140942_split1_seed25/model_loss.png
Predictions saved to: ./runs_best_analysis/20260313_140942_split1_seed25/predictions_best.csv
Deviation plot saved to: ./runs_best_analysis/20260313_140942_split1_seed25/deviation_plot.png
Confusion matrix saved to: ./runs_best_analysis/20260313_140942_split1_seed25/confusion_matrix.png

Results saved to: ./runs_best_analysis/20260313_140942_split1_seed25

Total execution time: 22.14s (0.01 hours)
Training completed successfully!
