------------------------------------------------
Job ID: 2629107 | Task ID: 3
Running ./no_train_val_leakage_splits/data_splits_new_01.npz with Seed 40
Start time: Thu Mar 12 14:33:40 CDT 2026
------------------------------------------------
Random seed set to 40
Using CPU
Created run directory: ./runs/20260312_143402_MIL_Task2
================================================================================
HIERARCHICAL ATTENTION MIL TRAINING
================================================================================
Arguments: {'labels_csv': 'extra_benign_case_grade_match.csv', 'patches_dir': '/projects/e32998/patches_benign_split', 'epochs': 30, 'lr': 0.000208, 'batch_size': 1, 'num_workers': 2, 'embed_dim': 512, 'per_slice_cap': 800, 'max_slices_per_stain': None, 'seed': 40, 'resume': None, 'eval_only': False, 'analyze_attention': False, 'attention_top_n': 5, 'load_splits': './no_train_val_leakage_splits/data_splits_new_01.npz', 'checkpoint_dir': './runs/20260312_143402_MIL_Task2/checkpoints'}
Training config (may be overridden by arguments): {'epochs': 30, 'batch_size': 1, 'learning_rate': 0.000208, 'weight_decay': 0.000305, 'num_workers': 2, 'pin_memory': True, 'random_state': 42, 'class_weights': [2.5285, 1.0], 'dropout': 0.2599, 'use_scheduler': True, 'scheduler_type': 'reduce_on_plateau', 'scheduler_patience': 4, 'scheduler_factor': 0.2139, 'scheduler_min_lr': 1e-06, 'early_stopping': True, 'early_stopping_patience': 8, 'early_stopping_min_delta': 0.001, 'early_stopping_min_epochs': 10, 'use_patch_entropy_regularization': True, 'patch_entropy_lambda': 0.001, 'patch_entropy_mode': 'max', 'patch_entropy_eps': 1e-08, 'normalize_patch_entropy': True}
============================================================
PREPARING DATA
============================================================
Loaded 118 labels
Found 83630 patch files
All 3808 non-standard file names were handled.
Grouped into 383 slices
Mapped 371 slices to classes
Class distribution: {1: 238, 0: 133}

----------------------------------------
SPLITTING DATA
----------------------------------------
Loading existing splits from: ./no_train_val_leakage_splits/data_splits_new_01.npz
Data splits loaded from: ./no_train_val_leakage_splits/data_splits_new_01.npz
Loaded splits - Train: 247, Val: 53, Test: 71
Cases per split: 57 18 18
Paths per split: 51810 14101 14130
No leakage between train & val (cases).
No leakage between train & test (cases).
No leakage between val & test (cases).
No leakage between train & val (paths).
No leakage between train & test (paths).
No leakage between val & test (paths).

Data Summary:
==================================================

Label distribution per split:
label   0   1
split        
test    7  11
train  21  36
val     7  11

Mean patches per stain per split:
       h&e_patches  melan_patches  sox10_patches
split                                           
test         404.4          203.2          177.3
train        440.7          258.6          209.6
val          405.0          201.1          177.3

Median patches per stain per split:
       h&e_patches  melan_patches  sox10_patches
split                                           
test         306.0          174.0          148.0
train        328.0          194.0          155.0
val          326.5          167.5          164.0

Missing stain proportion:
       h&e_missing  melan_missing  sox10_missing
split                                           
test           0.0          0.000          0.000
train          0.0          0.035          0.035
val            0.0          0.000          0.000

Total cases: 93
Total patches: 80,041
==================================================

Patch count by class for Train:
  Benign (0):     16334 patches
  High-grade (1): 35476 patches

Patch count by class for Validation:
  Benign (0):     4875 patches
  High-grade (1): 9226 patches

Patch count by class for Test:
  Benign (0):     4571 patches
  High-grade (1): 9559 patches

Data Integrity Check for Train:
Stain coverage:
  h&e: 57/57 (100.0%)
  melan: 55/57 (96.5%)
  sox10: 55/57 (96.5%)
No issues found

Data Integrity Check for Validation:
Stain coverage:
  h&e: 18/18 (100.0%)
  melan: 18/18 (100.0%)
  sox10: 18/18 (100.0%)
No issues found

Data Integrity Check for Test:
Stain coverage:
  h&e: 18/18 (100.0%)
  melan: 18/18 (100.0%)
  sox10: 18/18 (100.0%)
No issues found
Using existing splits from: ./no_train_val_leakage_splits/data_splits_new_01.npz

============================================================
CREATING DATA LOADERS (POOLED FEATURES)
============================================================
Created data loaders - Train: 57, Val: 18, Test: 18

============================================================
CREATING MODEL
============================================================

Model Summary:
==================================================
Total parameters: 2,493,061
Trainable parameters: 2,493,061
Model size: 9.51 MB
==================================================

============================================================
TRAINING MODEL
============================================================
Starting training from epoch 1 to 30
Device: cpu
Model parameters: 2,493,061
LR scheduler: ReduceLROnPlateau
Patch entropy regularization enabled (lambda=0.001, mode=max, normalize=True) -> maximize entropy (smoother attention)
Early stopping enabled (patience=8, min_delta=0.001, min_epochs=10)

Epoch 1/30 (LR: 2.08e-04)
Train Loss: 0.8541 | Train CE: 0.8551 | Train Patch Entropy: 0.9959 | Val Loss: 0.4767 | Val Acc: 0.7222
Epoch Time: 199.77s
New best validation loss: 0.4767
Checkpoint saved: ./runs/20260312_143402_MIL_Task2/checkpoints/20260312_143731_HierarchicalAttnMIL_epoch1.pth
Best checkpoint updated: ./runs/20260312_143402_MIL_Task2/checkpoints/best.pth

Epoch 2/30 (LR: 2.08e-04)
Train Loss: 0.4164 | Train CE: 0.4174 | Train Patch Entropy: 0.9817 | Val Loss: 0.5220 | Val Acc: 0.7222
Epoch Time: 195.46s
No improvement for 1 epoch(s)
Checkpoint saved: ./runs/20260312_143402_MIL_Task2/checkpoints/20260312_144047_HierarchicalAttnMIL_epoch2.pth

Epoch 3/30 (LR: 2.08e-04)
Train Loss: 0.1424 | Train CE: 0.1434 | Train Patch Entropy: 0.9772 | Val Loss: 0.8503 | Val Acc: 0.7222
Epoch Time: 235.43s
No improvement for 2 epoch(s)
Checkpoint saved: ./runs/20260312_143402_MIL_Task2/checkpoints/20260312_144442_HierarchicalAttnMIL_epoch3.pth

Epoch 4/30 (LR: 2.08e-04)
Train Loss: 0.2926 | Train CE: 0.2935 | Train Patch Entropy: 0.9564 | Val Loss: 0.3059 | Val Acc: 0.8333
Epoch Time: 221.89s
New best validation loss: 0.3059
Checkpoint saved: ./runs/20260312_143402_MIL_Task2/checkpoints/20260312_144824_HierarchicalAttnMIL_epoch4.pth
Best checkpoint updated: ./runs/20260312_143402_MIL_Task2/checkpoints/best.pth

Epoch 5/30 (LR: 2.08e-04)
Train Loss: 0.1340 | Train CE: 0.1350 | Train Patch Entropy: 0.9635 | Val Loss: 0.6841 | Val Acc: 0.7778
Epoch Time: 259.39s
No improvement for 1 epoch(s)
Checkpoint saved: ./runs/20260312_143402_MIL_Task2/checkpoints/20260312_145243_HierarchicalAttnMIL_epoch5.pth

Epoch 6/30 (LR: 2.08e-04)
Train Loss: 0.0817 | Train CE: 0.0827 | Train Patch Entropy: 0.9521 | Val Loss: 0.4032 | Val Acc: 0.8333
Epoch Time: 229.90s
No improvement for 2 epoch(s)
Checkpoint saved: ./runs/20260312_143402_MIL_Task2/checkpoints/20260312_145633_HierarchicalAttnMIL_epoch6.pth

Epoch 7/30 (LR: 2.08e-04)
Train Loss: 0.1365 | Train CE: 0.1374 | Train Patch Entropy: 0.9726 | Val Loss: 0.7211 | Val Acc: 0.7778
Epoch Time: 222.46s
No improvement for 3 epoch(s)
Checkpoint saved: ./runs/20260312_143402_MIL_Task2/checkpoints/20260312_150016_HierarchicalAttnMIL_epoch7.pth

Epoch 8/30 (LR: 2.08e-04)
Train Loss: 0.1805 | Train CE: 0.1815 | Train Patch Entropy: 0.9509 | Val Loss: 0.4405 | Val Acc: 0.8333
Epoch Time: 220.30s
No improvement for 4 epoch(s)
Checkpoint saved: ./runs/20260312_143402_MIL_Task2/checkpoints/20260312_150356_HierarchicalAttnMIL_epoch8.pth

Epoch 9/30 (LR: 2.08e-04)
Train Loss: 0.0202 | Train CE: 0.0212 | Train Patch Entropy: 0.9650 | Val Loss: 0.1872 | Val Acc: 0.8889
Epoch Time: 209.17s
New best validation loss: 0.1872
Checkpoint saved: ./runs/20260312_143402_MIL_Task2/checkpoints/20260312_150726_HierarchicalAttnMIL_epoch9.pth
Best checkpoint updated: ./runs/20260312_143402_MIL_Task2/checkpoints/best.pth

Epoch 10/30 (LR: 2.08e-04)
Train Loss: 0.0064 | Train CE: 0.0073 | Train Patch Entropy: 0.9663 | Val Loss: 0.2811 | Val Acc: 0.8889
Epoch Time: 244.24s
No improvement for 1 epoch(s)
Checkpoint saved: ./runs/20260312_143402_MIL_Task2/checkpoints/20260312_151130_HierarchicalAttnMIL_epoch10.pth

Epoch 11/30 (LR: 2.08e-04)
Train Loss: 0.0044 | Train CE: 0.0054 | Train Patch Entropy: 0.9630 | Val Loss: 0.2757 | Val Acc: 0.8889
Epoch Time: 201.25s
No improvement for 2 epoch(s)
Checkpoint saved: ./runs/20260312_143402_MIL_Task2/checkpoints/20260312_151451_HierarchicalAttnMIL_epoch11.pth

Epoch 12/30 (LR: 2.08e-04)
Train Loss: 0.0017 | Train CE: 0.0027 | Train Patch Entropy: 0.9605 | Val Loss: 0.3132 | Val Acc: 0.8889
Epoch Time: 196.97s
No improvement for 3 epoch(s)
Checkpoint saved: ./runs/20260312_143402_MIL_Task2/checkpoints/20260312_151808_HierarchicalAttnMIL_epoch12.pth

Epoch 13/30 (LR: 2.08e-04)
Train Loss: 0.0009 | Train CE: 0.0019 | Train Patch Entropy: 0.9584 | Val Loss: 0.2568 | Val Acc: 0.8889
Epoch Time: 181.33s
No improvement for 4 epoch(s)
Checkpoint saved: ./runs/20260312_143402_MIL_Task2/checkpoints/20260312_152110_HierarchicalAttnMIL_epoch13.pth

Epoch 14/30 (LR: 2.08e-04)
Train Loss: 0.0003 | Train CE: 0.0013 | Train Patch Entropy: 0.9570 | Val Loss: 0.2690 | Val Acc: 0.8889
Epoch Time: 183.70s
No improvement for 5 epoch(s)
Checkpoint saved: ./runs/20260312_143402_MIL_Task2/checkpoints/20260312_152413_HierarchicalAttnMIL_epoch14.pth

Epoch 15/30 (LR: 4.45e-05)
Train Loss: -0.0001 | Train CE: 0.0009 | Train Patch Entropy: 0.9556 | Val Loss: 0.2732 | Val Acc: 0.8889
Epoch Time: 193.96s
No improvement for 6 epoch(s)
Checkpoint saved: ./runs/20260312_143402_MIL_Task2/checkpoints/20260312_152727_HierarchicalAttnMIL_epoch15.pth

Epoch 16/30 (LR: 4.45e-05)
Train Loss: 0.0003 | Train CE: 0.0013 | Train Patch Entropy: 0.9560 | Val Loss: 0.2698 | Val Acc: 0.8889
Epoch Time: 195.29s
No improvement for 7 epoch(s)
Checkpoint saved: ./runs/20260312_143402_MIL_Task2/checkpoints/20260312_153043_HierarchicalAttnMIL_epoch16.pth

Epoch 17/30 (LR: 4.45e-05)
Train Loss: -0.0001 | Train CE: 0.0009 | Train Patch Entropy: 0.9550 | Val Loss: 0.2661 | Val Acc: 0.8889
Epoch Time: 197.94s
No improvement for 8 epoch(s)
Checkpoint saved: ./runs/20260312_143402_MIL_Task2/checkpoints/20260312_153401_HierarchicalAttnMIL_epoch17.pth

Early stopping triggered at epoch 17. Best val loss: 0.1872

Training completed!

============================================================
EVALUATING MODEL
============================================================

Test Results:
  Test Loss: 0.2286
  Test Acc:  0.8889
  Test HG Recall: 0.9091
  Test B Recall:  0.8571
  Samples:   18
Predictions saved to: ./runs/20260312_143402_MIL_Task2/predictions.csv
Confusion matrix saved to: ./runs/20260312_143402_MIL_Task2/confusion_matrix.png

Results saved to: ./runs/20260312_143402_MIL_Task2

Total execution time: 3647.37s (1.01 hours)
Training completed successfully!
------------------------------------------------
End time: Thu Mar 12 15:34:51 CDT 2026
------------------------------------------------
