------------------------------------------------
Job ID: 2630859 | Task ID: 42
Running ./no_train_val_leakage_splits/data_splits_new_05.npz with Seed 30
Start time: Thu Mar 12 14:47:05 CDT 2026
------------------------------------------------
Random seed set to 30
Using CPU
Created run directory: ./runs/20260312_144719_MIL_Task2
================================================================================
HIERARCHICAL ATTENTION MIL TRAINING
================================================================================
Arguments: {'labels_csv': 'extra_benign_case_grade_match.csv', 'patches_dir': '/projects/e32998/patches_benign_split', 'epochs': 30, 'lr': 0.000208, 'batch_size': 1, 'num_workers': 2, 'embed_dim': 512, 'per_slice_cap': 800, 'max_slices_per_stain': None, 'seed': 30, 'resume': None, 'eval_only': False, 'analyze_attention': False, 'attention_top_n': 5, 'load_splits': './no_train_val_leakage_splits/data_splits_new_05.npz', 'checkpoint_dir': './runs/20260312_144719_MIL_Task2/checkpoints'}
Training config (may be overridden by arguments): {'epochs': 30, 'batch_size': 1, 'learning_rate': 0.000208, 'weight_decay': 0.000305, 'num_workers': 2, 'pin_memory': True, 'random_state': 42, 'class_weights': [2.5285, 1.0], 'dropout': 0.2599, 'use_scheduler': True, 'scheduler_type': 'reduce_on_plateau', 'scheduler_patience': 4, 'scheduler_factor': 0.2139, 'scheduler_min_lr': 1e-06, 'early_stopping': True, 'early_stopping_patience': 8, 'early_stopping_min_delta': 0.001, 'early_stopping_min_epochs': 10, 'use_patch_entropy_regularization': True, 'patch_entropy_lambda': 0.001, 'patch_entropy_mode': 'max', 'patch_entropy_eps': 1e-08, 'normalize_patch_entropy': True}
============================================================
PREPARING DATA
============================================================
Loaded 118 labels
Found 83630 patch files
All 3808 non-standard file names were handled.
Grouped into 383 slices
Mapped 371 slices to classes
Class distribution: {1: 238, 0: 133}

----------------------------------------
SPLITTING DATA
----------------------------------------
Loading existing splits from: ./no_train_val_leakage_splits/data_splits_new_05.npz
Data splits loaded from: ./no_train_val_leakage_splits/data_splits_new_05.npz
Loaded splits - Train: 245, Val: 73, Test: 53
Cases per split: 56 19 18
Paths per split: 51880 14060 14101
No leakage between train & val (cases).
No leakage between train & test (cases).
No leakage between val & test (cases).
No leakage between train & val (paths).
No leakage between train & test (paths).
No leakage between val & test (paths).

Data Summary:
==================================================

Label distribution per split:
label   0   1
split        
test    7  11
train  21  35
val     7  12

Mean patches per stain per split:
       h&e_patches  melan_patches  sox10_patches
split                                           
test         405.0          201.1          177.3
train        451.1          261.9          213.5
val          375.8          196.5          167.7

Median patches per stain per split:
       h&e_patches  melan_patches  sox10_patches
split                                           
test         326.5          167.5          164.0
train        327.0          192.0          154.0
val          311.0          179.0          138.0

Missing stain proportion:
       h&e_missing  melan_missing  sox10_missing
split                                           
test           0.0          0.000          0.000
train          0.0          0.018          0.018
val            0.0          0.053          0.053

Total cases: 93
Total patches: 80,041
==================================================

Patch count by class for Train:
  Benign (0):     16141 patches
  High-grade (1): 35739 patches

Patch count by class for Validation:
  Benign (0):     4764 patches
  High-grade (1): 9296 patches

Patch count by class for Test:
  Benign (0):     4875 patches
  High-grade (1): 9226 patches

Data Integrity Check for Train:
Stain coverage:
  h&e: 56/56 (100.0%)
  melan: 55/56 (98.2%)
  sox10: 55/56 (98.2%)
No issues found

Data Integrity Check for Validation:
Stain coverage:
  h&e: 19/19 (100.0%)
  melan: 18/19 (94.7%)
  sox10: 18/19 (94.7%)
No issues found

Data Integrity Check for Test:
Stain coverage:
  h&e: 18/18 (100.0%)
  melan: 18/18 (100.0%)
  sox10: 18/18 (100.0%)
No issues found
Using existing splits from: ./no_train_val_leakage_splits/data_splits_new_05.npz

============================================================
CREATING DATA LOADERS (POOLED FEATURES)
============================================================
Created data loaders - Train: 56, Val: 19, Test: 18

============================================================
CREATING MODEL
============================================================

Model Summary:
==================================================
Total parameters: 2,493,061
Trainable parameters: 2,493,061
Model size: 9.51 MB
==================================================

============================================================
TRAINING MODEL
============================================================
Starting training from epoch 1 to 30
Device: cpu
Model parameters: 2,493,061
LR scheduler: ReduceLROnPlateau
Patch entropy regularization enabled (lambda=0.001, mode=max, normalize=True) -> maximize entropy (smoother attention)
Early stopping enabled (patience=8, min_delta=0.001, min_epochs=10)

Epoch 1/30 (LR: 2.08e-04)
Train Loss: 0.8226 | Train CE: 0.8236 | Train Patch Entropy: 0.9947 | Val Loss: 0.5120 | Val Acc: 0.7368
Epoch Time: 124.31s
New best validation loss: 0.5120
Checkpoint saved: ./runs/20260312_144719_MIL_Task2/checkpoints/20260312_144928_HierarchicalAttnMIL_epoch1.pth
Best checkpoint updated: ./runs/20260312_144719_MIL_Task2/checkpoints/best.pth

Epoch 2/30 (LR: 2.08e-04)
Train Loss: 0.3545 | Train CE: 0.3554 | Train Patch Entropy: 0.9768 | Val Loss: 0.3303 | Val Acc: 0.8947
Epoch Time: 102.92s
New best validation loss: 0.3303
Checkpoint saved: ./runs/20260312_144719_MIL_Task2/checkpoints/20260312_145111_HierarchicalAttnMIL_epoch2.pth
Best checkpoint updated: ./runs/20260312_144719_MIL_Task2/checkpoints/best.pth

Epoch 3/30 (LR: 2.08e-04)
Train Loss: 0.5540 | Train CE: 0.5550 | Train Patch Entropy: 0.9621 | Val Loss: 0.8370 | Val Acc: 0.6316
Epoch Time: 107.61s
No improvement for 1 epoch(s)
Checkpoint saved: ./runs/20260312_144719_MIL_Task2/checkpoints/20260312_145259_HierarchicalAttnMIL_epoch3.pth

Epoch 4/30 (LR: 2.08e-04)
Train Loss: 0.4337 | Train CE: 0.4347 | Train Patch Entropy: 0.9707 | Val Loss: 0.3130 | Val Acc: 0.8421
Epoch Time: 100.84s
New best validation loss: 0.3130
Checkpoint saved: ./runs/20260312_144719_MIL_Task2/checkpoints/20260312_145440_HierarchicalAttnMIL_epoch4.pth
Best checkpoint updated: ./runs/20260312_144719_MIL_Task2/checkpoints/best.pth

Epoch 5/30 (LR: 2.08e-04)
Train Loss: 0.1598 | Train CE: 0.1607 | Train Patch Entropy: 0.9454 | Val Loss: 0.2927 | Val Acc: 0.8421
Epoch Time: 96.80s
New best validation loss: 0.2927
Checkpoint saved: ./runs/20260312_144719_MIL_Task2/checkpoints/20260312_145617_HierarchicalAttnMIL_epoch5.pth
Best checkpoint updated: ./runs/20260312_144719_MIL_Task2/checkpoints/best.pth

Epoch 6/30 (LR: 2.08e-04)
Train Loss: 0.0613 | Train CE: 0.0623 | Train Patch Entropy: 0.9166 | Val Loss: 0.2013 | Val Acc: 0.8947
Epoch Time: 94.58s
New best validation loss: 0.2013
Checkpoint saved: ./runs/20260312_144719_MIL_Task2/checkpoints/20260312_145752_HierarchicalAttnMIL_epoch6.pth
Best checkpoint updated: ./runs/20260312_144719_MIL_Task2/checkpoints/best.pth

Epoch 7/30 (LR: 2.08e-04)
Train Loss: 0.0079 | Train CE: 0.0088 | Train Patch Entropy: 0.9035 | Val Loss: 0.2391 | Val Acc: 0.8947
Epoch Time: 84.57s
No improvement for 1 epoch(s)
Checkpoint saved: ./runs/20260312_144719_MIL_Task2/checkpoints/20260312_145916_HierarchicalAttnMIL_epoch7.pth

Epoch 8/30 (LR: 2.08e-04)
Train Loss: 0.0062 | Train CE: 0.0071 | Train Patch Entropy: 0.8968 | Val Loss: 0.3605 | Val Acc: 0.8421
Epoch Time: 73.74s
No improvement for 2 epoch(s)
Checkpoint saved: ./runs/20260312_144719_MIL_Task2/checkpoints/20260312_150030_HierarchicalAttnMIL_epoch8.pth

Epoch 9/30 (LR: 2.08e-04)
Train Loss: 0.0039 | Train CE: 0.0048 | Train Patch Entropy: 0.8954 | Val Loss: 0.3562 | Val Acc: 0.8421
Epoch Time: 75.73s
No improvement for 3 epoch(s)
Checkpoint saved: ./runs/20260312_144719_MIL_Task2/checkpoints/20260312_150146_HierarchicalAttnMIL_epoch9.pth

Epoch 10/30 (LR: 2.08e-04)
Train Loss: 0.0004 | Train CE: 0.0013 | Train Patch Entropy: 0.8900 | Val Loss: 0.3184 | Val Acc: 0.8421
Epoch Time: 72.49s
No improvement for 4 epoch(s)
Checkpoint saved: ./runs/20260312_144719_MIL_Task2/checkpoints/20260312_150258_HierarchicalAttnMIL_epoch10.pth

Epoch 11/30 (LR: 2.08e-04)
Train Loss: 0.0001 | Train CE: 0.0010 | Train Patch Entropy: 0.8874 | Val Loss: 0.3953 | Val Acc: 0.8421
Epoch Time: 74.26s
No improvement for 5 epoch(s)
Checkpoint saved: ./runs/20260312_144719_MIL_Task2/checkpoints/20260312_150413_HierarchicalAttnMIL_epoch11.pth

Epoch 12/30 (LR: 4.45e-05)
Train Loss: -0.0002 | Train CE: 0.0007 | Train Patch Entropy: 0.8845 | Val Loss: 0.3854 | Val Acc: 0.8421
Epoch Time: 74.06s
No improvement for 6 epoch(s)
Checkpoint saved: ./runs/20260312_144719_MIL_Task2/checkpoints/20260312_150527_HierarchicalAttnMIL_epoch12.pth

Epoch 13/30 (LR: 4.45e-05)
Train Loss: -0.0001 | Train CE: 0.0008 | Train Patch Entropy: 0.8838 | Val Loss: 0.3793 | Val Acc: 0.8421
Epoch Time: 77.23s
No improvement for 7 epoch(s)
Checkpoint saved: ./runs/20260312_144719_MIL_Task2/checkpoints/20260312_150644_HierarchicalAttnMIL_epoch13.pth

Epoch 14/30 (LR: 4.45e-05)
Train Loss: -0.0005 | Train CE: 0.0004 | Train Patch Entropy: 0.8806 | Val Loss: 0.3832 | Val Acc: 0.8421
Epoch Time: 71.37s
No improvement for 8 epoch(s)
Checkpoint saved: ./runs/20260312_144719_MIL_Task2/checkpoints/20260312_150756_HierarchicalAttnMIL_epoch14.pth

Early stopping triggered at epoch 14. Best val loss: 0.2013

Training completed!

============================================================
EVALUATING MODEL
============================================================

Test Results:
  Test Loss: 0.4358
  Test Acc:  0.7778
  Test HG Recall: 0.7273
  Test B Recall:  0.8571
  Samples:   18
Predictions saved to: ./runs/20260312_144719_MIL_Task2/predictions.csv
Confusion matrix saved to: ./runs/20260312_144719_MIL_Task2/confusion_matrix.png

Results saved to: ./runs/20260312_144719_MIL_Task2

Total execution time: 1250.71s (0.35 hours)
Training completed successfully!
------------------------------------------------
End time: Thu Mar 12 15:08:11 CDT 2026
------------------------------------------------
