------------------------------------------------
Job ID: 2630754 | Task ID: 35
Running ./no_train_val_leakage_splits/data_splits_new_04.npz with Seed 60
Start time: Thu Mar 12 14:46:10 CDT 2026
------------------------------------------------
Random seed set to 60
Using CPU
Created run directory: ./runs/20260312_144630_MIL_Task2
================================================================================
HIERARCHICAL ATTENTION MIL TRAINING
================================================================================
Arguments: {'labels_csv': 'extra_benign_case_grade_match.csv', 'patches_dir': '/projects/e32998/patches_benign_split', 'epochs': 30, 'lr': 0.000208, 'batch_size': 1, 'num_workers': 2, 'embed_dim': 512, 'per_slice_cap': 800, 'max_slices_per_stain': None, 'seed': 60, 'resume': None, 'eval_only': False, 'analyze_attention': False, 'attention_top_n': 5, 'load_splits': './no_train_val_leakage_splits/data_splits_new_04.npz', 'checkpoint_dir': './runs/20260312_144630_MIL_Task2/checkpoints'}
Training config (may be overridden by arguments): {'epochs': 30, 'batch_size': 1, 'learning_rate': 0.000208, 'weight_decay': 0.000305, 'num_workers': 2, 'pin_memory': True, 'random_state': 42, 'class_weights': [2.5285, 1.0], 'dropout': 0.2599, 'use_scheduler': True, 'scheduler_type': 'reduce_on_plateau', 'scheduler_patience': 4, 'scheduler_factor': 0.2139, 'scheduler_min_lr': 1e-06, 'early_stopping': True, 'early_stopping_patience': 8, 'early_stopping_min_delta': 0.001, 'early_stopping_min_epochs': 10, 'use_patch_entropy_regularization': True, 'patch_entropy_lambda': 0.001, 'patch_entropy_mode': 'max', 'patch_entropy_eps': 1e-08, 'normalize_patch_entropy': True}
============================================================
PREPARING DATA
============================================================
Loaded 118 labels
Found 83630 patch files
All 3808 non-standard file names were handled.
Grouped into 383 slices
Mapped 371 slices to classes
Class distribution: {1: 238, 0: 133}

----------------------------------------
SPLITTING DATA
----------------------------------------
Loading existing splits from: ./no_train_val_leakage_splits/data_splits_new_04.npz
Data splits loaded from: ./no_train_val_leakage_splits/data_splits_new_04.npz
Loaded splits - Train: 191, Val: 107, Test: 73
Cases per split: 55 19 19
Paths per split: 43712 22269 14060
No leakage between train & val (cases).
No leakage between train & test (cases).
No leakage between val & test (cases).
No leakage between train & val (paths).
No leakage between train & test (paths).
No leakage between val & test (paths).

Data Summary:
==================================================

Label distribution per split:
label   0   1
split        
test    7  12
train  21  34
val     7  12

Mean patches per stain per split:
       h&e_patches  melan_patches  sox10_patches
split                                           
test         375.8          196.5          167.7
train        398.7          215.9          180.2
val          559.1          337.4          275.6

Median patches per stain per split:
       h&e_patches  melan_patches  sox10_patches
split                                           
test         311.0          179.0          138.0
train        323.0          176.0          145.0
val          414.0          236.0          162.0

Missing stain proportion:
       h&e_missing  melan_missing  sox10_missing
split                                           
test           0.0          0.053          0.053
train          0.0          0.018          0.018
val            0.0          0.000          0.000

Total cases: 93
Total patches: 80,041
==================================================

Patch count by class for Train:
  Benign (0):     15655 patches
  High-grade (1): 28057 patches

Patch count by class for Validation:
  Benign (0):     5361 patches
  High-grade (1): 16908 patches

Patch count by class for Test:
  Benign (0):     4764 patches
  High-grade (1): 9296 patches

Data Integrity Check for Train:
Stain coverage:
  h&e: 55/55 (100.0%)
  melan: 54/55 (98.2%)
  sox10: 54/55 (98.2%)
No issues found

Data Integrity Check for Validation:
Stain coverage:
  h&e: 19/19 (100.0%)
  melan: 19/19 (100.0%)
  sox10: 19/19 (100.0%)
No issues found

Data Integrity Check for Test:
Stain coverage:
  h&e: 19/19 (100.0%)
  melan: 18/19 (94.7%)
  sox10: 18/19 (94.7%)
No issues found
Using existing splits from: ./no_train_val_leakage_splits/data_splits_new_04.npz

============================================================
CREATING DATA LOADERS (POOLED FEATURES)
============================================================
Created data loaders - Train: 55, Val: 19, Test: 19

============================================================
CREATING MODEL
============================================================

Model Summary:
==================================================
Total parameters: 2,493,061
Trainable parameters: 2,493,061
Model size: 9.51 MB
==================================================

============================================================
TRAINING MODEL
============================================================
Starting training from epoch 1 to 30
Device: cpu
Model parameters: 2,493,061
LR scheduler: ReduceLROnPlateau
Patch entropy regularization enabled (lambda=0.001, mode=max, normalize=True) -> maximize entropy (smoother attention)
Early stopping enabled (patience=8, min_delta=0.001, min_epochs=10)

Epoch 1/30 (LR: 2.08e-04)
Train Loss: 1.1279 | Train CE: 1.1289 | Train Patch Entropy: 0.9900 | Val Loss: 0.3704 | Val Acc: 0.8947
Epoch Time: 158.35s
New best validation loss: 0.3704
Checkpoint saved: ./runs/20260312_144630_MIL_Task2/checkpoints/20260312_144917_HierarchicalAttnMIL_epoch1.pth
Best checkpoint updated: ./runs/20260312_144630_MIL_Task2/checkpoints/best.pth

Epoch 2/30 (LR: 2.08e-04)
Train Loss: 0.3919 | Train CE: 0.3929 | Train Patch Entropy: 0.9861 | Val Loss: 0.2277 | Val Acc: 0.8947
Epoch Time: 141.90s
New best validation loss: 0.2277
Checkpoint saved: ./runs/20260312_144630_MIL_Task2/checkpoints/20260312_145139_HierarchicalAttnMIL_epoch2.pth
Best checkpoint updated: ./runs/20260312_144630_MIL_Task2/checkpoints/best.pth

Epoch 3/30 (LR: 2.08e-04)
Train Loss: 0.3277 | Train CE: 0.3286 | Train Patch Entropy: 0.9570 | Val Loss: 0.2409 | Val Acc: 0.8947
Epoch Time: 163.86s
No improvement for 1 epoch(s)
Checkpoint saved: ./runs/20260312_144630_MIL_Task2/checkpoints/20260312_145423_HierarchicalAttnMIL_epoch3.pth

Epoch 4/30 (LR: 2.08e-04)
Train Loss: 0.2012 | Train CE: 0.2022 | Train Patch Entropy: 0.9559 | Val Loss: 0.1868 | Val Acc: 0.9474
Epoch Time: 122.41s
New best validation loss: 0.1868
Checkpoint saved: ./runs/20260312_144630_MIL_Task2/checkpoints/20260312_145626_HierarchicalAttnMIL_epoch4.pth
Best checkpoint updated: ./runs/20260312_144630_MIL_Task2/checkpoints/best.pth

Epoch 5/30 (LR: 2.08e-04)
Train Loss: 0.0454 | Train CE: 0.0463 | Train Patch Entropy: 0.9122 | Val Loss: 0.1192 | Val Acc: 0.8947
Epoch Time: 134.40s
New best validation loss: 0.1192
Checkpoint saved: ./runs/20260312_144630_MIL_Task2/checkpoints/20260312_145840_HierarchicalAttnMIL_epoch5.pth
Best checkpoint updated: ./runs/20260312_144630_MIL_Task2/checkpoints/best.pth

Epoch 6/30 (LR: 2.08e-04)
Train Loss: 0.1477 | Train CE: 0.1485 | Train Patch Entropy: 0.8603 | Val Loss: 0.2156 | Val Acc: 0.8947
Epoch Time: 99.77s
No improvement for 1 epoch(s)
Checkpoint saved: ./runs/20260312_144630_MIL_Task2/checkpoints/20260312_150020_HierarchicalAttnMIL_epoch6.pth

Epoch 7/30 (LR: 2.08e-04)
Train Loss: 0.0279 | Train CE: 0.0287 | Train Patch Entropy: 0.8367 | Val Loss: 0.2260 | Val Acc: 0.8947
Epoch Time: 100.17s
No improvement for 2 epoch(s)
Checkpoint saved: ./runs/20260312_144630_MIL_Task2/checkpoints/20260312_150200_HierarchicalAttnMIL_epoch7.pth

Epoch 8/30 (LR: 2.08e-04)
Train Loss: 0.0067 | Train CE: 0.0075 | Train Patch Entropy: 0.8342 | Val Loss: 0.2932 | Val Acc: 0.8947
Epoch Time: 101.50s
No improvement for 3 epoch(s)
Checkpoint saved: ./runs/20260312_144630_MIL_Task2/checkpoints/20260312_150342_HierarchicalAttnMIL_epoch8.pth

Epoch 9/30 (LR: 2.08e-04)
Train Loss: 0.0030 | Train CE: 0.0038 | Train Patch Entropy: 0.8241 | Val Loss: 0.2901 | Val Acc: 0.8947
Epoch Time: 104.41s
No improvement for 4 epoch(s)
Checkpoint saved: ./runs/20260312_144630_MIL_Task2/checkpoints/20260312_150526_HierarchicalAttnMIL_epoch9.pth

Epoch 10/30 (LR: 2.08e-04)
Train Loss: 0.0019 | Train CE: 0.0027 | Train Patch Entropy: 0.8174 | Val Loss: 0.2845 | Val Acc: 0.8947
Epoch Time: 96.15s
No improvement for 5 epoch(s)
Checkpoint saved: ./runs/20260312_144630_MIL_Task2/checkpoints/20260312_150702_HierarchicalAttnMIL_epoch10.pth

Epoch 11/30 (LR: 4.45e-05)
Train Loss: 0.0005 | Train CE: 0.0013 | Train Patch Entropy: 0.8156 | Val Loss: 0.2842 | Val Acc: 0.8947
Epoch Time: 96.89s
No improvement for 6 epoch(s)
Checkpoint saved: ./runs/20260312_144630_MIL_Task2/checkpoints/20260312_150839_HierarchicalAttnMIL_epoch11.pth

Epoch 12/30 (LR: 4.45e-05)
Train Loss: 0.0014 | Train CE: 0.0022 | Train Patch Entropy: 0.8172 | Val Loss: 0.2903 | Val Acc: 0.8947
Epoch Time: 149.14s
No improvement for 7 epoch(s)
Checkpoint saved: ./runs/20260312_144630_MIL_Task2/checkpoints/20260312_151108_HierarchicalAttnMIL_epoch12.pth

Epoch 13/30 (LR: 4.45e-05)
Train Loss: 0.0011 | Train CE: 0.0019 | Train Patch Entropy: 0.8148 | Val Loss: 0.2885 | Val Acc: 0.8947
Epoch Time: 139.15s
No improvement for 8 epoch(s)
Checkpoint saved: ./runs/20260312_144630_MIL_Task2/checkpoints/20260312_151328_HierarchicalAttnMIL_epoch13.pth

Early stopping triggered at epoch 13. Best val loss: 0.1192

Training completed!

============================================================
EVALUATING MODEL
============================================================

Test Results:
  Test Loss: 0.0800
  Test Acc:  0.9474
  Test HG Recall: 0.9167
  Test B Recall:  1.0000
  Samples:   19
Predictions saved to: ./runs/20260312_144630_MIL_Task2/predictions.csv
Confusion matrix saved to: ./runs/20260312_144630_MIL_Task2/confusion_matrix.png

Results saved to: ./runs/20260312_144630_MIL_Task2

Total execution time: 1651.38s (0.46 hours)
Training completed successfully!
------------------------------------------------
End time: Thu Mar 12 15:14:03 CDT 2026
------------------------------------------------
