------------------------------------------------
Job ID: 2630750 | Task ID: 31
Running ./no_train_val_leakage_splits/data_splits_new_04.npz with Seed 20
Start time: Thu Mar 12 14:46:14 CDT 2026
------------------------------------------------
Random seed set to 20
Using CPU
Created run directory: ./runs/20260312_144640_MIL_Task2
================================================================================
HIERARCHICAL ATTENTION MIL TRAINING
================================================================================
Arguments: {'labels_csv': 'extra_benign_case_grade_match.csv', 'patches_dir': '/projects/e32998/patches_benign_split', 'epochs': 30, 'lr': 0.000208, 'batch_size': 1, 'num_workers': 2, 'embed_dim': 512, 'per_slice_cap': 800, 'max_slices_per_stain': None, 'seed': 20, 'resume': None, 'eval_only': False, 'analyze_attention': False, 'attention_top_n': 5, 'load_splits': './no_train_val_leakage_splits/data_splits_new_04.npz', 'checkpoint_dir': './runs/20260312_144640_MIL_Task2/checkpoints'}
Training config (may be overridden by arguments): {'epochs': 30, 'batch_size': 1, 'learning_rate': 0.000208, 'weight_decay': 0.000305, 'num_workers': 2, 'pin_memory': True, 'random_state': 42, 'class_weights': [2.5285, 1.0], 'dropout': 0.2599, 'use_scheduler': True, 'scheduler_type': 'reduce_on_plateau', 'scheduler_patience': 4, 'scheduler_factor': 0.2139, 'scheduler_min_lr': 1e-06, 'early_stopping': True, 'early_stopping_patience': 8, 'early_stopping_min_delta': 0.001, 'early_stopping_min_epochs': 10, 'use_patch_entropy_regularization': True, 'patch_entropy_lambda': 0.001, 'patch_entropy_mode': 'max', 'patch_entropy_eps': 1e-08, 'normalize_patch_entropy': True}
============================================================
PREPARING DATA
============================================================
Loaded 118 labels
Found 83630 patch files
All 3808 non-standard file names were handled.
Grouped into 383 slices
Mapped 371 slices to classes
Class distribution: {1: 238, 0: 133}

----------------------------------------
SPLITTING DATA
----------------------------------------
Loading existing splits from: ./no_train_val_leakage_splits/data_splits_new_04.npz
Data splits loaded from: ./no_train_val_leakage_splits/data_splits_new_04.npz
Loaded splits - Train: 191, Val: 107, Test: 73
Cases per split: 55 19 19
Paths per split: 43712 22269 14060
No leakage between train & val (cases).
No leakage between train & test (cases).
No leakage between val & test (cases).
No leakage between train & val (paths).
No leakage between train & test (paths).
No leakage between val & test (paths).

Data Summary:
==================================================

Label distribution per split:
label   0   1
split        
test    7  12
train  21  34
val     7  12

Mean patches per stain per split:
       h&e_patches  melan_patches  sox10_patches
split                                           
test         375.8          196.5          167.7
train        398.7          215.9          180.2
val          559.1          337.4          275.6

Median patches per stain per split:
       h&e_patches  melan_patches  sox10_patches
split                                           
test         311.0          179.0          138.0
train        323.0          176.0          145.0
val          414.0          236.0          162.0

Missing stain proportion:
       h&e_missing  melan_missing  sox10_missing
split                                           
test           0.0          0.053          0.053
train          0.0          0.018          0.018
val            0.0          0.000          0.000

Total cases: 93
Total patches: 80,041
==================================================

Patch count by class for Train:
  Benign (0):     15655 patches
  High-grade (1): 28057 patches

Patch count by class for Validation:
  Benign (0):     5361 patches
  High-grade (1): 16908 patches

Patch count by class for Test:
  Benign (0):     4764 patches
  High-grade (1): 9296 patches

Data Integrity Check for Train:
Stain coverage:
  h&e: 55/55 (100.0%)
  melan: 54/55 (98.2%)
  sox10: 54/55 (98.2%)
No issues found

Data Integrity Check for Validation:
Stain coverage:
  h&e: 19/19 (100.0%)
  melan: 19/19 (100.0%)
  sox10: 19/19 (100.0%)
No issues found

Data Integrity Check for Test:
Stain coverage:
  h&e: 19/19 (100.0%)
  melan: 18/19 (94.7%)
  sox10: 18/19 (94.7%)
No issues found
Using existing splits from: ./no_train_val_leakage_splits/data_splits_new_04.npz

============================================================
CREATING DATA LOADERS (POOLED FEATURES)
============================================================
Created data loaders - Train: 55, Val: 19, Test: 19

============================================================
CREATING MODEL
============================================================

Model Summary:
==================================================
Total parameters: 2,493,061
Trainable parameters: 2,493,061
Model size: 9.51 MB
==================================================

============================================================
TRAINING MODEL
============================================================
Starting training from epoch 1 to 30
Device: cpu
Model parameters: 2,493,061
LR scheduler: ReduceLROnPlateau
Patch entropy regularization enabled (lambda=0.001, mode=max, normalize=True) -> maximize entropy (smoother attention)
Early stopping enabled (patience=8, min_delta=0.001, min_epochs=10)

Epoch 1/30 (LR: 2.08e-04)
Train Loss: 1.2235 | Train CE: 1.2244 | Train Patch Entropy: 0.9661 | Val Loss: 0.4609 | Val Acc: 0.8421
Epoch Time: 227.88s
New best validation loss: 0.4609
Checkpoint saved: ./runs/20260312_144640_MIL_Task2/checkpoints/20260312_145037_HierarchicalAttnMIL_epoch1.pth
Best checkpoint updated: ./runs/20260312_144640_MIL_Task2/checkpoints/best.pth

Epoch 2/30 (LR: 2.08e-04)
Train Loss: 0.4080 | Train CE: 0.4089 | Train Patch Entropy: 0.8977 | Val Loss: 0.3860 | Val Acc: 0.8947
Epoch Time: 211.07s
New best validation loss: 0.3860
Checkpoint saved: ./runs/20260312_144640_MIL_Task2/checkpoints/20260312_145408_HierarchicalAttnMIL_epoch2.pth
Best checkpoint updated: ./runs/20260312_144640_MIL_Task2/checkpoints/best.pth

Epoch 3/30 (LR: 2.08e-04)
Train Loss: 0.2613 | Train CE: 0.2621 | Train Patch Entropy: 0.8254 | Val Loss: 0.6468 | Val Acc: 0.7895
Epoch Time: 186.21s
No improvement for 1 epoch(s)
Checkpoint saved: ./runs/20260312_144640_MIL_Task2/checkpoints/20260312_145714_HierarchicalAttnMIL_epoch3.pth

Epoch 4/30 (LR: 2.08e-04)
Train Loss: 0.1783 | Train CE: 0.1791 | Train Patch Entropy: 0.8351 | Val Loss: 0.4548 | Val Acc: 0.8947
Epoch Time: 193.20s
No improvement for 2 epoch(s)
Checkpoint saved: ./runs/20260312_144640_MIL_Task2/checkpoints/20260312_150027_HierarchicalAttnMIL_epoch4.pth

Epoch 5/30 (LR: 2.08e-04)
Train Loss: 0.1099 | Train CE: 0.1107 | Train Patch Entropy: 0.8291 | Val Loss: 0.6044 | Val Acc: 0.8421
Epoch Time: 161.05s
No improvement for 3 epoch(s)
Checkpoint saved: ./runs/20260312_144640_MIL_Task2/checkpoints/20260312_150308_HierarchicalAttnMIL_epoch5.pth

Epoch 6/30 (LR: 2.08e-04)
Train Loss: 0.1503 | Train CE: 0.1511 | Train Patch Entropy: 0.7771 | Val Loss: 1.0209 | Val Acc: 0.7368
Epoch Time: 165.32s
No improvement for 4 epoch(s)
Checkpoint saved: ./runs/20260312_144640_MIL_Task2/checkpoints/20260312_150554_HierarchicalAttnMIL_epoch6.pth

Epoch 7/30 (LR: 2.08e-04)
Train Loss: 0.1606 | Train CE: 0.1615 | Train Patch Entropy: 0.8783 | Val Loss: 0.2578 | Val Acc: 0.8947
Epoch Time: 160.80s
New best validation loss: 0.2578
Checkpoint saved: ./runs/20260312_144640_MIL_Task2/checkpoints/20260312_150835_HierarchicalAttnMIL_epoch7.pth
Best checkpoint updated: ./runs/20260312_144640_MIL_Task2/checkpoints/best.pth

Epoch 8/30 (LR: 2.08e-04)
Train Loss: 0.0836 | Train CE: 0.0845 | Train Patch Entropy: 0.8423 | Val Loss: 0.3692 | Val Acc: 0.8947
Epoch Time: 192.67s
No improvement for 1 epoch(s)
Checkpoint saved: ./runs/20260312_144640_MIL_Task2/checkpoints/20260312_151147_HierarchicalAttnMIL_epoch8.pth

Epoch 9/30 (LR: 2.08e-04)
Train Loss: 0.0580 | Train CE: 0.0588 | Train Patch Entropy: 0.8110 | Val Loss: 0.4636 | Val Acc: 0.8947
Epoch Time: 156.35s
No improvement for 2 epoch(s)
Checkpoint saved: ./runs/20260312_144640_MIL_Task2/checkpoints/20260312_151424_HierarchicalAttnMIL_epoch9.pth

Epoch 10/30 (LR: 2.08e-04)
Train Loss: 0.1071 | Train CE: 0.1079 | Train Patch Entropy: 0.8525 | Val Loss: 0.8870 | Val Acc: 0.8421
Epoch Time: 153.49s
No improvement for 3 epoch(s)
Checkpoint saved: ./runs/20260312_144640_MIL_Task2/checkpoints/20260312_151657_HierarchicalAttnMIL_epoch10.pth

Epoch 11/30 (LR: 2.08e-04)
Train Loss: 0.0684 | Train CE: 0.0692 | Train Patch Entropy: 0.8640 | Val Loss: 1.0105 | Val Acc: 0.8421
Epoch Time: 141.53s
No improvement for 4 epoch(s)
Checkpoint saved: ./runs/20260312_144640_MIL_Task2/checkpoints/20260312_151919_HierarchicalAttnMIL_epoch11.pth

Epoch 12/30 (LR: 2.08e-04)
Train Loss: 0.0032 | Train CE: 0.0041 | Train Patch Entropy: 0.8643 | Val Loss: 0.5512 | Val Acc: 0.8947
Epoch Time: 148.51s
No improvement for 5 epoch(s)
Checkpoint saved: ./runs/20260312_144640_MIL_Task2/checkpoints/20260312_152147_HierarchicalAttnMIL_epoch12.pth

Epoch 13/30 (LR: 4.45e-05)
Train Loss: 0.0024 | Train CE: 0.0032 | Train Patch Entropy: 0.8658 | Val Loss: 0.5592 | Val Acc: 0.8947
Epoch Time: 133.08s
No improvement for 6 epoch(s)
Checkpoint saved: ./runs/20260312_144640_MIL_Task2/checkpoints/20260312_152401_HierarchicalAttnMIL_epoch13.pth

Epoch 14/30 (LR: 4.45e-05)
Train Loss: 0.0053 | Train CE: 0.0061 | Train Patch Entropy: 0.8644 | Val Loss: 0.6083 | Val Acc: 0.8421
Epoch Time: 141.19s
No improvement for 7 epoch(s)
Checkpoint saved: ./runs/20260312_144640_MIL_Task2/checkpoints/20260312_152622_HierarchicalAttnMIL_epoch14.pth

Epoch 15/30 (LR: 4.45e-05)
Train Loss: 0.0043 | Train CE: 0.0052 | Train Patch Entropy: 0.8610 | Val Loss: 0.6244 | Val Acc: 0.8421
Epoch Time: 145.32s
No improvement for 8 epoch(s)
Checkpoint saved: ./runs/20260312_144640_MIL_Task2/checkpoints/20260312_152847_HierarchicalAttnMIL_epoch15.pth

Early stopping triggered at epoch 15. Best val loss: 0.2578

Training completed!

============================================================
EVALUATING MODEL
============================================================

Test Results:
  Test Loss: 0.0625
  Test Acc:  1.0000
  Test HG Recall: 1.0000
  Test B Recall:  1.0000
  Samples:   19
Predictions saved to: ./runs/20260312_144640_MIL_Task2/predictions.csv
Confusion matrix saved to: ./runs/20260312_144640_MIL_Task2/confusion_matrix.png

Results saved to: ./runs/20260312_144640_MIL_Task2

Total execution time: 2560.47s (0.71 hours)
Training completed successfully!
------------------------------------------------
End time: Thu Mar 12 15:29:23 CDT 2026
------------------------------------------------
