------------------------------------------------
Job ID: 2629110 | Task ID: 6
Running ./no_train_val_leakage_splits/data_splits_new_01.npz with Seed 70
Start time: Thu Mar 12 14:33:28 CDT 2026
------------------------------------------------
Random seed set to 70
Using CPU
Created run directory: ./runs/20260312_143347_MIL_Task2
================================================================================
HIERARCHICAL ATTENTION MIL TRAINING
================================================================================
Arguments: {'labels_csv': 'extra_benign_case_grade_match.csv', 'patches_dir': '/projects/e32998/patches_benign_split', 'epochs': 30, 'lr': 0.000208, 'batch_size': 1, 'num_workers': 2, 'embed_dim': 512, 'per_slice_cap': 800, 'max_slices_per_stain': None, 'seed': 70, 'resume': None, 'eval_only': False, 'analyze_attention': False, 'attention_top_n': 5, 'load_splits': './no_train_val_leakage_splits/data_splits_new_01.npz', 'checkpoint_dir': './runs/20260312_143347_MIL_Task2/checkpoints'}
Training config (may be overridden by arguments): {'epochs': 30, 'batch_size': 1, 'learning_rate': 0.000208, 'weight_decay': 0.000305, 'num_workers': 2, 'pin_memory': True, 'random_state': 42, 'class_weights': [2.5285, 1.0], 'dropout': 0.2599, 'use_scheduler': True, 'scheduler_type': 'reduce_on_plateau', 'scheduler_patience': 4, 'scheduler_factor': 0.2139, 'scheduler_min_lr': 1e-06, 'early_stopping': True, 'early_stopping_patience': 8, 'early_stopping_min_delta': 0.001, 'early_stopping_min_epochs': 10, 'use_patch_entropy_regularization': True, 'patch_entropy_lambda': 0.001, 'patch_entropy_mode': 'max', 'patch_entropy_eps': 1e-08, 'normalize_patch_entropy': True}
============================================================
PREPARING DATA
============================================================
Loaded 118 labels
Found 83630 patch files
All 3808 non-standard file names were handled.
Grouped into 383 slices
Mapped 371 slices to classes
Class distribution: {1: 238, 0: 133}

----------------------------------------
SPLITTING DATA
----------------------------------------
Loading existing splits from: ./no_train_val_leakage_splits/data_splits_new_01.npz
Data splits loaded from: ./no_train_val_leakage_splits/data_splits_new_01.npz
Loaded splits - Train: 247, Val: 53, Test: 71
Cases per split: 57 18 18
Paths per split: 51810 14101 14130
No leakage between train & val (cases).
No leakage between train & test (cases).
No leakage between val & test (cases).
No leakage between train & val (paths).
No leakage between train & test (paths).
No leakage between val & test (paths).

Data Summary:
==================================================

Label distribution per split:
label   0   1
split        
test    7  11
train  21  36
val     7  11

Mean patches per stain per split:
       h&e_patches  melan_patches  sox10_patches
split                                           
test         404.4          203.2          177.3
train        440.7          258.6          209.6
val          405.0          201.1          177.3

Median patches per stain per split:
       h&e_patches  melan_patches  sox10_patches
split                                           
test         306.0          174.0          148.0
train        328.0          194.0          155.0
val          326.5          167.5          164.0

Missing stain proportion:
       h&e_missing  melan_missing  sox10_missing
split                                           
test           0.0          0.000          0.000
train          0.0          0.035          0.035
val            0.0          0.000          0.000

Total cases: 93
Total patches: 80,041
==================================================

Patch count by class for Train:
  Benign (0):     16334 patches
  High-grade (1): 35476 patches

Patch count by class for Validation:
  Benign (0):     4875 patches
  High-grade (1): 9226 patches

Patch count by class for Test:
  Benign (0):     4571 patches
  High-grade (1): 9559 patches

Data Integrity Check for Train:
Stain coverage:
  h&e: 57/57 (100.0%)
  melan: 55/57 (96.5%)
  sox10: 55/57 (96.5%)
No issues found

Data Integrity Check for Validation:
Stain coverage:
  h&e: 18/18 (100.0%)
  melan: 18/18 (100.0%)
  sox10: 18/18 (100.0%)
No issues found

Data Integrity Check for Test:
Stain coverage:
  h&e: 18/18 (100.0%)
  melan: 18/18 (100.0%)
  sox10: 18/18 (100.0%)
No issues found
Using existing splits from: ./no_train_val_leakage_splits/data_splits_new_01.npz

============================================================
CREATING DATA LOADERS (POOLED FEATURES)
============================================================
Created data loaders - Train: 57, Val: 18, Test: 18

============================================================
CREATING MODEL
============================================================

Model Summary:
==================================================
Total parameters: 2,493,061
Trainable parameters: 2,493,061
Model size: 9.51 MB
==================================================

============================================================
TRAINING MODEL
============================================================
Starting training from epoch 1 to 30
Device: cpu
Model parameters: 2,493,061
LR scheduler: ReduceLROnPlateau
Patch entropy regularization enabled (lambda=0.001, mode=max, normalize=True) -> maximize entropy (smoother attention)
Early stopping enabled (patience=8, min_delta=0.001, min_epochs=10)

Epoch 1/30 (LR: 2.08e-04)
Train Loss: 0.7042 | Train CE: 0.7052 | Train Patch Entropy: 0.9949 | Val Loss: 0.3979 | Val Acc: 0.8333
Epoch Time: 42.75s
New best validation loss: 0.3979
Checkpoint saved: ./runs/20260312_143347_MIL_Task2/checkpoints/20260312_143435_HierarchicalAttnMIL_epoch1.pth
Best checkpoint updated: ./runs/20260312_143347_MIL_Task2/checkpoints/best.pth

Epoch 2/30 (LR: 2.08e-04)
Train Loss: 0.4686 | Train CE: 0.4696 | Train Patch Entropy: 0.9731 | Val Loss: 0.2862 | Val Acc: 0.8889
Epoch Time: 43.16s
New best validation loss: 0.2862
Checkpoint saved: ./runs/20260312_143347_MIL_Task2/checkpoints/20260312_143518_HierarchicalAttnMIL_epoch2.pth
Best checkpoint updated: ./runs/20260312_143347_MIL_Task2/checkpoints/best.pth

Epoch 3/30 (LR: 2.08e-04)
Train Loss: 0.2968 | Train CE: 0.2978 | Train Patch Entropy: 0.9796 | Val Loss: 0.4940 | Val Acc: 0.7778
Epoch Time: 43.54s
No improvement for 1 epoch(s)
Checkpoint saved: ./runs/20260312_143347_MIL_Task2/checkpoints/20260312_143602_HierarchicalAttnMIL_epoch3.pth

Epoch 4/30 (LR: 2.08e-04)
Train Loss: 0.1962 | Train CE: 0.1972 | Train Patch Entropy: 0.9726 | Val Loss: 0.1860 | Val Acc: 0.8889
Epoch Time: 39.37s
New best validation loss: 0.1860
Checkpoint saved: ./runs/20260312_143347_MIL_Task2/checkpoints/20260312_143641_HierarchicalAttnMIL_epoch4.pth
Best checkpoint updated: ./runs/20260312_143347_MIL_Task2/checkpoints/best.pth

Epoch 5/30 (LR: 2.08e-04)
Train Loss: 0.0593 | Train CE: 0.0603 | Train Patch Entropy: 0.9714 | Val Loss: 0.3014 | Val Acc: 0.8889
Epoch Time: 42.80s
No improvement for 1 epoch(s)
Checkpoint saved: ./runs/20260312_143347_MIL_Task2/checkpoints/20260312_143724_HierarchicalAttnMIL_epoch5.pth

Epoch 6/30 (LR: 2.08e-04)
Train Loss: 0.0530 | Train CE: 0.0539 | Train Patch Entropy: 0.9541 | Val Loss: 0.1398 | Val Acc: 0.8889
Epoch Time: 43.41s
New best validation loss: 0.1398
Checkpoint saved: ./runs/20260312_143347_MIL_Task2/checkpoints/20260312_143807_HierarchicalAttnMIL_epoch6.pth
Best checkpoint updated: ./runs/20260312_143347_MIL_Task2/checkpoints/best.pth

Epoch 7/30 (LR: 2.08e-04)
Train Loss: 0.0052 | Train CE: 0.0062 | Train Patch Entropy: 0.9487 | Val Loss: 0.1732 | Val Acc: 0.9444
Epoch Time: 51.11s
No improvement for 1 epoch(s)
Checkpoint saved: ./runs/20260312_143347_MIL_Task2/checkpoints/20260312_143858_HierarchicalAttnMIL_epoch7.pth

Epoch 8/30 (LR: 2.08e-04)
Train Loss: 0.0058 | Train CE: 0.0067 | Train Patch Entropy: 0.9445 | Val Loss: 0.1472 | Val Acc: 0.8889
Epoch Time: 44.93s
No improvement for 2 epoch(s)
Checkpoint saved: ./runs/20260312_143347_MIL_Task2/checkpoints/20260312_143943_HierarchicalAttnMIL_epoch8.pth

Epoch 9/30 (LR: 2.08e-04)
Train Loss: 0.0011 | Train CE: 0.0020 | Train Patch Entropy: 0.9386 | Val Loss: 0.1570 | Val Acc: 0.8889
Epoch Time: 47.78s
No improvement for 3 epoch(s)
Checkpoint saved: ./runs/20260312_143347_MIL_Task2/checkpoints/20260312_144031_HierarchicalAttnMIL_epoch9.pth

Epoch 10/30 (LR: 2.08e-04)
Train Loss: 0.0011 | Train CE: 0.0020 | Train Patch Entropy: 0.9355 | Val Loss: 0.1110 | Val Acc: 0.9444
Epoch Time: 42.55s
New best validation loss: 0.1110
Checkpoint saved: ./runs/20260312_143347_MIL_Task2/checkpoints/20260312_144114_HierarchicalAttnMIL_epoch10.pth
Best checkpoint updated: ./runs/20260312_143347_MIL_Task2/checkpoints/best.pth

Epoch 11/30 (LR: 2.08e-04)
Train Loss: 0.0002 | Train CE: 0.0011 | Train Patch Entropy: 0.9329 | Val Loss: 0.1268 | Val Acc: 0.8889
Epoch Time: 43.73s
No improvement for 1 epoch(s)
Checkpoint saved: ./runs/20260312_143347_MIL_Task2/checkpoints/20260312_144158_HierarchicalAttnMIL_epoch11.pth

Epoch 12/30 (LR: 2.08e-04)
Train Loss: -0.0002 | Train CE: 0.0007 | Train Patch Entropy: 0.9311 | Val Loss: 0.1379 | Val Acc: 0.8889
Epoch Time: 43.45s
No improvement for 2 epoch(s)
Checkpoint saved: ./runs/20260312_143347_MIL_Task2/checkpoints/20260312_144241_HierarchicalAttnMIL_epoch12.pth

Epoch 13/30 (LR: 2.08e-04)
Train Loss: 0.0001 | Train CE: 0.0010 | Train Patch Entropy: 0.9306 | Val Loss: 0.1405 | Val Acc: 0.8889
Epoch Time: 57.25s
No improvement for 3 epoch(s)
Checkpoint saved: ./runs/20260312_143347_MIL_Task2/checkpoints/20260312_144338_HierarchicalAttnMIL_epoch13.pth

Epoch 14/30 (LR: 2.08e-04)
Train Loss: -0.0006 | Train CE: 0.0003 | Train Patch Entropy: 0.9298 | Val Loss: 0.1454 | Val Acc: 0.8889
Epoch Time: 56.22s
No improvement for 4 epoch(s)
Checkpoint saved: ./runs/20260312_143347_MIL_Task2/checkpoints/20260312_144435_HierarchicalAttnMIL_epoch14.pth

Epoch 15/30 (LR: 2.08e-04)
Train Loss: -0.0002 | Train CE: 0.0008 | Train Patch Entropy: 0.9281 | Val Loss: 0.1460 | Val Acc: 0.8889
Epoch Time: 53.22s
No improvement for 5 epoch(s)
Checkpoint saved: ./runs/20260312_143347_MIL_Task2/checkpoints/20260312_144528_HierarchicalAttnMIL_epoch15.pth

Epoch 16/30 (LR: 4.45e-05)
Train Loss: -0.0005 | Train CE: 0.0004 | Train Patch Entropy: 0.9266 | Val Loss: 0.1432 | Val Acc: 0.8889
Epoch Time: 57.82s
No improvement for 6 epoch(s)
Checkpoint saved: ./runs/20260312_143347_MIL_Task2/checkpoints/20260312_144626_HierarchicalAttnMIL_epoch16.pth

Epoch 17/30 (LR: 4.45e-05)
Train Loss: -0.0002 | Train CE: 0.0007 | Train Patch Entropy: 0.9265 | Val Loss: 0.1390 | Val Acc: 0.8889
Epoch Time: 60.38s
No improvement for 7 epoch(s)
Checkpoint saved: ./runs/20260312_143347_MIL_Task2/checkpoints/20260312_144726_HierarchicalAttnMIL_epoch17.pth

Epoch 18/30 (LR: 4.45e-05)
Train Loss: -0.0006 | Train CE: 0.0003 | Train Patch Entropy: 0.9256 | Val Loss: 0.1401 | Val Acc: 0.8889
Epoch Time: 86.57s
No improvement for 8 epoch(s)
Checkpoint saved: ./runs/20260312_143347_MIL_Task2/checkpoints/20260312_144853_HierarchicalAttnMIL_epoch18.pth

Early stopping triggered at epoch 18. Best val loss: 0.1110

Training completed!

============================================================
EVALUATING MODEL
============================================================

Test Results:
  Test Loss: 0.3093
  Test Acc:  0.8889
  Test HG Recall: 0.9091
  Test B Recall:  0.8571
  Samples:   18
Predictions saved to: ./runs/20260312_143347_MIL_Task2/predictions.csv
Confusion matrix saved to: ./runs/20260312_143347_MIL_Task2/confusion_matrix.png

Results saved to: ./runs/20260312_143347_MIL_Task2

Total execution time: 929.82s (0.26 hours)
Training completed successfully!
------------------------------------------------
End time: Thu Mar 12 14:49:17 CDT 2026
------------------------------------------------
