------------------------------------------------
Job ID: 2629854 | Task ID: 15
Running ./no_train_val_leakage_splits/data_splits_new_02.npz with Seed 60
Start time: Thu Mar 12 14:39:18 CDT 2026
------------------------------------------------
Random seed set to 60
Using CPU
Created run directory: ./runs/20260312_143923_MIL_Task2
================================================================================
HIERARCHICAL ATTENTION MIL TRAINING
================================================================================
Arguments: {'labels_csv': 'extra_benign_case_grade_match.csv', 'patches_dir': '/projects/e32998/patches_benign_split', 'epochs': 30, 'lr': 0.000208, 'batch_size': 1, 'num_workers': 2, 'embed_dim': 512, 'per_slice_cap': 800, 'max_slices_per_stain': None, 'seed': 60, 'resume': None, 'eval_only': False, 'analyze_attention': False, 'attention_top_n': 5, 'load_splits': './no_train_val_leakage_splits/data_splits_new_02.npz', 'checkpoint_dir': './runs/20260312_143923_MIL_Task2/checkpoints'}
Training config (may be overridden by arguments): {'epochs': 30, 'batch_size': 1, 'learning_rate': 0.000208, 'weight_decay': 0.000305, 'num_workers': 2, 'pin_memory': True, 'random_state': 42, 'class_weights': [2.5285, 1.0], 'dropout': 0.2599, 'use_scheduler': True, 'scheduler_type': 'reduce_on_plateau', 'scheduler_patience': 4, 'scheduler_factor': 0.2139, 'scheduler_min_lr': 1e-06, 'early_stopping': True, 'early_stopping_patience': 8, 'early_stopping_min_delta': 0.001, 'early_stopping_min_epochs': 10, 'use_patch_entropy_regularization': True, 'patch_entropy_lambda': 0.001, 'patch_entropy_mode': 'max', 'patch_entropy_eps': 1e-08, 'normalize_patch_entropy': True}
============================================================
PREPARING DATA
============================================================
Loaded 118 labels
Found 83630 patch files
All 3808 non-standard file names were handled.
Grouped into 383 slices
Mapped 371 slices to classes
Class distribution: {1: 238, 0: 133}

----------------------------------------
SPLITTING DATA
----------------------------------------
Loading existing splits from: ./no_train_val_leakage_splits/data_splits_new_02.npz
Data splits loaded from: ./no_train_val_leakage_splits/data_splits_new_02.npz
Loaded splits - Train: 233, Val: 71, Test: 67
Cases per split: 56 18 19
Paths per split: 50430 14130 15481
No leakage between train & val (cases).
No leakage between train & test (cases).
No leakage between val & test (cases).
No leakage between train & val (paths).
No leakage between train & test (paths).
No leakage between val & test (paths).

Data Summary:
==================================================

Label distribution per split:
label   0   1
split        
test    7  12
train  21  35
val     7  11

Mean patches per stain per split:
       h&e_patches  melan_patches  sox10_patches
split                                           
test         387.2          242.0          185.6
train        447.4          245.8          207.4
val          404.4          203.2          177.3

Median patches per stain per split:
       h&e_patches  melan_patches  sox10_patches
split                                           
test         328.0          192.0          128.0
train        327.5          184.5          159.5
val          306.0          174.0          148.0

Missing stain proportion:
       h&e_missing  melan_missing  sox10_missing
split                                           
test           0.0          0.053          0.053
train          0.0          0.018          0.018
val            0.0          0.000          0.000

Total cases: 93
Total patches: 80,041
==================================================

Patch count by class for Train:
  Benign (0):     15000 patches
  High-grade (1): 35430 patches

Patch count by class for Validation:
  Benign (0):     4571 patches
  High-grade (1): 9559 patches

Patch count by class for Test:
  Benign (0):     6209 patches
  High-grade (1): 9272 patches

Data Integrity Check for Train:
Stain coverage:
  h&e: 56/56 (100.0%)
  melan: 55/56 (98.2%)
  sox10: 55/56 (98.2%)
No issues found

Data Integrity Check for Validation:
Stain coverage:
  h&e: 18/18 (100.0%)
  melan: 18/18 (100.0%)
  sox10: 18/18 (100.0%)
No issues found

Data Integrity Check for Test:
Stain coverage:
  h&e: 19/19 (100.0%)
  melan: 18/19 (94.7%)
  sox10: 18/19 (94.7%)
No issues found
Using existing splits from: ./no_train_val_leakage_splits/data_splits_new_02.npz

============================================================
CREATING DATA LOADERS (POOLED FEATURES)
============================================================
Created data loaders - Train: 56, Val: 18, Test: 19

============================================================
CREATING MODEL
============================================================

Model Summary:
==================================================
Total parameters: 2,493,061
Trainable parameters: 2,493,061
Model size: 9.51 MB
==================================================

============================================================
TRAINING MODEL
============================================================
Starting training from epoch 1 to 30
Device: cpu
Model parameters: 2,493,061
LR scheduler: ReduceLROnPlateau
Patch entropy regularization enabled (lambda=0.001, mode=max, normalize=True) -> maximize entropy (smoother attention)
Early stopping enabled (patience=8, min_delta=0.001, min_epochs=10)

Epoch 1/30 (LR: 2.08e-04)
Train Loss: 0.6231 | Train CE: 0.6241 | Train Patch Entropy: 0.9943 | Val Loss: 0.3542 | Val Acc: 0.8333
Epoch Time: 40.16s
New best validation loss: 0.3542
Checkpoint saved: ./runs/20260312_143923_MIL_Task2/checkpoints/20260312_144005_HierarchicalAttnMIL_epoch1.pth
Best checkpoint updated: ./runs/20260312_143923_MIL_Task2/checkpoints/best.pth

Epoch 2/30 (LR: 2.08e-04)
Train Loss: 0.4010 | Train CE: 0.4020 | Train Patch Entropy: 0.9722 | Val Loss: 0.8646 | Val Acc: 0.7222
Epoch Time: 39.93s
No improvement for 1 epoch(s)
Checkpoint saved: ./runs/20260312_143923_MIL_Task2/checkpoints/20260312_144045_HierarchicalAttnMIL_epoch2.pth

Epoch 3/30 (LR: 2.08e-04)
Train Loss: 0.2451 | Train CE: 0.2461 | Train Patch Entropy: 0.9691 | Val Loss: 0.5097 | Val Acc: 0.7778
Epoch Time: 51.17s
No improvement for 2 epoch(s)
Checkpoint saved: ./runs/20260312_143923_MIL_Task2/checkpoints/20260312_144136_HierarchicalAttnMIL_epoch3.pth

Epoch 4/30 (LR: 2.08e-04)
Train Loss: 0.1488 | Train CE: 0.1498 | Train Patch Entropy: 0.9658 | Val Loss: 0.6298 | Val Acc: 0.7222
Epoch Time: 45.89s
No improvement for 3 epoch(s)
Checkpoint saved: ./runs/20260312_143923_MIL_Task2/checkpoints/20260312_144222_HierarchicalAttnMIL_epoch4.pth

Epoch 5/30 (LR: 2.08e-04)
Train Loss: 0.0207 | Train CE: 0.0217 | Train Patch Entropy: 0.9518 | Val Loss: 0.4307 | Val Acc: 0.8889
Epoch Time: 55.23s
No improvement for 4 epoch(s)
Checkpoint saved: ./runs/20260312_143923_MIL_Task2/checkpoints/20260312_144317_HierarchicalAttnMIL_epoch5.pth

Epoch 6/30 (LR: 2.08e-04)
Train Loss: 0.0101 | Train CE: 0.0111 | Train Patch Entropy: 0.9528 | Val Loss: 0.4753 | Val Acc: 0.8889
Epoch Time: 52.91s
No improvement for 5 epoch(s)
Checkpoint saved: ./runs/20260312_143923_MIL_Task2/checkpoints/20260312_144410_HierarchicalAttnMIL_epoch6.pth

Epoch 7/30 (LR: 4.45e-05)
Train Loss: 0.0067 | Train CE: 0.0077 | Train Patch Entropy: 0.9422 | Val Loss: 0.4579 | Val Acc: 0.8889
Epoch Time: 52.76s
No improvement for 6 epoch(s)
Checkpoint saved: ./runs/20260312_143923_MIL_Task2/checkpoints/20260312_144503_HierarchicalAttnMIL_epoch7.pth

Epoch 8/30 (LR: 4.45e-05)
Train Loss: 0.0029 | Train CE: 0.0038 | Train Patch Entropy: 0.9421 | Val Loss: 0.4568 | Val Acc: 0.8889
Epoch Time: 49.42s
No improvement for 7 epoch(s)
Checkpoint saved: ./runs/20260312_143923_MIL_Task2/checkpoints/20260312_144553_HierarchicalAttnMIL_epoch8.pth

Epoch 9/30 (LR: 4.45e-05)
Train Loss: 0.0023 | Train CE: 0.0033 | Train Patch Entropy: 0.9424 | Val Loss: 0.4550 | Val Acc: 0.8889
Epoch Time: 53.18s
No improvement for 8 epoch(s)
Checkpoint saved: ./runs/20260312_143923_MIL_Task2/checkpoints/20260312_144646_HierarchicalAttnMIL_epoch9.pth

Epoch 10/30 (LR: 4.45e-05)
Train Loss: 0.0012 | Train CE: 0.0022 | Train Patch Entropy: 0.9415 | Val Loss: 0.4596 | Val Acc: 0.8889
Epoch Time: 83.14s
No improvement for 9 epoch(s)
Checkpoint saved: ./runs/20260312_143923_MIL_Task2/checkpoints/20260312_144809_HierarchicalAttnMIL_epoch10.pth

Early stopping triggered at epoch 10. Best val loss: 0.3542

Training completed!

============================================================
EVALUATING MODEL
============================================================

Test Results:
  Test Loss: 0.4897
  Test Acc:  0.8947
  Test HG Recall: 1.0000
  Test B Recall:  0.7143
  Samples:   19
Predictions saved to: ./runs/20260312_143923_MIL_Task2/predictions.csv
Confusion matrix saved to: ./runs/20260312_143923_MIL_Task2/confusion_matrix.png

Results saved to: ./runs/20260312_143923_MIL_Task2

Total execution time: 540.62s (0.15 hours)
Training completed successfully!
------------------------------------------------
End time: Thu Mar 12 14:48:25 CDT 2026
------------------------------------------------
