------------------------------------------------
Job ID: 2629109 | Task ID: 5
Running ./no_train_val_leakage_splits/data_splits_new_01.npz with Seed 60
Start time: Thu Mar 12 14:33:28 CDT 2026
------------------------------------------------
Random seed set to 60
Using CPU
Created run directory: ./runs/20260312_143347_MIL_Task2
================================================================================
HIERARCHICAL ATTENTION MIL TRAINING
================================================================================
Arguments: {'labels_csv': 'extra_benign_case_grade_match.csv', 'patches_dir': '/projects/e32998/patches_benign_split', 'epochs': 30, 'lr': 0.000208, 'batch_size': 1, 'num_workers': 2, 'embed_dim': 512, 'per_slice_cap': 800, 'max_slices_per_stain': None, 'seed': 60, 'resume': None, 'eval_only': False, 'analyze_attention': False, 'attention_top_n': 5, 'load_splits': './no_train_val_leakage_splits/data_splits_new_01.npz', 'checkpoint_dir': './runs/20260312_143347_MIL_Task2/checkpoints'}
Training config (may be overridden by arguments): {'epochs': 30, 'batch_size': 1, 'learning_rate': 0.000208, 'weight_decay': 0.000305, 'num_workers': 2, 'pin_memory': True, 'random_state': 42, 'class_weights': [2.5285, 1.0], 'dropout': 0.2599, 'use_scheduler': True, 'scheduler_type': 'reduce_on_plateau', 'scheduler_patience': 4, 'scheduler_factor': 0.2139, 'scheduler_min_lr': 1e-06, 'early_stopping': True, 'early_stopping_patience': 8, 'early_stopping_min_delta': 0.001, 'early_stopping_min_epochs': 10, 'use_patch_entropy_regularization': True, 'patch_entropy_lambda': 0.001, 'patch_entropy_mode': 'max', 'patch_entropy_eps': 1e-08, 'normalize_patch_entropy': True}
============================================================
PREPARING DATA
============================================================
Loaded 118 labels
Found 83630 patch files
All 3808 non-standard file names were handled.
Grouped into 383 slices
Mapped 371 slices to classes
Class distribution: {1: 238, 0: 133}

----------------------------------------
SPLITTING DATA
----------------------------------------
Loading existing splits from: ./no_train_val_leakage_splits/data_splits_new_01.npz
Data splits loaded from: ./no_train_val_leakage_splits/data_splits_new_01.npz
Loaded splits - Train: 247, Val: 53, Test: 71
Cases per split: 57 18 18
Paths per split: 51810 14101 14130
No leakage between train & val (cases).
No leakage between train & test (cases).
No leakage between val & test (cases).
No leakage between train & val (paths).
No leakage between train & test (paths).
No leakage between val & test (paths).

Data Summary:
==================================================

Label distribution per split:
label   0   1
split        
test    7  11
train  21  36
val     7  11

Mean patches per stain per split:
       h&e_patches  melan_patches  sox10_patches
split                                           
test         404.4          203.2          177.3
train        440.7          258.6          209.6
val          405.0          201.1          177.3

Median patches per stain per split:
       h&e_patches  melan_patches  sox10_patches
split                                           
test         306.0          174.0          148.0
train        328.0          194.0          155.0
val          326.5          167.5          164.0

Missing stain proportion:
       h&e_missing  melan_missing  sox10_missing
split                                           
test           0.0          0.000          0.000
train          0.0          0.035          0.035
val            0.0          0.000          0.000

Total cases: 93
Total patches: 80,041
==================================================

Patch count by class for Train:
  Benign (0):     16334 patches
  High-grade (1): 35476 patches

Patch count by class for Validation:
  Benign (0):     4875 patches
  High-grade (1): 9226 patches

Patch count by class for Test:
  Benign (0):     4571 patches
  High-grade (1): 9559 patches

Data Integrity Check for Train:
Stain coverage:
  h&e: 57/57 (100.0%)
  melan: 55/57 (96.5%)
  sox10: 55/57 (96.5%)
No issues found

Data Integrity Check for Validation:
Stain coverage:
  h&e: 18/18 (100.0%)
  melan: 18/18 (100.0%)
  sox10: 18/18 (100.0%)
No issues found

Data Integrity Check for Test:
Stain coverage:
  h&e: 18/18 (100.0%)
  melan: 18/18 (100.0%)
  sox10: 18/18 (100.0%)
No issues found
Using existing splits from: ./no_train_val_leakage_splits/data_splits_new_01.npz

============================================================
CREATING DATA LOADERS (POOLED FEATURES)
============================================================
Created data loaders - Train: 57, Val: 18, Test: 18

============================================================
CREATING MODEL
============================================================

Model Summary:
==================================================
Total parameters: 2,493,061
Trainable parameters: 2,493,061
Model size: 9.51 MB
==================================================

============================================================
TRAINING MODEL
============================================================
Starting training from epoch 1 to 30
Device: cpu
Model parameters: 2,493,061
LR scheduler: ReduceLROnPlateau
Patch entropy regularization enabled (lambda=0.001, mode=max, normalize=True) -> maximize entropy (smoother attention)
Early stopping enabled (patience=8, min_delta=0.001, min_epochs=10)

Epoch 1/30 (LR: 2.08e-04)
Train Loss: 0.8215 | Train CE: 0.8225 | Train Patch Entropy: 0.9972 | Val Loss: 0.6434 | Val Acc: 0.5556
Epoch Time: 42.75s
New best validation loss: 0.6434
Checkpoint saved: ./runs/20260312_143347_MIL_Task2/checkpoints/20260312_143435_HierarchicalAttnMIL_epoch1.pth
Best checkpoint updated: ./runs/20260312_143347_MIL_Task2/checkpoints/best.pth

Epoch 2/30 (LR: 2.08e-04)
Train Loss: 0.3799 | Train CE: 0.3809 | Train Patch Entropy: 0.9800 | Val Loss: 0.5380 | Val Acc: 0.6667
Epoch Time: 43.16s
New best validation loss: 0.5380
Checkpoint saved: ./runs/20260312_143347_MIL_Task2/checkpoints/20260312_143518_HierarchicalAttnMIL_epoch2.pth
Best checkpoint updated: ./runs/20260312_143347_MIL_Task2/checkpoints/best.pth

Epoch 3/30 (LR: 2.08e-04)
Train Loss: 0.1507 | Train CE: 0.1517 | Train Patch Entropy: 0.9679 | Val Loss: 0.4115 | Val Acc: 0.8889
Epoch Time: 43.55s
New best validation loss: 0.4115
Checkpoint saved: ./runs/20260312_143347_MIL_Task2/checkpoints/20260312_143602_HierarchicalAttnMIL_epoch3.pth
Best checkpoint updated: ./runs/20260312_143347_MIL_Task2/checkpoints/best.pth

Epoch 4/30 (LR: 2.08e-04)
Train Loss: 0.3798 | Train CE: 0.3807 | Train Patch Entropy: 0.9710 | Val Loss: 0.3843 | Val Acc: 0.9444
Epoch Time: 39.33s
New best validation loss: 0.3843
Checkpoint saved: ./runs/20260312_143347_MIL_Task2/checkpoints/20260312_143641_HierarchicalAttnMIL_epoch4.pth
Best checkpoint updated: ./runs/20260312_143347_MIL_Task2/checkpoints/best.pth

Epoch 5/30 (LR: 2.08e-04)
Train Loss: 0.1230 | Train CE: 0.1239 | Train Patch Entropy: 0.9752 | Val Loss: 0.4423 | Val Acc: 0.7778
Epoch Time: 46.99s
No improvement for 1 epoch(s)
Checkpoint saved: ./runs/20260312_143347_MIL_Task2/checkpoints/20260312_143728_HierarchicalAttnMIL_epoch5.pth

Epoch 6/30 (LR: 2.08e-04)
Train Loss: 0.2545 | Train CE: 0.2554 | Train Patch Entropy: 0.9772 | Val Loss: 0.2643 | Val Acc: 0.8889
Epoch Time: 44.29s
New best validation loss: 0.2643
Checkpoint saved: ./runs/20260312_143347_MIL_Task2/checkpoints/20260312_143812_HierarchicalAttnMIL_epoch6.pth
Best checkpoint updated: ./runs/20260312_143347_MIL_Task2/checkpoints/best.pth

Epoch 7/30 (LR: 2.08e-04)
Train Loss: 0.0739 | Train CE: 0.0749 | Train Patch Entropy: 0.9770 | Val Loss: 0.6577 | Val Acc: 0.8333
Epoch Time: 48.11s
No improvement for 1 epoch(s)
Checkpoint saved: ./runs/20260312_143347_MIL_Task2/checkpoints/20260312_143900_HierarchicalAttnMIL_epoch7.pth

Epoch 8/30 (LR: 2.08e-04)
Train Loss: 0.0549 | Train CE: 0.0558 | Train Patch Entropy: 0.9679 | Val Loss: 0.1831 | Val Acc: 0.8889
Epoch Time: 45.39s
New best validation loss: 0.1831
Checkpoint saved: ./runs/20260312_143347_MIL_Task2/checkpoints/20260312_143946_HierarchicalAttnMIL_epoch8.pth
Best checkpoint updated: ./runs/20260312_143347_MIL_Task2/checkpoints/best.pth

Epoch 9/30 (LR: 2.08e-04)
Train Loss: 0.0272 | Train CE: 0.0282 | Train Patch Entropy: 0.9576 | Val Loss: 0.3906 | Val Acc: 0.7778
Epoch Time: 45.26s
No improvement for 1 epoch(s)
Checkpoint saved: ./runs/20260312_143347_MIL_Task2/checkpoints/20260312_144031_HierarchicalAttnMIL_epoch9.pth

Epoch 10/30 (LR: 2.08e-04)
Train Loss: 0.0439 | Train CE: 0.0448 | Train Patch Entropy: 0.9520 | Val Loss: 0.2454 | Val Acc: 0.9444
Epoch Time: 42.60s
No improvement for 2 epoch(s)
Checkpoint saved: ./runs/20260312_143347_MIL_Task2/checkpoints/20260312_144114_HierarchicalAttnMIL_epoch10.pth

Epoch 11/30 (LR: 2.08e-04)
Train Loss: 0.0080 | Train CE: 0.0089 | Train Patch Entropy: 0.9511 | Val Loss: 0.1901 | Val Acc: 0.9444
Epoch Time: 43.74s
No improvement for 3 epoch(s)
Checkpoint saved: ./runs/20260312_143347_MIL_Task2/checkpoints/20260312_144158_HierarchicalAttnMIL_epoch11.pth

Epoch 12/30 (LR: 2.08e-04)
Train Loss: 0.0069 | Train CE: 0.0078 | Train Patch Entropy: 0.9455 | Val Loss: 0.2739 | Val Acc: 0.9444
Epoch Time: 39.82s
No improvement for 4 epoch(s)
Checkpoint saved: ./runs/20260312_143347_MIL_Task2/checkpoints/20260312_144237_HierarchicalAttnMIL_epoch12.pth

Epoch 13/30 (LR: 2.08e-04)
Train Loss: 0.0009 | Train CE: 0.0018 | Train Patch Entropy: 0.9444 | Val Loss: 0.1393 | Val Acc: 0.9444
Epoch Time: 53.71s
New best validation loss: 0.1393
Checkpoint saved: ./runs/20260312_143347_MIL_Task2/checkpoints/20260312_144331_HierarchicalAttnMIL_epoch13.pth
Best checkpoint updated: ./runs/20260312_143347_MIL_Task2/checkpoints/best.pth

Epoch 14/30 (LR: 2.08e-04)
Train Loss: -0.0006 | Train CE: 0.0003 | Train Patch Entropy: 0.9389 | Val Loss: 0.1299 | Val Acc: 0.9444
Epoch Time: 51.11s
New best validation loss: 0.1299
Checkpoint saved: ./runs/20260312_143347_MIL_Task2/checkpoints/20260312_144422_HierarchicalAttnMIL_epoch14.pth
Best checkpoint updated: ./runs/20260312_143347_MIL_Task2/checkpoints/best.pth

Epoch 15/30 (LR: 2.08e-04)
Train Loss: -0.0006 | Train CE: 0.0004 | Train Patch Entropy: 0.9392 | Val Loss: 0.1345 | Val Acc: 0.9444
Epoch Time: 58.13s
No improvement for 1 epoch(s)
Checkpoint saved: ./runs/20260312_143347_MIL_Task2/checkpoints/20260312_144521_HierarchicalAttnMIL_epoch15.pth

Epoch 16/30 (LR: 2.08e-04)
Train Loss: -0.0008 | Train CE: 0.0002 | Train Patch Entropy: 0.9390 | Val Loss: 0.1355 | Val Acc: 0.9444
Epoch Time: 60.00s
No improvement for 2 epoch(s)
Checkpoint saved: ./runs/20260312_143347_MIL_Task2/checkpoints/20260312_144621_HierarchicalAttnMIL_epoch16.pth

Epoch 17/30 (LR: 2.08e-04)
Train Loss: -0.0005 | Train CE: 0.0005 | Train Patch Entropy: 0.9387 | Val Loss: 0.1385 | Val Acc: 0.9444
Epoch Time: 65.52s
No improvement for 3 epoch(s)
Checkpoint saved: ./runs/20260312_143347_MIL_Task2/checkpoints/20260312_144726_HierarchicalAttnMIL_epoch17.pth

Epoch 18/30 (LR: 2.08e-04)
Train Loss: -0.0008 | Train CE: 0.0002 | Train Patch Entropy: 0.9384 | Val Loss: 0.1455 | Val Acc: 0.9444
Epoch Time: 74.17s
No improvement for 4 epoch(s)
Checkpoint saved: ./runs/20260312_143347_MIL_Task2/checkpoints/20260312_144840_HierarchicalAttnMIL_epoch18.pth

Epoch 19/30 (LR: 2.08e-04)
Train Loss: -0.0007 | Train CE: 0.0002 | Train Patch Entropy: 0.9386 | Val Loss: 0.1416 | Val Acc: 0.9444
Epoch Time: 84.49s
No improvement for 5 epoch(s)
Checkpoint saved: ./runs/20260312_143347_MIL_Task2/checkpoints/20260312_145005_HierarchicalAttnMIL_epoch19.pth

Epoch 20/30 (LR: 4.45e-05)
Train Loss: -0.0006 | Train CE: 0.0004 | Train Patch Entropy: 0.9382 | Val Loss: 0.1414 | Val Acc: 0.9444
Epoch Time: 62.29s
No improvement for 6 epoch(s)
Checkpoint saved: ./runs/20260312_143347_MIL_Task2/checkpoints/20260312_145107_HierarchicalAttnMIL_epoch20.pth

Epoch 21/30 (LR: 4.45e-05)
Train Loss: -0.0006 | Train CE: 0.0004 | Train Patch Entropy: 0.9383 | Val Loss: 0.1435 | Val Acc: 0.9444
Epoch Time: 58.92s
No improvement for 7 epoch(s)
Checkpoint saved: ./runs/20260312_143347_MIL_Task2/checkpoints/20260312_145206_HierarchicalAttnMIL_epoch21.pth

Epoch 22/30 (LR: 4.45e-05)
Train Loss: -0.0007 | Train CE: 0.0002 | Train Patch Entropy: 0.9376 | Val Loss: 0.1427 | Val Acc: 0.9444
Epoch Time: 70.48s
No improvement for 8 epoch(s)
Checkpoint saved: ./runs/20260312_143347_MIL_Task2/checkpoints/20260312_145317_HierarchicalAttnMIL_epoch22.pth

Early stopping triggered at epoch 22. Best val loss: 0.1299

Training completed!

============================================================
EVALUATING MODEL
============================================================

Test Results:
  Test Loss: 0.6193
  Test Acc:  0.8889
  Test HG Recall: 0.9091
  Test B Recall:  0.8571
  Samples:   18
Predictions saved to: ./runs/20260312_143347_MIL_Task2/predictions.csv
Confusion matrix saved to: ./runs/20260312_143347_MIL_Task2/confusion_matrix.png

Results saved to: ./runs/20260312_143347_MIL_Task2

Total execution time: 1187.44s (0.33 hours)
Training completed successfully!
------------------------------------------------
End time: Thu Mar 12 14:53:34 CDT 2026
------------------------------------------------
