------------------------------------------------
Job ID: 2650747 | Task ID: 12
Running ./no_train_val_leakage_splits/data_splits_new_02.npz with Seed 30
Start time: Thu Mar 12 16:09:00 CDT 2026
------------------------------------------------
Random seed set to 30
Using CPU
Created run directory: ./runs/20260312_160914_MIL_Task2_ID12_Seed30
================================================================================
HIERARCHICAL ATTENTION MIL TRAINING
================================================================================
Arguments: {'labels_csv': 'extra_benign_case_grade_match.csv', 'patches_dir': '/projects/e32998/patches_benign_split', 'epochs': 30, 'lr': 0.000208, 'batch_size': 1, 'num_workers': 2, 'embed_dim': 512, 'per_slice_cap': 800, 'max_slices_per_stain': None, 'seed': 30, 'resume': None, 'eval_only': False, 'analyze_attention': False, 'attention_top_n': 5, 'load_splits': './no_train_val_leakage_splits/data_splits_new_02.npz', 'checkpoint_dir': './runs/20260312_160914_MIL_Task2_ID12_Seed30/checkpoints'}
Training config (may be overridden by arguments): {'epochs': 30, 'batch_size': 1, 'learning_rate': 0.000208, 'weight_decay': 0.000305, 'num_workers': 2, 'pin_memory': True, 'random_state': 42, 'class_weights': [2.5285, 1.0], 'dropout': 0.2599, 'use_scheduler': True, 'scheduler_type': 'reduce_on_plateau', 'scheduler_patience': 4, 'scheduler_factor': 0.2139, 'scheduler_min_lr': 1e-06, 'early_stopping': True, 'early_stopping_patience': 8, 'early_stopping_min_delta': 0.001, 'early_stopping_min_epochs': 10, 'use_patch_entropy_regularization': True, 'patch_entropy_lambda': 0.001, 'patch_entropy_mode': 'max', 'patch_entropy_eps': 1e-08, 'normalize_patch_entropy': True}
============================================================
PREPARING DATA
============================================================
Loaded 118 labels
Found 83630 patch files
All 3808 non-standard file names were handled.
Grouped into 383 slices
Mapped 371 slices to classes
Class distribution: {1: 238, 0: 133}

----------------------------------------
SPLITTING DATA
----------------------------------------
Loading existing splits from: ./no_train_val_leakage_splits/data_splits_new_02.npz
Data splits loaded from: ./no_train_val_leakage_splits/data_splits_new_02.npz
Loaded splits - Train: 233, Val: 71, Test: 67
Cases per split: 56 18 19
Paths per split: 50430 14130 15481
No leakage between train & val (cases).
No leakage between train & test (cases).
No leakage between val & test (cases).
No leakage between train & val (paths).
No leakage between train & test (paths).
No leakage between val & test (paths).

Data Summary:
==================================================

Label distribution per split:
label   0   1
split        
test    7  12
train  21  35
val     7  11

Mean patches per stain per split:
       h&e_patches  melan_patches  sox10_patches
split                                           
test         387.2          242.0          185.6
train        447.4          245.8          207.4
val          404.4          203.2          177.3

Median patches per stain per split:
       h&e_patches  melan_patches  sox10_patches
split                                           
test         328.0          192.0          128.0
train        327.5          184.5          159.5
val          306.0          174.0          148.0

Missing stain proportion:
       h&e_missing  melan_missing  sox10_missing
split                                           
test           0.0          0.053          0.053
train          0.0          0.018          0.018
val            0.0          0.000          0.000

Total cases: 93
Total patches: 80,041
==================================================

Patch count by class for Train:
  Benign (0):     15000 patches
  High-grade (1): 35430 patches

Patch count by class for Validation:
  Benign (0):     4571 patches
  High-grade (1): 9559 patches

Patch count by class for Test:
  Benign (0):     6209 patches
  High-grade (1): 9272 patches

Data Integrity Check for Train:
Stain coverage:
  h&e: 56/56 (100.0%)
  melan: 55/56 (98.2%)
  sox10: 55/56 (98.2%)
No issues found

Data Integrity Check for Validation:
Stain coverage:
  h&e: 18/18 (100.0%)
  melan: 18/18 (100.0%)
  sox10: 18/18 (100.0%)
No issues found

Data Integrity Check for Test:
Stain coverage:
  h&e: 19/19 (100.0%)
  melan: 18/19 (94.7%)
  sox10: 18/19 (94.7%)
No issues found
Using existing splits from: ./no_train_val_leakage_splits/data_splits_new_02.npz

============================================================
CREATING DATA LOADERS (POOLED FEATURES)
============================================================
Created data loaders - Train: 56, Val: 18, Test: 19

============================================================
CREATING MODEL
============================================================

Model Summary:
==================================================
Total parameters: 2,493,061
Trainable parameters: 2,493,061
Model size: 9.51 MB
==================================================

============================================================
TRAINING MODEL
============================================================
Starting training from epoch 1 to 30
Device: cpu
Model parameters: 2,493,061
LR scheduler: ReduceLROnPlateau
Patch entropy regularization enabled (lambda=0.001, mode=max, normalize=True) -> maximize entropy (smoother attention)
Early stopping enabled (patience=8, min_delta=0.001, min_epochs=10)

Epoch 1/30 (LR: 2.08e-04)
Train Loss: 0.7789 | Train CE: 0.7799 | Train Patch Entropy: 0.9934 | Val Loss: 0.3701 | Val Acc: 0.8333
Epoch Time: 69.32s
New best validation loss: 0.3701
Checkpoint saved: ./runs/20260312_160914_MIL_Task2_ID12_Seed30/checkpoints/20260312_161028_HierarchicalAttnMIL_epoch1.pth
Best checkpoint updated: ./runs/20260312_160914_MIL_Task2_ID12_Seed30/checkpoints/best.pth

Epoch 2/30 (LR: 2.08e-04)
Train Loss: 0.2561 | Train CE: 0.2571 | Train Patch Entropy: 0.9734 | Val Loss: 0.2268 | Val Acc: 0.9444
Epoch Time: 70.26s
New best validation loss: 0.2268
Checkpoint saved: ./runs/20260312_160914_MIL_Task2_ID12_Seed30/checkpoints/20260312_161138_HierarchicalAttnMIL_epoch2.pth
Best checkpoint updated: ./runs/20260312_160914_MIL_Task2_ID12_Seed30/checkpoints/best.pth

Epoch 3/30 (LR: 2.08e-04)
Train Loss: 0.1418 | Train CE: 0.1427 | Train Patch Entropy: 0.9621 | Val Loss: 0.5871 | Val Acc: 0.7778
Epoch Time: 68.45s
No improvement for 1 epoch(s)
Checkpoint saved: ./runs/20260312_160914_MIL_Task2_ID12_Seed30/checkpoints/20260312_161247_HierarchicalAttnMIL_epoch3.pth

Epoch 4/30 (LR: 2.08e-04)
Train Loss: 0.0207 | Train CE: 0.0216 | Train Patch Entropy: 0.9143 | Val Loss: 0.1771 | Val Acc: 0.8889
Epoch Time: 69.59s
New best validation loss: 0.1771
Checkpoint saved: ./runs/20260312_160914_MIL_Task2_ID12_Seed30/checkpoints/20260312_161356_HierarchicalAttnMIL_epoch4.pth
Best checkpoint updated: ./runs/20260312_160914_MIL_Task2_ID12_Seed30/checkpoints/best.pth

Epoch 5/30 (LR: 2.08e-04)
Train Loss: 0.0495 | Train CE: 0.0504 | Train Patch Entropy: 0.9100 | Val Loss: 0.5637 | Val Acc: 0.7778
Epoch Time: 73.96s
No improvement for 1 epoch(s)
Checkpoint saved: ./runs/20260312_160914_MIL_Task2_ID12_Seed30/checkpoints/20260312_161510_HierarchicalAttnMIL_epoch5.pth

Epoch 6/30 (LR: 2.08e-04)
Train Loss: 0.0049 | Train CE: 0.0058 | Train Patch Entropy: 0.9325 | Val Loss: 0.2618 | Val Acc: 0.8889
Epoch Time: 67.21s
No improvement for 2 epoch(s)
Checkpoint saved: ./runs/20260312_160914_MIL_Task2_ID12_Seed30/checkpoints/20260312_161618_HierarchicalAttnMIL_epoch6.pth

Epoch 7/30 (LR: 2.08e-04)
Train Loss: 0.0006 | Train CE: 0.0015 | Train Patch Entropy: 0.9282 | Val Loss: 0.2800 | Val Acc: 0.8889
Epoch Time: 75.39s
No improvement for 3 epoch(s)
Checkpoint saved: ./runs/20260312_160914_MIL_Task2_ID12_Seed30/checkpoints/20260312_161733_HierarchicalAttnMIL_epoch7.pth

Epoch 8/30 (LR: 2.08e-04)
Train Loss: 0.0005 | Train CE: 0.0015 | Train Patch Entropy: 0.9262 | Val Loss: 0.2891 | Val Acc: 0.8889
Epoch Time: 73.93s
No improvement for 4 epoch(s)
Checkpoint saved: ./runs/20260312_160914_MIL_Task2_ID12_Seed30/checkpoints/20260312_161847_HierarchicalAttnMIL_epoch8.pth

Epoch 9/30 (LR: 2.08e-04)
Train Loss: 0.0004 | Train CE: 0.0014 | Train Patch Entropy: 0.9243 | Val Loss: 0.3082 | Val Acc: 0.8889
Epoch Time: 68.75s
No improvement for 5 epoch(s)
Checkpoint saved: ./runs/20260312_160914_MIL_Task2_ID12_Seed30/checkpoints/20260312_161956_HierarchicalAttnMIL_epoch9.pth

Epoch 10/30 (LR: 4.45e-05)
Train Loss: -0.0001 | Train CE: 0.0008 | Train Patch Entropy: 0.9250 | Val Loss: 0.3052 | Val Acc: 0.8889
Epoch Time: 68.55s
No improvement for 6 epoch(s)
Checkpoint saved: ./runs/20260312_160914_MIL_Task2_ID12_Seed30/checkpoints/20260312_162104_HierarchicalAttnMIL_epoch10.pth

Epoch 11/30 (LR: 4.45e-05)
Train Loss: 0.0002 | Train CE: 0.0011 | Train Patch Entropy: 0.9234 | Val Loss: 0.3127 | Val Acc: 0.8889
Epoch Time: 65.68s
No improvement for 7 epoch(s)
Checkpoint saved: ./runs/20260312_160914_MIL_Task2_ID12_Seed30/checkpoints/20260312_162210_HierarchicalAttnMIL_epoch11.pth

Epoch 12/30 (LR: 4.45e-05)
Train Loss: -0.0002 | Train CE: 0.0007 | Train Patch Entropy: 0.9238 | Val Loss: 0.3113 | Val Acc: 0.8889
Epoch Time: 68.44s
No improvement for 8 epoch(s)
Checkpoint saved: ./runs/20260312_160914_MIL_Task2_ID12_Seed30/checkpoints/20260312_162319_HierarchicalAttnMIL_epoch12.pth

Early stopping triggered at epoch 12. Best val loss: 0.1771

Training completed!

============================================================
EVALUATING MODEL
============================================================

Test Results:
  Test Loss: 0.7258
  Test Acc:  0.7895
  Test HG Recall: 1.0000
  Test B Recall:  0.4286
  Samples:   19
Predictions saved to: ./runs/20260312_160914_MIL_Task2_ID12_Seed30/predictions.csv
Confusion matrix saved to: ./runs/20260312_160914_MIL_Task2_ID12_Seed30/confusion_matrix.png

Results saved to: ./runs/20260312_160914_MIL_Task2_ID12_Seed30

Total execution time: 863.08s (0.24 hours)
Training completed successfully!
------------------------------------------------
End time: Thu Mar 12 16:23:38 CDT 2026
------------------------------------------------
