------------------------------------------------
Job ID: 2650744 | Task ID: 9
Running ./no_train_val_leakage_splits/data_splits_new_01.npz with Seed 100
Start time: Thu Mar 12 16:09:00 CDT 2026
------------------------------------------------
Random seed set to 100
Using CPU
Created run directory: ./runs/20260312_160914_MIL_Task2_ID9_Seed100
================================================================================
HIERARCHICAL ATTENTION MIL TRAINING
================================================================================
Arguments: {'labels_csv': 'extra_benign_case_grade_match.csv', 'patches_dir': '/projects/e32998/patches_benign_split', 'epochs': 30, 'lr': 0.000208, 'batch_size': 1, 'num_workers': 2, 'embed_dim': 512, 'per_slice_cap': 800, 'max_slices_per_stain': None, 'seed': 100, 'resume': None, 'eval_only': False, 'analyze_attention': False, 'attention_top_n': 5, 'load_splits': './no_train_val_leakage_splits/data_splits_new_01.npz', 'checkpoint_dir': './runs/20260312_160914_MIL_Task2_ID9_Seed100/checkpoints'}
Training config (may be overridden by arguments): {'epochs': 30, 'batch_size': 1, 'learning_rate': 0.000208, 'weight_decay': 0.000305, 'num_workers': 2, 'pin_memory': True, 'random_state': 42, 'class_weights': [2.5285, 1.0], 'dropout': 0.2599, 'use_scheduler': True, 'scheduler_type': 'reduce_on_plateau', 'scheduler_patience': 4, 'scheduler_factor': 0.2139, 'scheduler_min_lr': 1e-06, 'early_stopping': True, 'early_stopping_patience': 8, 'early_stopping_min_delta': 0.001, 'early_stopping_min_epochs': 10, 'use_patch_entropy_regularization': True, 'patch_entropy_lambda': 0.001, 'patch_entropy_mode': 'max', 'patch_entropy_eps': 1e-08, 'normalize_patch_entropy': True}
============================================================
PREPARING DATA
============================================================
Loaded 118 labels
Found 83630 patch files
All 3808 non-standard file names were handled.
Grouped into 383 slices
Mapped 371 slices to classes
Class distribution: {1: 238, 0: 133}

----------------------------------------
SPLITTING DATA
----------------------------------------
Loading existing splits from: ./no_train_val_leakage_splits/data_splits_new_01.npz
Data splits loaded from: ./no_train_val_leakage_splits/data_splits_new_01.npz
Loaded splits - Train: 247, Val: 53, Test: 71
Cases per split: 57 18 18
Paths per split: 51810 14101 14130
No leakage between train & val (cases).
No leakage between train & test (cases).
No leakage between val & test (cases).
No leakage between train & val (paths).
No leakage between train & test (paths).
No leakage between val & test (paths).

Data Summary:
==================================================

Label distribution per split:
label   0   1
split        
test    7  11
train  21  36
val     7  11

Mean patches per stain per split:
       h&e_patches  melan_patches  sox10_patches
split                                           
test         404.4          203.2          177.3
train        440.7          258.6          209.6
val          405.0          201.1          177.3

Median patches per stain per split:
       h&e_patches  melan_patches  sox10_patches
split                                           
test         306.0          174.0          148.0
train        328.0          194.0          155.0
val          326.5          167.5          164.0

Missing stain proportion:
       h&e_missing  melan_missing  sox10_missing
split                                           
test           0.0          0.000          0.000
train          0.0          0.035          0.035
val            0.0          0.000          0.000

Total cases: 93
Total patches: 80,041
==================================================

Patch count by class for Train:
  Benign (0):     16334 patches
  High-grade (1): 35476 patches

Patch count by class for Validation:
  Benign (0):     4875 patches
  High-grade (1): 9226 patches

Patch count by class for Test:
  Benign (0):     4571 patches
  High-grade (1): 9559 patches

Data Integrity Check for Train:
Stain coverage:
  h&e: 57/57 (100.0%)
  melan: 55/57 (96.5%)
  sox10: 55/57 (96.5%)
No issues found

Data Integrity Check for Validation:
Stain coverage:
  h&e: 18/18 (100.0%)
  melan: 18/18 (100.0%)
  sox10: 18/18 (100.0%)
No issues found

Data Integrity Check for Test:
Stain coverage:
  h&e: 18/18 (100.0%)
  melan: 18/18 (100.0%)
  sox10: 18/18 (100.0%)
No issues found
Using existing splits from: ./no_train_val_leakage_splits/data_splits_new_01.npz

============================================================
CREATING DATA LOADERS (POOLED FEATURES)
============================================================
Created data loaders - Train: 57, Val: 18, Test: 18

============================================================
CREATING MODEL
============================================================

Model Summary:
==================================================
Total parameters: 2,493,061
Trainable parameters: 2,493,061
Model size: 9.51 MB
==================================================

============================================================
TRAINING MODEL
============================================================
Starting training from epoch 1 to 30
Device: cpu
Model parameters: 2,493,061
LR scheduler: ReduceLROnPlateau
Patch entropy regularization enabled (lambda=0.001, mode=max, normalize=True) -> maximize entropy (smoother attention)
Early stopping enabled (patience=8, min_delta=0.001, min_epochs=10)

Epoch 1/30 (LR: 2.08e-04)
Train Loss: 0.6598 | Train CE: 0.6608 | Train Patch Entropy: 0.9938 | Val Loss: 0.6634 | Val Acc: 0.6667
Epoch Time: 67.49s
New best validation loss: 0.6634
Checkpoint saved: ./runs/20260312_160914_MIL_Task2_ID9_Seed100/checkpoints/20260312_161026_HierarchicalAttnMIL_epoch1.pth
Best checkpoint updated: ./runs/20260312_160914_MIL_Task2_ID9_Seed100/checkpoints/best.pth

Epoch 2/30 (LR: 2.08e-04)
Train Loss: 0.3601 | Train CE: 0.3611 | Train Patch Entropy: 0.9763 | Val Loss: 0.4832 | Val Acc: 0.7778
Epoch Time: 72.80s
New best validation loss: 0.4832
Checkpoint saved: ./runs/20260312_160914_MIL_Task2_ID9_Seed100/checkpoints/20260312_161139_HierarchicalAttnMIL_epoch2.pth
Best checkpoint updated: ./runs/20260312_160914_MIL_Task2_ID9_Seed100/checkpoints/best.pth

Epoch 3/30 (LR: 2.08e-04)
Train Loss: 0.2546 | Train CE: 0.2556 | Train Patch Entropy: 0.9651 | Val Loss: 0.1165 | Val Acc: 1.0000
Epoch Time: 64.88s
New best validation loss: 0.1165
Checkpoint saved: ./runs/20260312_160914_MIL_Task2_ID9_Seed100/checkpoints/20260312_161244_HierarchicalAttnMIL_epoch3.pth
Best checkpoint updated: ./runs/20260312_160914_MIL_Task2_ID9_Seed100/checkpoints/best.pth

Epoch 4/30 (LR: 2.08e-04)
Train Loss: 0.0982 | Train CE: 0.0991 | Train Patch Entropy: 0.9351 | Val Loss: 0.4535 | Val Acc: 0.9444
Epoch Time: 71.72s
No improvement for 1 epoch(s)
Checkpoint saved: ./runs/20260312_160914_MIL_Task2_ID9_Seed100/checkpoints/20260312_161356_HierarchicalAttnMIL_epoch4.pth

Epoch 5/30 (LR: 2.08e-04)
Train Loss: 0.0172 | Train CE: 0.0181 | Train Patch Entropy: 0.9209 | Val Loss: 0.1432 | Val Acc: 0.9444
Epoch Time: 72.04s
No improvement for 2 epoch(s)
Checkpoint saved: ./runs/20260312_160914_MIL_Task2_ID9_Seed100/checkpoints/20260312_161508_HierarchicalAttnMIL_epoch5.pth

Epoch 6/30 (LR: 2.08e-04)
Train Loss: 0.0044 | Train CE: 0.0053 | Train Patch Entropy: 0.9066 | Val Loss: 0.1096 | Val Acc: 0.9444
Epoch Time: 72.54s
New best validation loss: 0.1096
Checkpoint saved: ./runs/20260312_160914_MIL_Task2_ID9_Seed100/checkpoints/20260312_161620_HierarchicalAttnMIL_epoch6.pth
Best checkpoint updated: ./runs/20260312_160914_MIL_Task2_ID9_Seed100/checkpoints/best.pth

Epoch 7/30 (LR: 2.08e-04)
Train Loss: 0.0006 | Train CE: 0.0014 | Train Patch Entropy: 0.8957 | Val Loss: 0.0907 | Val Acc: 0.9444
Epoch Time: 71.72s
New best validation loss: 0.0907
Checkpoint saved: ./runs/20260312_160914_MIL_Task2_ID9_Seed100/checkpoints/20260312_161732_HierarchicalAttnMIL_epoch7.pth
Best checkpoint updated: ./runs/20260312_160914_MIL_Task2_ID9_Seed100/checkpoints/best.pth

Epoch 8/30 (LR: 2.08e-04)
Train Loss: 0.0003 | Train CE: 0.0012 | Train Patch Entropy: 0.8917 | Val Loss: 0.1090 | Val Acc: 0.9444
Epoch Time: 71.82s
No improvement for 1 epoch(s)
Checkpoint saved: ./runs/20260312_160914_MIL_Task2_ID9_Seed100/checkpoints/20260312_161844_HierarchicalAttnMIL_epoch8.pth

Epoch 9/30 (LR: 2.08e-04)
Train Loss: -0.0000 | Train CE: 0.0009 | Train Patch Entropy: 0.8872 | Val Loss: 0.0981 | Val Acc: 0.9444
Epoch Time: 69.13s
No improvement for 2 epoch(s)
Checkpoint saved: ./runs/20260312_160914_MIL_Task2_ID9_Seed100/checkpoints/20260312_161953_HierarchicalAttnMIL_epoch9.pth

Epoch 10/30 (LR: 2.08e-04)
Train Loss: 0.0009 | Train CE: 0.0018 | Train Patch Entropy: 0.8845 | Val Loss: 0.1240 | Val Acc: 0.9444
Epoch Time: 67.86s
No improvement for 3 epoch(s)
Checkpoint saved: ./runs/20260312_160914_MIL_Task2_ID9_Seed100/checkpoints/20260312_162101_HierarchicalAttnMIL_epoch10.pth

Epoch 11/30 (LR: 2.08e-04)
Train Loss: 0.0003 | Train CE: 0.0011 | Train Patch Entropy: 0.8788 | Val Loss: 0.0798 | Val Acc: 0.9444
Epoch Time: 66.05s
New best validation loss: 0.0798
Checkpoint saved: ./runs/20260312_160914_MIL_Task2_ID9_Seed100/checkpoints/20260312_162207_HierarchicalAttnMIL_epoch11.pth
Best checkpoint updated: ./runs/20260312_160914_MIL_Task2_ID9_Seed100/checkpoints/best.pth

Epoch 12/30 (LR: 2.08e-04)
Train Loss: -0.0003 | Train CE: 0.0005 | Train Patch Entropy: 0.8702 | Val Loss: 0.0741 | Val Acc: 0.9444
Epoch Time: 68.10s
New best validation loss: 0.0741
Checkpoint saved: ./runs/20260312_160914_MIL_Task2_ID9_Seed100/checkpoints/20260312_162315_HierarchicalAttnMIL_epoch12.pth
Best checkpoint updated: ./runs/20260312_160914_MIL_Task2_ID9_Seed100/checkpoints/best.pth

Epoch 13/30 (LR: 2.08e-04)
Train Loss: -0.0005 | Train CE: 0.0003 | Train Patch Entropy: 0.8689 | Val Loss: 0.0739 | Val Acc: 0.9444
Epoch Time: 75.48s
No improvement for 1 epoch(s)
Checkpoint saved: ./runs/20260312_160914_MIL_Task2_ID9_Seed100/checkpoints/20260312_162431_HierarchicalAttnMIL_epoch13.pth

Epoch 14/30 (LR: 2.08e-04)
Train Loss: -0.0006 | Train CE: 0.0003 | Train Patch Entropy: 0.8674 | Val Loss: 0.0714 | Val Acc: 0.9444
Epoch Time: 119.50s
New best validation loss: 0.0714
Checkpoint saved: ./runs/20260312_160914_MIL_Task2_ID9_Seed100/checkpoints/20260312_162630_HierarchicalAttnMIL_epoch14.pth
Best checkpoint updated: ./runs/20260312_160914_MIL_Task2_ID9_Seed100/checkpoints/best.pth

Epoch 15/30 (LR: 2.08e-04)
Train Loss: -0.0005 | Train CE: 0.0004 | Train Patch Entropy: 0.8663 | Val Loss: 0.0659 | Val Acc: 0.9444
Epoch Time: 83.31s
New best validation loss: 0.0659
Checkpoint saved: ./runs/20260312_160914_MIL_Task2_ID9_Seed100/checkpoints/20260312_162754_HierarchicalAttnMIL_epoch15.pth
Best checkpoint updated: ./runs/20260312_160914_MIL_Task2_ID9_Seed100/checkpoints/best.pth

Epoch 16/30 (LR: 2.08e-04)
Train Loss: -0.0003 | Train CE: 0.0006 | Train Patch Entropy: 0.8650 | Val Loss: 0.0516 | Val Acc: 1.0000
Epoch Time: 106.69s
New best validation loss: 0.0516
Checkpoint saved: ./runs/20260312_160914_MIL_Task2_ID9_Seed100/checkpoints/20260312_162941_HierarchicalAttnMIL_epoch16.pth
Best checkpoint updated: ./runs/20260312_160914_MIL_Task2_ID9_Seed100/checkpoints/best.pth

Epoch 17/30 (LR: 2.08e-04)
Train Loss: -0.0006 | Train CE: 0.0002 | Train Patch Entropy: 0.8630 | Val Loss: 0.0520 | Val Acc: 1.0000
Epoch Time: 143.10s
No improvement for 1 epoch(s)
Checkpoint saved: ./runs/20260312_160914_MIL_Task2_ID9_Seed100/checkpoints/20260312_163204_HierarchicalAttnMIL_epoch17.pth

Epoch 18/30 (LR: 2.08e-04)
Train Loss: -0.0006 | Train CE: 0.0003 | Train Patch Entropy: 0.8615 | Val Loss: 0.0521 | Val Acc: 1.0000
Epoch Time: 139.23s
No improvement for 2 epoch(s)
Checkpoint saved: ./runs/20260312_160914_MIL_Task2_ID9_Seed100/checkpoints/20260312_163423_HierarchicalAttnMIL_epoch18.pth

Epoch 19/30 (LR: 2.08e-04)
Train Loss: -0.0007 | Train CE: 0.0002 | Train Patch Entropy: 0.8622 | Val Loss: 0.0482 | Val Acc: 1.0000
Epoch Time: 99.19s
New best validation loss: 0.0482
Checkpoint saved: ./runs/20260312_160914_MIL_Task2_ID9_Seed100/checkpoints/20260312_163602_HierarchicalAttnMIL_epoch19.pth
Best checkpoint updated: ./runs/20260312_160914_MIL_Task2_ID9_Seed100/checkpoints/best.pth

Epoch 20/30 (LR: 2.08e-04)
Train Loss: -0.0006 | Train CE: 0.0002 | Train Patch Entropy: 0.8621 | Val Loss: 0.0420 | Val Acc: 1.0000
Epoch Time: 110.17s
New best validation loss: 0.0420
Checkpoint saved: ./runs/20260312_160914_MIL_Task2_ID9_Seed100/checkpoints/20260312_163753_HierarchicalAttnMIL_epoch20.pth
Best checkpoint updated: ./runs/20260312_160914_MIL_Task2_ID9_Seed100/checkpoints/best.pth

Epoch 21/30 (LR: 2.08e-04)
Train Loss: -0.0007 | Train CE: 0.0001 | Train Patch Entropy: 0.8620 | Val Loss: 0.0405 | Val Acc: 1.0000
Epoch Time: 110.62s
New best validation loss: 0.0405
Checkpoint saved: ./runs/20260312_160914_MIL_Task2_ID9_Seed100/checkpoints/20260312_163943_HierarchicalAttnMIL_epoch21.pth
Best checkpoint updated: ./runs/20260312_160914_MIL_Task2_ID9_Seed100/checkpoints/best.pth

Epoch 22/30 (LR: 2.08e-04)
Train Loss: -0.0007 | Train CE: 0.0002 | Train Patch Entropy: 0.8628 | Val Loss: 0.0428 | Val Acc: 1.0000
Epoch Time: 116.14s
No improvement for 1 epoch(s)
Checkpoint saved: ./runs/20260312_160914_MIL_Task2_ID9_Seed100/checkpoints/20260312_164140_HierarchicalAttnMIL_epoch22.pth

Epoch 23/30 (LR: 2.08e-04)
Train Loss: -0.0007 | Train CE: 0.0001 | Train Patch Entropy: 0.8631 | Val Loss: 0.0420 | Val Acc: 1.0000
Epoch Time: 127.24s
No improvement for 2 epoch(s)
Checkpoint saved: ./runs/20260312_160914_MIL_Task2_ID9_Seed100/checkpoints/20260312_164347_HierarchicalAttnMIL_epoch23.pth

Epoch 24/30 (LR: 2.08e-04)
Train Loss: -0.0008 | Train CE: 0.0001 | Train Patch Entropy: 0.8622 | Val Loss: 0.0399 | Val Acc: 1.0000
Epoch Time: 99.80s
No improvement for 3 epoch(s)
Checkpoint saved: ./runs/20260312_160914_MIL_Task2_ID9_Seed100/checkpoints/20260312_164527_HierarchicalAttnMIL_epoch24.pth

Epoch 25/30 (LR: 2.08e-04)
Train Loss: -0.0007 | Train CE: 0.0001 | Train Patch Entropy: 0.8640 | Val Loss: 0.0363 | Val Acc: 1.0000
Epoch Time: 121.78s
New best validation loss: 0.0363
Checkpoint saved: ./runs/20260312_160914_MIL_Task2_ID9_Seed100/checkpoints/20260312_164728_HierarchicalAttnMIL_epoch25.pth
Best checkpoint updated: ./runs/20260312_160914_MIL_Task2_ID9_Seed100/checkpoints/best.pth

Epoch 26/30 (LR: 2.08e-04)
Train Loss: -0.0007 | Train CE: 0.0001 | Train Patch Entropy: 0.8634 | Val Loss: 0.0395 | Val Acc: 1.0000
Epoch Time: 110.46s
No improvement for 1 epoch(s)
Checkpoint saved: ./runs/20260312_160914_MIL_Task2_ID9_Seed100/checkpoints/20260312_164919_HierarchicalAttnMIL_epoch26.pth

Epoch 27/30 (LR: 2.08e-04)
Train Loss: -0.0008 | Train CE: 0.0001 | Train Patch Entropy: 0.8658 | Val Loss: 0.0401 | Val Acc: 1.0000
Epoch Time: 113.21s
No improvement for 2 epoch(s)
Checkpoint saved: ./runs/20260312_160914_MIL_Task2_ID9_Seed100/checkpoints/20260312_165112_HierarchicalAttnMIL_epoch27.pth

Epoch 28/30 (LR: 2.08e-04)
Train Loss: -0.0007 | Train CE: 0.0001 | Train Patch Entropy: 0.8640 | Val Loss: 0.0276 | Val Acc: 1.0000
Epoch Time: 96.80s
New best validation loss: 0.0276
Checkpoint saved: ./runs/20260312_160914_MIL_Task2_ID9_Seed100/checkpoints/20260312_165249_HierarchicalAttnMIL_epoch28.pth
Best checkpoint updated: ./runs/20260312_160914_MIL_Task2_ID9_Seed100/checkpoints/best.pth

Epoch 29/30 (LR: 2.08e-04)
Train Loss: -0.0008 | Train CE: 0.0001 | Train Patch Entropy: 0.8656 | Val Loss: 0.0272 | Val Acc: 1.0000
Epoch Time: 93.85s
No improvement for 1 epoch(s)
Checkpoint saved: ./runs/20260312_160914_MIL_Task2_ID9_Seed100/checkpoints/20260312_165423_HierarchicalAttnMIL_epoch29.pth

Epoch 30/30 (LR: 2.08e-04)
Train Loss: -0.0008 | Train CE: 0.0001 | Train Patch Entropy: 0.8669 | Val Loss: 0.0252 | Val Acc: 1.0000
Epoch Time: 109.56s
New best validation loss: 0.0252
Checkpoint saved: ./runs/20260312_160914_MIL_Task2_ID9_Seed100/checkpoints/20260312_165613_HierarchicalAttnMIL_epoch30.pth
Best checkpoint updated: ./runs/20260312_160914_MIL_Task2_ID9_Seed100/checkpoints/best.pth

Training completed!

============================================================
EVALUATING MODEL
============================================================

Test Results:
  Test Loss: 0.2353
  Test Acc:  0.8889
  Test HG Recall: 0.9091
  Test B Recall:  0.8571
  Samples:   18
Predictions saved to: ./runs/20260312_160914_MIL_Task2_ID9_Seed100/predictions.csv
Confusion matrix saved to: ./runs/20260312_160914_MIL_Task2_ID9_Seed100/confusion_matrix.png

Results saved to: ./runs/20260312_160914_MIL_Task2_ID9_Seed100

Total execution time: 2841.99s (0.79 hours)
Training completed successfully!
------------------------------------------------
End time: Thu Mar 12 16:56:37 CDT 2026
------------------------------------------------
