------------------------------------------------
Job ID: 2650536 | Task ID: 49
Running ./no_train_val_leakage_splits/data_splits_new_05.npz with Seed 100
Start time: Thu Mar 12 16:32:27 CDT 2026
------------------------------------------------
Random seed set to 100
Using CPU
Created run directory: ./runs/20260312_163237_MIL_Task2_ID49_Seed100
================================================================================
HIERARCHICAL ATTENTION MIL TRAINING
================================================================================
Arguments: {'labels_csv': 'extra_benign_case_grade_match.csv', 'patches_dir': '/projects/e32998/patches_benign_split', 'epochs': 30, 'lr': 0.000208, 'batch_size': 1, 'num_workers': 2, 'embed_dim': 512, 'per_slice_cap': 800, 'max_slices_per_stain': None, 'seed': 100, 'resume': None, 'eval_only': False, 'analyze_attention': False, 'attention_top_n': 5, 'load_splits': './no_train_val_leakage_splits/data_splits_new_05.npz', 'checkpoint_dir': './runs/20260312_163237_MIL_Task2_ID49_Seed100/checkpoints'}
Training config (may be overridden by arguments): {'epochs': 30, 'batch_size': 1, 'learning_rate': 0.000208, 'weight_decay': 0.000305, 'num_workers': 2, 'pin_memory': True, 'random_state': 42, 'class_weights': [2.5285, 1.0], 'dropout': 0.2599, 'use_scheduler': True, 'scheduler_type': 'reduce_on_plateau', 'scheduler_patience': 4, 'scheduler_factor': 0.2139, 'scheduler_min_lr': 1e-06, 'early_stopping': True, 'early_stopping_patience': 8, 'early_stopping_min_delta': 0.001, 'early_stopping_min_epochs': 10, 'use_patch_entropy_regularization': True, 'patch_entropy_lambda': 0.001, 'patch_entropy_mode': 'max', 'patch_entropy_eps': 1e-08, 'normalize_patch_entropy': True}
============================================================
PREPARING DATA
============================================================
Loaded 118 labels
Found 83630 patch files
All 3808 non-standard file names were handled.
Grouped into 383 slices
Mapped 371 slices to classes
Class distribution: {1: 238, 0: 133}

----------------------------------------
SPLITTING DATA
----------------------------------------
Loading existing splits from: ./no_train_val_leakage_splits/data_splits_new_05.npz
Data splits loaded from: ./no_train_val_leakage_splits/data_splits_new_05.npz
Loaded splits - Train: 245, Val: 73, Test: 53
Cases per split: 56 19 18
Paths per split: 51880 14060 14101
No leakage between train & val (cases).
No leakage between train & test (cases).
No leakage between val & test (cases).
No leakage between train & val (paths).
No leakage between train & test (paths).
No leakage between val & test (paths).

Data Summary:
==================================================

Label distribution per split:
label   0   1
split        
test    7  11
train  21  35
val     7  12

Mean patches per stain per split:
       h&e_patches  melan_patches  sox10_patches
split                                           
test         405.0          201.1          177.3
train        451.1          261.9          213.5
val          375.8          196.5          167.7

Median patches per stain per split:
       h&e_patches  melan_patches  sox10_patches
split                                           
test         326.5          167.5          164.0
train        327.0          192.0          154.0
val          311.0          179.0          138.0

Missing stain proportion:
       h&e_missing  melan_missing  sox10_missing
split                                           
test           0.0          0.000          0.000
train          0.0          0.018          0.018
val            0.0          0.053          0.053

Total cases: 93
Total patches: 80,041
==================================================

Patch count by class for Train:
  Benign (0):     16141 patches
  High-grade (1): 35739 patches

Patch count by class for Validation:
  Benign (0):     4764 patches
  High-grade (1): 9296 patches

Patch count by class for Test:
  Benign (0):     4875 patches
  High-grade (1): 9226 patches

Data Integrity Check for Train:
Stain coverage:
  h&e: 56/56 (100.0%)
  melan: 55/56 (98.2%)
  sox10: 55/56 (98.2%)
No issues found

Data Integrity Check for Validation:
Stain coverage:
  h&e: 19/19 (100.0%)
  melan: 18/19 (94.7%)
  sox10: 18/19 (94.7%)
No issues found

Data Integrity Check for Test:
Stain coverage:
  h&e: 18/18 (100.0%)
  melan: 18/18 (100.0%)
  sox10: 18/18 (100.0%)
No issues found
Using existing splits from: ./no_train_val_leakage_splits/data_splits_new_05.npz

============================================================
CREATING DATA LOADERS (POOLED FEATURES)
============================================================
Created data loaders - Train: 56, Val: 19, Test: 18

============================================================
CREATING MODEL
============================================================

Model Summary:
==================================================
Total parameters: 2,493,061
Trainable parameters: 2,493,061
Model size: 9.51 MB
==================================================

============================================================
TRAINING MODEL
============================================================
Starting training from epoch 1 to 30
Device: cpu
Model parameters: 2,493,061
LR scheduler: ReduceLROnPlateau
Patch entropy regularization enabled (lambda=0.001, mode=max, normalize=True) -> maximize entropy (smoother attention)
Early stopping enabled (patience=8, min_delta=0.001, min_epochs=10)

Epoch 1/30 (LR: 2.08e-04)
Train Loss: 1.0253 | Train CE: 1.0263 | Train Patch Entropy: 0.9901 | Val Loss: 0.5582 | Val Acc: 0.6316
Epoch Time: 143.86s
New best validation loss: 0.5582
Checkpoint saved: ./runs/20260312_163237_MIL_Task2_ID49_Seed100/checkpoints/20260312_163507_HierarchicalAttnMIL_epoch1.pth
Best checkpoint updated: ./runs/20260312_163237_MIL_Task2_ID49_Seed100/checkpoints/best.pth

Epoch 2/30 (LR: 2.08e-04)
Train Loss: 0.4632 | Train CE: 0.4641 | Train Patch Entropy: 0.9622 | Val Loss: 0.4323 | Val Acc: 0.7368
Epoch Time: 102.00s
New best validation loss: 0.4323
Checkpoint saved: ./runs/20260312_163237_MIL_Task2_ID49_Seed100/checkpoints/20260312_163649_HierarchicalAttnMIL_epoch2.pth
Best checkpoint updated: ./runs/20260312_163237_MIL_Task2_ID49_Seed100/checkpoints/best.pth

Epoch 3/30 (LR: 2.08e-04)
Train Loss: 0.3187 | Train CE: 0.3197 | Train Patch Entropy: 0.9522 | Val Loss: 0.4136 | Val Acc: 0.7895
Epoch Time: 127.13s
New best validation loss: 0.4136
Checkpoint saved: ./runs/20260312_163237_MIL_Task2_ID49_Seed100/checkpoints/20260312_163857_HierarchicalAttnMIL_epoch3.pth
Best checkpoint updated: ./runs/20260312_163237_MIL_Task2_ID49_Seed100/checkpoints/best.pth

Epoch 4/30 (LR: 2.08e-04)
Train Loss: 0.2219 | Train CE: 0.2228 | Train Patch Entropy: 0.8806 | Val Loss: 0.2799 | Val Acc: 0.8421
Epoch Time: 101.85s
New best validation loss: 0.2799
Checkpoint saved: ./runs/20260312_163237_MIL_Task2_ID49_Seed100/checkpoints/20260312_164039_HierarchicalAttnMIL_epoch4.pth
Best checkpoint updated: ./runs/20260312_163237_MIL_Task2_ID49_Seed100/checkpoints/best.pth

Epoch 5/30 (LR: 2.08e-04)
Train Loss: 0.2027 | Train CE: 0.2036 | Train Patch Entropy: 0.9047 | Val Loss: 0.6681 | Val Acc: 0.7895
Epoch Time: 143.18s
No improvement for 1 epoch(s)
Checkpoint saved: ./runs/20260312_163237_MIL_Task2_ID49_Seed100/checkpoints/20260312_164302_HierarchicalAttnMIL_epoch5.pth

Epoch 6/30 (LR: 2.08e-04)
Train Loss: 0.2270 | Train CE: 0.2279 | Train Patch Entropy: 0.9000 | Val Loss: 0.2759 | Val Acc: 0.8421
Epoch Time: 110.51s
New best validation loss: 0.2759
Checkpoint saved: ./runs/20260312_163237_MIL_Task2_ID49_Seed100/checkpoints/20260312_164452_HierarchicalAttnMIL_epoch6.pth
Best checkpoint updated: ./runs/20260312_163237_MIL_Task2_ID49_Seed100/checkpoints/best.pth

Epoch 7/30 (LR: 2.08e-04)
Train Loss: 0.0981 | Train CE: 0.0990 | Train Patch Entropy: 0.9153 | Val Loss: 0.3665 | Val Acc: 0.8947
Epoch Time: 129.62s
No improvement for 1 epoch(s)
Checkpoint saved: ./runs/20260312_163237_MIL_Task2_ID49_Seed100/checkpoints/20260312_164702_HierarchicalAttnMIL_epoch7.pth

Epoch 8/30 (LR: 2.08e-04)
Train Loss: 0.0355 | Train CE: 0.0363 | Train Patch Entropy: 0.8498 | Val Loss: 0.3916 | Val Acc: 0.8421
Epoch Time: 126.03s
No improvement for 2 epoch(s)
Checkpoint saved: ./runs/20260312_163237_MIL_Task2_ID49_Seed100/checkpoints/20260312_164908_HierarchicalAttnMIL_epoch8.pth

Epoch 9/30 (LR: 2.08e-04)
Train Loss: 0.0666 | Train CE: 0.0674 | Train Patch Entropy: 0.8326 | Val Loss: 0.4294 | Val Acc: 0.8947
Epoch Time: 114.82s
No improvement for 3 epoch(s)
Checkpoint saved: ./runs/20260312_163237_MIL_Task2_ID49_Seed100/checkpoints/20260312_165103_HierarchicalAttnMIL_epoch9.pth

Epoch 10/30 (LR: 2.08e-04)
Train Loss: 0.2189 | Train CE: 0.2198 | Train Patch Entropy: 0.8365 | Val Loss: 0.2403 | Val Acc: 0.8947
Epoch Time: 99.43s
New best validation loss: 0.2403
Checkpoint saved: ./runs/20260312_163237_MIL_Task2_ID49_Seed100/checkpoints/20260312_165242_HierarchicalAttnMIL_epoch10.pth
Best checkpoint updated: ./runs/20260312_163237_MIL_Task2_ID49_Seed100/checkpoints/best.pth

Epoch 11/30 (LR: 2.08e-04)
Train Loss: 0.0981 | Train CE: 0.0990 | Train Patch Entropy: 0.8140 | Val Loss: 0.1865 | Val Acc: 0.9474
Epoch Time: 97.35s
New best validation loss: 0.1865
Checkpoint saved: ./runs/20260312_163237_MIL_Task2_ID49_Seed100/checkpoints/20260312_165420_HierarchicalAttnMIL_epoch11.pth
Best checkpoint updated: ./runs/20260312_163237_MIL_Task2_ID49_Seed100/checkpoints/best.pth

Epoch 12/30 (LR: 2.08e-04)
Train Loss: 0.0450 | Train CE: 0.0457 | Train Patch Entropy: 0.7682 | Val Loss: 0.2286 | Val Acc: 0.8947
Epoch Time: 100.21s
No improvement for 1 epoch(s)
Checkpoint saved: ./runs/20260312_163237_MIL_Task2_ID49_Seed100/checkpoints/20260312_165600_HierarchicalAttnMIL_epoch12.pth

Epoch 13/30 (LR: 2.08e-04)
Train Loss: 0.0013 | Train CE: 0.0021 | Train Patch Entropy: 0.7830 | Val Loss: 0.2270 | Val Acc: 0.8947
Epoch Time: 83.56s
No improvement for 2 epoch(s)
Checkpoint saved: ./runs/20260312_163237_MIL_Task2_ID49_Seed100/checkpoints/20260312_165724_HierarchicalAttnMIL_epoch13.pth

Epoch 14/30 (LR: 2.08e-04)
Train Loss: 0.0037 | Train CE: 0.0045 | Train Patch Entropy: 0.7801 | Val Loss: 0.2385 | Val Acc: 0.9474
Epoch Time: 100.31s
No improvement for 3 epoch(s)
Checkpoint saved: ./runs/20260312_163237_MIL_Task2_ID49_Seed100/checkpoints/20260312_165904_HierarchicalAttnMIL_epoch14.pth

Epoch 15/30 (LR: 2.08e-04)
Train Loss: -0.0000 | Train CE: 0.0008 | Train Patch Entropy: 0.7779 | Val Loss: 0.2389 | Val Acc: 0.9474
Epoch Time: 106.62s
No improvement for 4 epoch(s)
Checkpoint saved: ./runs/20260312_163237_MIL_Task2_ID49_Seed100/checkpoints/20260312_170051_HierarchicalAttnMIL_epoch15.pth

Epoch 16/30 (LR: 2.08e-04)
Train Loss: -0.0000 | Train CE: 0.0008 | Train Patch Entropy: 0.7763 | Val Loss: 0.2432 | Val Acc: 0.9474
Epoch Time: 97.95s
No improvement for 5 epoch(s)
Checkpoint saved: ./runs/20260312_163237_MIL_Task2_ID49_Seed100/checkpoints/20260312_170229_HierarchicalAttnMIL_epoch16.pth

Epoch 17/30 (LR: 4.45e-05)
Train Loss: -0.0000 | Train CE: 0.0008 | Train Patch Entropy: 0.7752 | Val Loss: 0.2437 | Val Acc: 0.9474
Epoch Time: 94.99s
No improvement for 6 epoch(s)
Checkpoint saved: ./runs/20260312_163237_MIL_Task2_ID49_Seed100/checkpoints/20260312_170404_HierarchicalAttnMIL_epoch17.pth

Epoch 18/30 (LR: 4.45e-05)
Train Loss: -0.0001 | Train CE: 0.0007 | Train Patch Entropy: 0.7753 | Val Loss: 0.2418 | Val Acc: 0.9474
Epoch Time: 96.22s
No improvement for 7 epoch(s)
Checkpoint saved: ./runs/20260312_163237_MIL_Task2_ID49_Seed100/checkpoints/20260312_170540_HierarchicalAttnMIL_epoch18.pth

Epoch 19/30 (LR: 4.45e-05)
Train Loss: 0.0004 | Train CE: 0.0011 | Train Patch Entropy: 0.7713 | Val Loss: 0.2386 | Val Acc: 0.9474
Epoch Time: 82.26s
No improvement for 8 epoch(s)
Checkpoint saved: ./runs/20260312_163237_MIL_Task2_ID49_Seed100/checkpoints/20260312_170702_HierarchicalAttnMIL_epoch19.pth

Early stopping triggered at epoch 19. Best val loss: 0.1865

Training completed!

============================================================
EVALUATING MODEL
============================================================

Test Results:
  Test Loss: 0.4044
  Test Acc:  0.7778
  Test HG Recall: 0.8182
  Test B Recall:  0.7143
  Samples:   18
Predictions saved to: ./runs/20260312_163237_MIL_Task2_ID49_Seed100/predictions.csv
Confusion matrix saved to: ./runs/20260312_163237_MIL_Task2_ID49_Seed100/confusion_matrix.png

Results saved to: ./runs/20260312_163237_MIL_Task2_ID49_Seed100

Total execution time: 2085.77s (0.58 hours)
Training completed successfully!
------------------------------------------------
End time: Thu Mar 12 17:07:25 CDT 2026
------------------------------------------------
