------------------------------------------------
Job ID: 2650736 | Task ID: 1
Running ./no_train_val_leakage_splits/data_splits_new_01.npz with Seed 20
Start time: Thu Mar 12 16:09:00 CDT 2026
------------------------------------------------
Random seed set to 20
Using CPU
Created run directory: ./runs/20260312_160914_MIL_Task2_ID1_Seed20
================================================================================
HIERARCHICAL ATTENTION MIL TRAINING
================================================================================
Arguments: {'labels_csv': 'extra_benign_case_grade_match.csv', 'patches_dir': '/projects/e32998/patches_benign_split', 'epochs': 30, 'lr': 0.000208, 'batch_size': 1, 'num_workers': 2, 'embed_dim': 512, 'per_slice_cap': 800, 'max_slices_per_stain': None, 'seed': 20, 'resume': None, 'eval_only': False, 'analyze_attention': False, 'attention_top_n': 5, 'load_splits': './no_train_val_leakage_splits/data_splits_new_01.npz', 'checkpoint_dir': './runs/20260312_160914_MIL_Task2_ID1_Seed20/checkpoints'}
Training config (may be overridden by arguments): {'epochs': 30, 'batch_size': 1, 'learning_rate': 0.000208, 'weight_decay': 0.000305, 'num_workers': 2, 'pin_memory': True, 'random_state': 42, 'class_weights': [2.5285, 1.0], 'dropout': 0.2599, 'use_scheduler': True, 'scheduler_type': 'reduce_on_plateau', 'scheduler_patience': 4, 'scheduler_factor': 0.2139, 'scheduler_min_lr': 1e-06, 'early_stopping': True, 'early_stopping_patience': 8, 'early_stopping_min_delta': 0.001, 'early_stopping_min_epochs': 10, 'use_patch_entropy_regularization': True, 'patch_entropy_lambda': 0.001, 'patch_entropy_mode': 'max', 'patch_entropy_eps': 1e-08, 'normalize_patch_entropy': True}
============================================================
PREPARING DATA
============================================================
Loaded 118 labels
Found 83630 patch files
All 3808 non-standard file names were handled.
Grouped into 383 slices
Mapped 371 slices to classes
Class distribution: {1: 238, 0: 133}

----------------------------------------
SPLITTING DATA
----------------------------------------
Loading existing splits from: ./no_train_val_leakage_splits/data_splits_new_01.npz
Data splits loaded from: ./no_train_val_leakage_splits/data_splits_new_01.npz
Loaded splits - Train: 247, Val: 53, Test: 71
Cases per split: 57 18 18
Paths per split: 51810 14101 14130
No leakage between train & val (cases).
No leakage between train & test (cases).
No leakage between val & test (cases).
No leakage between train & val (paths).
No leakage between train & test (paths).
No leakage between val & test (paths).

Data Summary:
==================================================

Label distribution per split:
label   0   1
split        
test    7  11
train  21  36
val     7  11

Mean patches per stain per split:
       h&e_patches  melan_patches  sox10_patches
split                                           
test         404.4          203.2          177.3
train        440.7          258.6          209.6
val          405.0          201.1          177.3

Median patches per stain per split:
       h&e_patches  melan_patches  sox10_patches
split                                           
test         306.0          174.0          148.0
train        328.0          194.0          155.0
val          326.5          167.5          164.0

Missing stain proportion:
       h&e_missing  melan_missing  sox10_missing
split                                           
test           0.0          0.000          0.000
train          0.0          0.035          0.035
val            0.0          0.000          0.000

Total cases: 93
Total patches: 80,041
==================================================

Patch count by class for Train:
  Benign (0):     16334 patches
  High-grade (1): 35476 patches

Patch count by class for Validation:
  Benign (0):     4875 patches
  High-grade (1): 9226 patches

Patch count by class for Test:
  Benign (0):     4571 patches
  High-grade (1): 9559 patches

Data Integrity Check for Train:
Stain coverage:
  h&e: 57/57 (100.0%)
  melan: 55/57 (96.5%)
  sox10: 55/57 (96.5%)
No issues found

Data Integrity Check for Validation:
Stain coverage:
  h&e: 18/18 (100.0%)
  melan: 18/18 (100.0%)
  sox10: 18/18 (100.0%)
No issues found

Data Integrity Check for Test:
Stain coverage:
  h&e: 18/18 (100.0%)
  melan: 18/18 (100.0%)
  sox10: 18/18 (100.0%)
No issues found
Using existing splits from: ./no_train_val_leakage_splits/data_splits_new_01.npz

============================================================
CREATING DATA LOADERS (POOLED FEATURES)
============================================================
Created data loaders - Train: 57, Val: 18, Test: 18

============================================================
CREATING MODEL
============================================================

Model Summary:
==================================================
Total parameters: 2,493,061
Trainable parameters: 2,493,061
Model size: 9.51 MB
==================================================

============================================================
TRAINING MODEL
============================================================
Starting training from epoch 1 to 30
Device: cpu
Model parameters: 2,493,061
LR scheduler: ReduceLROnPlateau
Patch entropy regularization enabled (lambda=0.001, mode=max, normalize=True) -> maximize entropy (smoother attention)
Early stopping enabled (patience=8, min_delta=0.001, min_epochs=10)

Epoch 1/30 (LR: 2.08e-04)
Train Loss: 0.9371 | Train CE: 0.9381 | Train Patch Entropy: 0.9945 | Val Loss: 0.6067 | Val Acc: 0.7222
Epoch Time: 78.18s
New best validation loss: 0.6067
Checkpoint saved: ./runs/20260312_160914_MIL_Task2_ID1_Seed20/checkpoints/20260312_161038_HierarchicalAttnMIL_epoch1.pth
Best checkpoint updated: ./runs/20260312_160914_MIL_Task2_ID1_Seed20/checkpoints/best.pth

Epoch 2/30 (LR: 2.08e-04)
Train Loss: 0.4115 | Train CE: 0.4125 | Train Patch Entropy: 0.9633 | Val Loss: 0.3897 | Val Acc: 0.7778
Epoch Time: 86.49s
New best validation loss: 0.3897
Checkpoint saved: ./runs/20260312_160914_MIL_Task2_ID1_Seed20/checkpoints/20260312_161204_HierarchicalAttnMIL_epoch2.pth
Best checkpoint updated: ./runs/20260312_160914_MIL_Task2_ID1_Seed20/checkpoints/best.pth

Epoch 3/30 (LR: 2.08e-04)
Train Loss: 0.1828 | Train CE: 0.1837 | Train Patch Entropy: 0.9563 | Val Loss: 0.6776 | Val Acc: 0.6667
Epoch Time: 79.74s
No improvement for 1 epoch(s)
Checkpoint saved: ./runs/20260312_160914_MIL_Task2_ID1_Seed20/checkpoints/20260312_161324_HierarchicalAttnMIL_epoch3.pth

Epoch 4/30 (LR: 2.08e-04)
Train Loss: 0.2033 | Train CE: 0.2043 | Train Patch Entropy: 0.9285 | Val Loss: 0.2155 | Val Acc: 0.8889
Epoch Time: 79.03s
New best validation loss: 0.2155
Checkpoint saved: ./runs/20260312_160914_MIL_Task2_ID1_Seed20/checkpoints/20260312_161443_HierarchicalAttnMIL_epoch4.pth
Best checkpoint updated: ./runs/20260312_160914_MIL_Task2_ID1_Seed20/checkpoints/best.pth

Epoch 5/30 (LR: 2.08e-04)
Train Loss: 0.1309 | Train CE: 0.1319 | Train Patch Entropy: 0.9260 | Val Loss: 0.4011 | Val Acc: 0.7778
Epoch Time: 80.43s
No improvement for 1 epoch(s)
Checkpoint saved: ./runs/20260312_160914_MIL_Task2_ID1_Seed20/checkpoints/20260312_161604_HierarchicalAttnMIL_epoch5.pth

Epoch 6/30 (LR: 2.08e-04)
Train Loss: 0.0578 | Train CE: 0.0587 | Train Patch Entropy: 0.9192 | Val Loss: 0.1452 | Val Acc: 0.9444
Epoch Time: 77.57s
New best validation loss: 0.1452
Checkpoint saved: ./runs/20260312_160914_MIL_Task2_ID1_Seed20/checkpoints/20260312_161721_HierarchicalAttnMIL_epoch6.pth
Best checkpoint updated: ./runs/20260312_160914_MIL_Task2_ID1_Seed20/checkpoints/best.pth

Epoch 7/30 (LR: 2.08e-04)
Train Loss: 0.0101 | Train CE: 0.0110 | Train Patch Entropy: 0.9063 | Val Loss: 0.0505 | Val Acc: 1.0000
Epoch Time: 80.94s
New best validation loss: 0.0505
Checkpoint saved: ./runs/20260312_160914_MIL_Task2_ID1_Seed20/checkpoints/20260312_161842_HierarchicalAttnMIL_epoch7.pth
Best checkpoint updated: ./runs/20260312_160914_MIL_Task2_ID1_Seed20/checkpoints/best.pth

Epoch 8/30 (LR: 2.08e-04)
Train Loss: 0.0035 | Train CE: 0.0044 | Train Patch Entropy: 0.8995 | Val Loss: 0.0319 | Val Acc: 1.0000
Epoch Time: 78.56s
New best validation loss: 0.0319
Checkpoint saved: ./runs/20260312_160914_MIL_Task2_ID1_Seed20/checkpoints/20260312_162001_HierarchicalAttnMIL_epoch8.pth
Best checkpoint updated: ./runs/20260312_160914_MIL_Task2_ID1_Seed20/checkpoints/best.pth

Epoch 9/30 (LR: 2.08e-04)
Train Loss: 0.0025 | Train CE: 0.0034 | Train Patch Entropy: 0.8959 | Val Loss: 0.1004 | Val Acc: 0.9444
Epoch Time: 72.42s
No improvement for 1 epoch(s)
Checkpoint saved: ./runs/20260312_160914_MIL_Task2_ID1_Seed20/checkpoints/20260312_162113_HierarchicalAttnMIL_epoch9.pth

Epoch 10/30 (LR: 2.08e-04)
Train Loss: 0.0011 | Train CE: 0.0020 | Train Patch Entropy: 0.8931 | Val Loss: 0.1515 | Val Acc: 0.9444
Epoch Time: 77.66s
No improvement for 2 epoch(s)
Checkpoint saved: ./runs/20260312_160914_MIL_Task2_ID1_Seed20/checkpoints/20260312_162231_HierarchicalAttnMIL_epoch10.pth

Epoch 11/30 (LR: 2.08e-04)
Train Loss: 0.0002 | Train CE: 0.0011 | Train Patch Entropy: 0.8854 | Val Loss: 0.1461 | Val Acc: 0.9444
Epoch Time: 78.11s
No improvement for 3 epoch(s)
Checkpoint saved: ./runs/20260312_160914_MIL_Task2_ID1_Seed20/checkpoints/20260312_162349_HierarchicalAttnMIL_epoch11.pth

Epoch 12/30 (LR: 2.08e-04)
Train Loss: 0.0008 | Train CE: 0.0017 | Train Patch Entropy: 0.8849 | Val Loss: 0.1103 | Val Acc: 0.9444
Epoch Time: 78.40s
No improvement for 4 epoch(s)
Checkpoint saved: ./runs/20260312_160914_MIL_Task2_ID1_Seed20/checkpoints/20260312_162508_HierarchicalAttnMIL_epoch12.pth

Epoch 13/30 (LR: 2.08e-04)
Train Loss: 0.0002 | Train CE: 0.0011 | Train Patch Entropy: 0.8778 | Val Loss: 0.1712 | Val Acc: 0.9444
Epoch Time: 144.39s
No improvement for 5 epoch(s)
Checkpoint saved: ./runs/20260312_160914_MIL_Task2_ID1_Seed20/checkpoints/20260312_162732_HierarchicalAttnMIL_epoch13.pth

Epoch 14/30 (LR: 4.45e-05)
Train Loss: -0.0002 | Train CE: 0.0006 | Train Patch Entropy: 0.8763 | Val Loss: 0.1665 | Val Acc: 0.9444
Epoch Time: 112.19s
No improvement for 6 epoch(s)
Checkpoint saved: ./runs/20260312_160914_MIL_Task2_ID1_Seed20/checkpoints/20260312_162924_HierarchicalAttnMIL_epoch14.pth

Epoch 15/30 (LR: 4.45e-05)
Train Loss: -0.0003 | Train CE: 0.0006 | Train Patch Entropy: 0.8772 | Val Loss: 0.1558 | Val Acc: 0.9444
Epoch Time: 98.17s
No improvement for 7 epoch(s)
Checkpoint saved: ./runs/20260312_160914_MIL_Task2_ID1_Seed20/checkpoints/20260312_163103_HierarchicalAttnMIL_epoch15.pth

Epoch 16/30 (LR: 4.45e-05)
Train Loss: -0.0003 | Train CE: 0.0006 | Train Patch Entropy: 0.8761 | Val Loss: 0.1474 | Val Acc: 0.9444
Epoch Time: 190.58s
No improvement for 8 epoch(s)
Checkpoint saved: ./runs/20260312_160914_MIL_Task2_ID1_Seed20/checkpoints/20260312_163413_HierarchicalAttnMIL_epoch16.pth

Early stopping triggered at epoch 16. Best val loss: 0.0319

Training completed!

============================================================
EVALUATING MODEL
============================================================

Test Results:
  Test Loss: 0.7222
  Test Acc:  0.8889
  Test HG Recall: 1.0000
  Test B Recall:  0.7143
  Samples:   18
Predictions saved to: ./runs/20260312_160914_MIL_Task2_ID1_Seed20/predictions.csv
Confusion matrix saved to: ./runs/20260312_160914_MIL_Task2_ID1_Seed20/confusion_matrix.png

Results saved to: ./runs/20260312_160914_MIL_Task2_ID1_Seed20

Total execution time: 1529.46s (0.42 hours)
Training completed successfully!
------------------------------------------------
End time: Thu Mar 12 16:34:45 CDT 2026
------------------------------------------------
