------------------------------------------------
Job ID: 2655815 | Task ID: 41
Running ./no_train_val_leakage_splits/data_splits_new_05.npz with Seed 20
Start time: Thu Mar 12 16:27:26 CDT 2026
------------------------------------------------
Random seed set to 20
Using CPU
Created run directory: ./runs/20260312_162734_MIL_Task2_ID41_Seed20
================================================================================
HIERARCHICAL ATTENTION MIL TRAINING
================================================================================
Arguments: {'labels_csv': 'extra_benign_case_grade_match.csv', 'patches_dir': '/projects/e32998/patches_benign_split', 'epochs': 30, 'lr': 0.000208, 'batch_size': 1, 'num_workers': 2, 'embed_dim': 512, 'per_slice_cap': 800, 'max_slices_per_stain': None, 'seed': 20, 'resume': None, 'eval_only': False, 'analyze_attention': False, 'attention_top_n': 5, 'load_splits': './no_train_val_leakage_splits/data_splits_new_05.npz', 'checkpoint_dir': './runs/20260312_162734_MIL_Task2_ID41_Seed20/checkpoints'}
Training config (may be overridden by arguments): {'epochs': 30, 'batch_size': 1, 'learning_rate': 0.000208, 'weight_decay': 0.000305, 'num_workers': 2, 'pin_memory': True, 'random_state': 42, 'class_weights': [2.5285, 1.0], 'dropout': 0.2599, 'use_scheduler': True, 'scheduler_type': 'reduce_on_plateau', 'scheduler_patience': 4, 'scheduler_factor': 0.2139, 'scheduler_min_lr': 1e-06, 'early_stopping': True, 'early_stopping_patience': 8, 'early_stopping_min_delta': 0.001, 'early_stopping_min_epochs': 10, 'use_patch_entropy_regularization': True, 'patch_entropy_lambda': 0.001, 'patch_entropy_mode': 'max', 'patch_entropy_eps': 1e-08, 'normalize_patch_entropy': True}
============================================================
PREPARING DATA
============================================================
Loaded 118 labels
Found 83630 patch files
All 3808 non-standard file names were handled.
Grouped into 383 slices
Mapped 371 slices to classes
Class distribution: {1: 238, 0: 133}

----------------------------------------
SPLITTING DATA
----------------------------------------
Loading existing splits from: ./no_train_val_leakage_splits/data_splits_new_05.npz
Data splits loaded from: ./no_train_val_leakage_splits/data_splits_new_05.npz
Loaded splits - Train: 245, Val: 73, Test: 53
Cases per split: 56 19 18
Paths per split: 51880 14060 14101
No leakage between train & val (cases).
No leakage between train & test (cases).
No leakage between val & test (cases).
No leakage between train & val (paths).
No leakage between train & test (paths).
No leakage between val & test (paths).

Data Summary:
==================================================

Label distribution per split:
label   0   1
split        
test    7  11
train  21  35
val     7  12

Mean patches per stain per split:
       h&e_patches  melan_patches  sox10_patches
split                                           
test         405.0          201.1          177.3
train        451.1          261.9          213.5
val          375.8          196.5          167.7

Median patches per stain per split:
       h&e_patches  melan_patches  sox10_patches
split                                           
test         326.5          167.5          164.0
train        327.0          192.0          154.0
val          311.0          179.0          138.0

Missing stain proportion:
       h&e_missing  melan_missing  sox10_missing
split                                           
test           0.0          0.000          0.000
train          0.0          0.018          0.018
val            0.0          0.053          0.053

Total cases: 93
Total patches: 80,041
==================================================

Patch count by class for Train:
  Benign (0):     16141 patches
  High-grade (1): 35739 patches

Patch count by class for Validation:
  Benign (0):     4764 patches
  High-grade (1): 9296 patches

Patch count by class for Test:
  Benign (0):     4875 patches
  High-grade (1): 9226 patches

Data Integrity Check for Train:
Stain coverage:
  h&e: 56/56 (100.0%)
  melan: 55/56 (98.2%)
  sox10: 55/56 (98.2%)
No issues found

Data Integrity Check for Validation:
Stain coverage:
  h&e: 19/19 (100.0%)
  melan: 18/19 (94.7%)
  sox10: 18/19 (94.7%)
No issues found

Data Integrity Check for Test:
Stain coverage:
  h&e: 18/18 (100.0%)
  melan: 18/18 (100.0%)
  sox10: 18/18 (100.0%)
No issues found
Using existing splits from: ./no_train_val_leakage_splits/data_splits_new_05.npz

============================================================
CREATING DATA LOADERS (POOLED FEATURES)
============================================================
Created data loaders - Train: 56, Val: 19, Test: 18

============================================================
CREATING MODEL
============================================================

Model Summary:
==================================================
Total parameters: 2,493,061
Trainable parameters: 2,493,061
Model size: 9.51 MB
==================================================

============================================================
TRAINING MODEL
============================================================
Starting training from epoch 1 to 30
Device: cpu
Model parameters: 2,493,061
LR scheduler: ReduceLROnPlateau
Patch entropy regularization enabled (lambda=0.001, mode=max, normalize=True) -> maximize entropy (smoother attention)
Early stopping enabled (patience=8, min_delta=0.001, min_epochs=10)

Epoch 1/30 (LR: 2.08e-04)
Train Loss: 1.2146 | Train CE: 1.2156 | Train Patch Entropy: 0.9919 | Val Loss: 0.7489 | Val Acc: 0.6316
Epoch Time: 108.62s
New best validation loss: 0.7489
Checkpoint saved: ./runs/20260312_162734_MIL_Task2_ID41_Seed20/checkpoints/20260312_162925_HierarchicalAttnMIL_epoch1.pth
Best checkpoint updated: ./runs/20260312_162734_MIL_Task2_ID41_Seed20/checkpoints/best.pth

Epoch 2/30 (LR: 2.08e-04)
Train Loss: 0.4058 | Train CE: 0.4068 | Train Patch Entropy: 0.9665 | Val Loss: 0.4726 | Val Acc: 0.7368
Epoch Time: 83.70s
New best validation loss: 0.4726
Checkpoint saved: ./runs/20260312_162734_MIL_Task2_ID41_Seed20/checkpoints/20260312_163049_HierarchicalAttnMIL_epoch2.pth
Best checkpoint updated: ./runs/20260312_162734_MIL_Task2_ID41_Seed20/checkpoints/best.pth

Epoch 3/30 (LR: 2.08e-04)
Train Loss: 0.3873 | Train CE: 0.3883 | Train Patch Entropy: 0.9552 | Val Loss: 0.3709 | Val Acc: 0.7895
Epoch Time: 203.09s
New best validation loss: 0.3709
Checkpoint saved: ./runs/20260312_162734_MIL_Task2_ID41_Seed20/checkpoints/20260312_163412_HierarchicalAttnMIL_epoch3.pth
Best checkpoint updated: ./runs/20260312_162734_MIL_Task2_ID41_Seed20/checkpoints/best.pth

Epoch 4/30 (LR: 2.08e-04)
Train Loss: 0.2262 | Train CE: 0.2271 | Train Patch Entropy: 0.9158 | Val Loss: 0.2871 | Val Acc: 0.8421
Epoch Time: 99.08s
New best validation loss: 0.2871
Checkpoint saved: ./runs/20260312_162734_MIL_Task2_ID41_Seed20/checkpoints/20260312_163551_HierarchicalAttnMIL_epoch4.pth
Best checkpoint updated: ./runs/20260312_162734_MIL_Task2_ID41_Seed20/checkpoints/best.pth

Epoch 5/30 (LR: 2.08e-04)
Train Loss: 0.2279 | Train CE: 0.2288 | Train Patch Entropy: 0.8891 | Val Loss: 0.5033 | Val Acc: 0.8421
Epoch Time: 112.55s
No improvement for 1 epoch(s)
Checkpoint saved: ./runs/20260312_162734_MIL_Task2_ID41_Seed20/checkpoints/20260312_163744_HierarchicalAttnMIL_epoch5.pth

Epoch 6/30 (LR: 2.08e-04)
Train Loss: 0.1265 | Train CE: 0.1274 | Train Patch Entropy: 0.8988 | Val Loss: 1.1234 | Val Acc: 0.6842
Epoch Time: 106.35s
No improvement for 2 epoch(s)
Checkpoint saved: ./runs/20260312_162734_MIL_Task2_ID41_Seed20/checkpoints/20260312_163931_HierarchicalAttnMIL_epoch6.pth

Epoch 7/30 (LR: 2.08e-04)
Train Loss: 0.0917 | Train CE: 0.0925 | Train Patch Entropy: 0.8595 | Val Loss: 0.4089 | Val Acc: 0.8947
Epoch Time: 106.61s
No improvement for 3 epoch(s)
Checkpoint saved: ./runs/20260312_162734_MIL_Task2_ID41_Seed20/checkpoints/20260312_164117_HierarchicalAttnMIL_epoch7.pth

Epoch 8/30 (LR: 2.08e-04)
Train Loss: 0.0114 | Train CE: 0.0123 | Train Patch Entropy: 0.8298 | Val Loss: 0.3857 | Val Acc: 0.8947
Epoch Time: 137.79s
No improvement for 4 epoch(s)
Checkpoint saved: ./runs/20260312_162734_MIL_Task2_ID41_Seed20/checkpoints/20260312_164335_HierarchicalAttnMIL_epoch8.pth

Epoch 9/30 (LR: 2.08e-04)
Train Loss: 0.0044 | Train CE: 0.0052 | Train Patch Entropy: 0.8158 | Val Loss: 0.4139 | Val Acc: 0.8947
Epoch Time: 101.55s
No improvement for 5 epoch(s)
Checkpoint saved: ./runs/20260312_162734_MIL_Task2_ID41_Seed20/checkpoints/20260312_164517_HierarchicalAttnMIL_epoch9.pth

Epoch 10/30 (LR: 4.45e-05)
Train Loss: 0.0029 | Train CE: 0.0037 | Train Patch Entropy: 0.8130 | Val Loss: 0.4217 | Val Acc: 0.8947
Epoch Time: 113.64s
No improvement for 6 epoch(s)
Checkpoint saved: ./runs/20260312_162734_MIL_Task2_ID41_Seed20/checkpoints/20260312_164710_HierarchicalAttnMIL_epoch10.pth

Epoch 11/30 (LR: 4.45e-05)
Train Loss: 0.0031 | Train CE: 0.0039 | Train Patch Entropy: 0.8082 | Val Loss: 0.4333 | Val Acc: 0.8947
Epoch Time: 115.12s
No improvement for 7 epoch(s)
Checkpoint saved: ./runs/20260312_162734_MIL_Task2_ID41_Seed20/checkpoints/20260312_164905_HierarchicalAttnMIL_epoch11.pth

Epoch 12/30 (LR: 4.45e-05)
Train Loss: 0.0021 | Train CE: 0.0029 | Train Patch Entropy: 0.8071 | Val Loss: 0.4407 | Val Acc: 0.8947
Epoch Time: 115.52s
No improvement for 8 epoch(s)
Checkpoint saved: ./runs/20260312_162734_MIL_Task2_ID41_Seed20/checkpoints/20260312_165101_HierarchicalAttnMIL_epoch12.pth

Early stopping triggered at epoch 12. Best val loss: 0.2871

Training completed!

============================================================
EVALUATING MODEL
============================================================

Test Results:
  Test Loss: 0.4847
  Test Acc:  0.7778
  Test HG Recall: 0.8182
  Test B Recall:  0.7143
  Samples:   18
Predictions saved to: ./runs/20260312_162734_MIL_Task2_ID41_Seed20/predictions.csv
Confusion matrix saved to: ./runs/20260312_162734_MIL_Task2_ID41_Seed20/confusion_matrix.png

Results saved to: ./runs/20260312_162734_MIL_Task2_ID41_Seed20

Total execution time: 1431.31s (0.40 hours)
Training completed successfully!
------------------------------------------------
End time: Thu Mar 12 16:51:27 CDT 2026
------------------------------------------------
