------------------------------------------------
Job ID: 2651910 | Task ID: 21
Running ./no_train_val_leakage_splits/data_splits_new_03.npz with Seed 20
Start time: Thu Mar 12 16:13:19 CDT 2026
------------------------------------------------
Random seed set to 20
Using CPU
Created run directory: ./runs/20260312_161325_MIL_Task2_ID21_Seed20
================================================================================
HIERARCHICAL ATTENTION MIL TRAINING
================================================================================
Arguments: {'labels_csv': 'extra_benign_case_grade_match.csv', 'patches_dir': '/projects/e32998/patches_benign_split', 'epochs': 30, 'lr': 0.000208, 'batch_size': 1, 'num_workers': 2, 'embed_dim': 512, 'per_slice_cap': 800, 'max_slices_per_stain': None, 'seed': 20, 'resume': None, 'eval_only': False, 'analyze_attention': False, 'attention_top_n': 5, 'load_splits': './no_train_val_leakage_splits/data_splits_new_03.npz', 'checkpoint_dir': './runs/20260312_161325_MIL_Task2_ID21_Seed20/checkpoints'}
Training config (may be overridden by arguments): {'epochs': 30, 'batch_size': 1, 'learning_rate': 0.000208, 'weight_decay': 0.000305, 'num_workers': 2, 'pin_memory': True, 'random_state': 42, 'class_weights': [2.5285, 1.0], 'dropout': 0.2599, 'use_scheduler': True, 'scheduler_type': 'reduce_on_plateau', 'scheduler_patience': 4, 'scheduler_factor': 0.2139, 'scheduler_min_lr': 1e-06, 'early_stopping': True, 'early_stopping_patience': 8, 'early_stopping_min_delta': 0.001, 'early_stopping_min_epochs': 10, 'use_patch_entropy_regularization': True, 'patch_entropy_lambda': 0.001, 'patch_entropy_mode': 'max', 'patch_entropy_eps': 1e-08, 'normalize_patch_entropy': True}
============================================================
PREPARING DATA
============================================================
Loaded 118 labels
Found 83630 patch files
All 3808 non-standard file names were handled.
Grouped into 383 slices
Mapped 371 slices to classes
Class distribution: {1: 238, 0: 133}

----------------------------------------
SPLITTING DATA
----------------------------------------
Loading existing splits from: ./no_train_val_leakage_splits/data_splits_new_03.npz
Data splits loaded from: ./no_train_val_leakage_splits/data_splits_new_03.npz
Loaded splits - Train: 197, Val: 67, Test: 107
Cases per split: 55 19 19
Paths per split: 42291 15481 22269
No leakage between train & val (cases).
No leakage between train & test (cases).
No leakage between val & test (cases).
No leakage between train & val (paths).
No leakage between train & test (paths).
No leakage between val & test (paths).

Data Summary:
==================================================

Label distribution per split:
label   0   1
split        
test    7  12
train  21  34
val     7  12

Mean patches per stain per split:
       h&e_patches  melan_patches  sox10_patches
split                                           
test         559.1          337.4          275.6
train        394.7          200.2          174.0
val          387.2          242.0          185.6

Median patches per stain per split:
       h&e_patches  melan_patches  sox10_patches
split                                           
test         414.0          236.0          162.0
train        313.0          175.0          153.0
val          328.0          192.0          128.0

Missing stain proportion:
       h&e_missing  melan_missing  sox10_missing
split                                           
test           0.0          0.000          0.000
train          0.0          0.018          0.018
val            0.0          0.053          0.053

Total cases: 93
Total patches: 80,041
==================================================

Patch count by class for Train:
  Benign (0):     14210 patches
  High-grade (1): 28081 patches

Patch count by class for Validation:
  Benign (0):     6209 patches
  High-grade (1): 9272 patches

Patch count by class for Test:
  Benign (0):     5361 patches
  High-grade (1): 16908 patches

Data Integrity Check for Train:
Stain coverage:
  h&e: 55/55 (100.0%)
  melan: 54/55 (98.2%)
  sox10: 54/55 (98.2%)
No issues found

Data Integrity Check for Validation:
Stain coverage:
  h&e: 19/19 (100.0%)
  melan: 18/19 (94.7%)
  sox10: 18/19 (94.7%)
No issues found

Data Integrity Check for Test:
Stain coverage:
  h&e: 19/19 (100.0%)
  melan: 19/19 (100.0%)
  sox10: 19/19 (100.0%)
No issues found
Using existing splits from: ./no_train_val_leakage_splits/data_splits_new_03.npz

============================================================
CREATING DATA LOADERS (POOLED FEATURES)
============================================================
Created data loaders - Train: 55, Val: 19, Test: 19

============================================================
CREATING MODEL
============================================================

Model Summary:
==================================================
Total parameters: 2,493,061
Trainable parameters: 2,493,061
Model size: 9.51 MB
==================================================

============================================================
TRAINING MODEL
============================================================
Starting training from epoch 1 to 30
Device: cpu
Model parameters: 2,493,061
LR scheduler: ReduceLROnPlateau
Patch entropy regularization enabled (lambda=0.001, mode=max, normalize=True) -> maximize entropy (smoother attention)
Early stopping enabled (patience=8, min_delta=0.001, min_epochs=10)

Epoch 1/30 (LR: 2.08e-04)
Train Loss: 1.1990 | Train CE: 1.2000 | Train Patch Entropy: 0.9929 | Val Loss: 0.5015 | Val Acc: 0.7368
Epoch Time: 54.55s
New best validation loss: 0.5015
Checkpoint saved: ./runs/20260312_161325_MIL_Task2_ID21_Seed20/checkpoints/20260312_161423_HierarchicalAttnMIL_epoch1.pth
Best checkpoint updated: ./runs/20260312_161325_MIL_Task2_ID21_Seed20/checkpoints/best.pth

Epoch 2/30 (LR: 2.08e-04)
Train Loss: 0.3375 | Train CE: 0.3384 | Train Patch Entropy: 0.9734 | Val Loss: 0.4398 | Val Acc: 0.7895
Epoch Time: 50.59s
New best validation loss: 0.4398
Checkpoint saved: ./runs/20260312_161325_MIL_Task2_ID21_Seed20/checkpoints/20260312_161513_HierarchicalAttnMIL_epoch2.pth
Best checkpoint updated: ./runs/20260312_161325_MIL_Task2_ID21_Seed20/checkpoints/best.pth

Epoch 3/30 (LR: 2.08e-04)
Train Loss: 0.4073 | Train CE: 0.4082 | Train Patch Entropy: 0.9549 | Val Loss: 0.4770 | Val Acc: 0.7895
Epoch Time: 53.28s
No improvement for 1 epoch(s)
Checkpoint saved: ./runs/20260312_161325_MIL_Task2_ID21_Seed20/checkpoints/20260312_161607_HierarchicalAttnMIL_epoch3.pth

Epoch 4/30 (LR: 2.08e-04)
Train Loss: 0.1723 | Train CE: 0.1732 | Train Patch Entropy: 0.9514 | Val Loss: 0.3376 | Val Acc: 0.8421
Epoch Time: 52.83s
New best validation loss: 0.3376
Checkpoint saved: ./runs/20260312_161325_MIL_Task2_ID21_Seed20/checkpoints/20260312_161659_HierarchicalAttnMIL_epoch4.pth
Best checkpoint updated: ./runs/20260312_161325_MIL_Task2_ID21_Seed20/checkpoints/best.pth

Epoch 5/30 (LR: 2.08e-04)
Train Loss: 0.0524 | Train CE: 0.0533 | Train Patch Entropy: 0.9106 | Val Loss: 0.2190 | Val Acc: 0.8947
Epoch Time: 58.19s
New best validation loss: 0.2190
Checkpoint saved: ./runs/20260312_161325_MIL_Task2_ID21_Seed20/checkpoints/20260312_161758_HierarchicalAttnMIL_epoch5.pth
Best checkpoint updated: ./runs/20260312_161325_MIL_Task2_ID21_Seed20/checkpoints/best.pth

Epoch 6/30 (LR: 2.08e-04)
Train Loss: 0.0242 | Train CE: 0.0251 | Train Patch Entropy: 0.8974 | Val Loss: 0.1947 | Val Acc: 0.8421
Epoch Time: 60.70s
New best validation loss: 0.1947
Checkpoint saved: ./runs/20260312_161325_MIL_Task2_ID21_Seed20/checkpoints/20260312_161858_HierarchicalAttnMIL_epoch6.pth
Best checkpoint updated: ./runs/20260312_161325_MIL_Task2_ID21_Seed20/checkpoints/best.pth

Epoch 7/30 (LR: 2.08e-04)
Train Loss: 0.0049 | Train CE: 0.0058 | Train Patch Entropy: 0.8692 | Val Loss: 0.3796 | Val Acc: 0.8421
Epoch Time: 53.52s
No improvement for 1 epoch(s)
Checkpoint saved: ./runs/20260312_161325_MIL_Task2_ID21_Seed20/checkpoints/20260312_161952_HierarchicalAttnMIL_epoch7.pth

Epoch 8/30 (LR: 2.08e-04)
Train Loss: 0.0027 | Train CE: 0.0036 | Train Patch Entropy: 0.8546 | Val Loss: 0.2791 | Val Acc: 0.7895
Epoch Time: 52.31s
No improvement for 2 epoch(s)
Checkpoint saved: ./runs/20260312_161325_MIL_Task2_ID21_Seed20/checkpoints/20260312_162044_HierarchicalAttnMIL_epoch8.pth

Epoch 9/30 (LR: 2.08e-04)
Train Loss: 0.0011 | Train CE: 0.0019 | Train Patch Entropy: 0.8473 | Val Loss: 0.3049 | Val Acc: 0.7895
Epoch Time: 54.45s
No improvement for 3 epoch(s)
Checkpoint saved: ./runs/20260312_161325_MIL_Task2_ID21_Seed20/checkpoints/20260312_162139_HierarchicalAttnMIL_epoch9.pth

Epoch 10/30 (LR: 2.08e-04)
Train Loss: 0.0007 | Train CE: 0.0015 | Train Patch Entropy: 0.8409 | Val Loss: 0.3186 | Val Acc: 0.7895
Epoch Time: 55.34s
No improvement for 4 epoch(s)
Checkpoint saved: ./runs/20260312_161325_MIL_Task2_ID21_Seed20/checkpoints/20260312_162234_HierarchicalAttnMIL_epoch10.pth

Epoch 11/30 (LR: 2.08e-04)
Train Loss: 0.0000 | Train CE: 0.0009 | Train Patch Entropy: 0.8341 | Val Loss: 0.2700 | Val Acc: 0.8421
Epoch Time: 55.67s
No improvement for 5 epoch(s)
Checkpoint saved: ./runs/20260312_161325_MIL_Task2_ID21_Seed20/checkpoints/20260312_162330_HierarchicalAttnMIL_epoch11.pth

Epoch 12/30 (LR: 4.45e-05)
Train Loss: -0.0001 | Train CE: 0.0007 | Train Patch Entropy: 0.8297 | Val Loss: 0.2718 | Val Acc: 0.8421
Epoch Time: 62.45s
No improvement for 6 epoch(s)
Checkpoint saved: ./runs/20260312_161325_MIL_Task2_ID21_Seed20/checkpoints/20260312_162432_HierarchicalAttnMIL_epoch12.pth

Epoch 13/30 (LR: 4.45e-05)
Train Loss: -0.0003 | Train CE: 0.0005 | Train Patch Entropy: 0.8269 | Val Loss: 0.2665 | Val Acc: 0.8421
Epoch Time: 94.31s
No improvement for 7 epoch(s)
Checkpoint saved: ./runs/20260312_161325_MIL_Task2_ID21_Seed20/checkpoints/20260312_162607_HierarchicalAttnMIL_epoch13.pth

Epoch 14/30 (LR: 4.45e-05)
Train Loss: -0.0001 | Train CE: 0.0007 | Train Patch Entropy: 0.8285 | Val Loss: 0.2660 | Val Acc: 0.8421
Epoch Time: 83.72s
No improvement for 8 epoch(s)
Checkpoint saved: ./runs/20260312_161325_MIL_Task2_ID21_Seed20/checkpoints/20260312_162731_HierarchicalAttnMIL_epoch14.pth

Early stopping triggered at epoch 14. Best val loss: 0.1947

Training completed!

============================================================
EVALUATING MODEL
============================================================

Test Results:
  Test Loss: 0.3221
  Test Acc:  0.8947
  Test HG Recall: 0.9167
  Test B Recall:  0.8571
  Samples:   19
Predictions saved to: ./runs/20260312_161325_MIL_Task2_ID21_Seed20/predictions.csv
Confusion matrix saved to: ./runs/20260312_161325_MIL_Task2_ID21_Seed20/confusion_matrix.png

Results saved to: ./runs/20260312_161325_MIL_Task2_ID21_Seed20

Total execution time: 866.01s (0.24 hours)
Training completed successfully!
------------------------------------------------
End time: Thu Mar 12 16:27:52 CDT 2026
------------------------------------------------
