------------------------------------------------
Job ID: 2654288 | Task ID: 29
Running ./no_train_val_leakage_splits/data_splits_new_03.npz with Seed 100
Start time: Thu Mar 12 16:22:04 CDT 2026
------------------------------------------------
Random seed set to 100
Using CPU
Created run directory: ./runs/20260312_162212_MIL_Task2_ID29_Seed100
================================================================================
HIERARCHICAL ATTENTION MIL TRAINING
================================================================================
Arguments: {'labels_csv': 'extra_benign_case_grade_match.csv', 'patches_dir': '/projects/e32998/patches_benign_split', 'epochs': 30, 'lr': 0.000208, 'batch_size': 1, 'num_workers': 2, 'embed_dim': 512, 'per_slice_cap': 800, 'max_slices_per_stain': None, 'seed': 100, 'resume': None, 'eval_only': False, 'analyze_attention': False, 'attention_top_n': 5, 'load_splits': './no_train_val_leakage_splits/data_splits_new_03.npz', 'checkpoint_dir': './runs/20260312_162212_MIL_Task2_ID29_Seed100/checkpoints'}
Training config (may be overridden by arguments): {'epochs': 30, 'batch_size': 1, 'learning_rate': 0.000208, 'weight_decay': 0.000305, 'num_workers': 2, 'pin_memory': True, 'random_state': 42, 'class_weights': [2.5285, 1.0], 'dropout': 0.2599, 'use_scheduler': True, 'scheduler_type': 'reduce_on_plateau', 'scheduler_patience': 4, 'scheduler_factor': 0.2139, 'scheduler_min_lr': 1e-06, 'early_stopping': True, 'early_stopping_patience': 8, 'early_stopping_min_delta': 0.001, 'early_stopping_min_epochs': 10, 'use_patch_entropy_regularization': True, 'patch_entropy_lambda': 0.001, 'patch_entropy_mode': 'max', 'patch_entropy_eps': 1e-08, 'normalize_patch_entropy': True}
============================================================
PREPARING DATA
============================================================
Loaded 118 labels
Found 83630 patch files
All 3808 non-standard file names were handled.
Grouped into 383 slices
Mapped 371 slices to classes
Class distribution: {1: 238, 0: 133}

----------------------------------------
SPLITTING DATA
----------------------------------------
Loading existing splits from: ./no_train_val_leakage_splits/data_splits_new_03.npz
Data splits loaded from: ./no_train_val_leakage_splits/data_splits_new_03.npz
Loaded splits - Train: 197, Val: 67, Test: 107
Cases per split: 55 19 19
Paths per split: 42291 15481 22269
No leakage between train & val (cases).
No leakage between train & test (cases).
No leakage between val & test (cases).
No leakage between train & val (paths).
No leakage between train & test (paths).
No leakage between val & test (paths).

Data Summary:
==================================================

Label distribution per split:
label   0   1
split        
test    7  12
train  21  34
val     7  12

Mean patches per stain per split:
       h&e_patches  melan_patches  sox10_patches
split                                           
test         559.1          337.4          275.6
train        394.7          200.2          174.0
val          387.2          242.0          185.6

Median patches per stain per split:
       h&e_patches  melan_patches  sox10_patches
split                                           
test         414.0          236.0          162.0
train        313.0          175.0          153.0
val          328.0          192.0          128.0

Missing stain proportion:
       h&e_missing  melan_missing  sox10_missing
split                                           
test           0.0          0.000          0.000
train          0.0          0.018          0.018
val            0.0          0.053          0.053

Total cases: 93
Total patches: 80,041
==================================================

Patch count by class for Train:
  Benign (0):     14210 patches
  High-grade (1): 28081 patches

Patch count by class for Validation:
  Benign (0):     6209 patches
  High-grade (1): 9272 patches

Patch count by class for Test:
  Benign (0):     5361 patches
  High-grade (1): 16908 patches

Data Integrity Check for Train:
Stain coverage:
  h&e: 55/55 (100.0%)
  melan: 54/55 (98.2%)
  sox10: 54/55 (98.2%)
No issues found

Data Integrity Check for Validation:
Stain coverage:
  h&e: 19/19 (100.0%)
  melan: 18/19 (94.7%)
  sox10: 18/19 (94.7%)
No issues found

Data Integrity Check for Test:
Stain coverage:
  h&e: 19/19 (100.0%)
  melan: 19/19 (100.0%)
  sox10: 19/19 (100.0%)
No issues found
Using existing splits from: ./no_train_val_leakage_splits/data_splits_new_03.npz

============================================================
CREATING DATA LOADERS (POOLED FEATURES)
============================================================
Created data loaders - Train: 55, Val: 19, Test: 19

============================================================
CREATING MODEL
============================================================

Model Summary:
==================================================
Total parameters: 2,493,061
Trainable parameters: 2,493,061
Model size: 9.51 MB
==================================================

============================================================
TRAINING MODEL
============================================================
Starting training from epoch 1 to 30
Device: cpu
Model parameters: 2,493,061
LR scheduler: ReduceLROnPlateau
Patch entropy regularization enabled (lambda=0.001, mode=max, normalize=True) -> maximize entropy (smoother attention)
Early stopping enabled (patience=8, min_delta=0.001, min_epochs=10)

Epoch 1/30 (LR: 2.08e-04)
Train Loss: 0.7726 | Train CE: 0.7736 | Train Patch Entropy: 0.9947 | Val Loss: 0.5139 | Val Acc: 0.6842
Epoch Time: 66.52s
New best validation loss: 0.5139
Checkpoint saved: ./runs/20260312_162212_MIL_Task2_ID29_Seed100/checkpoints/20260312_162323_HierarchicalAttnMIL_epoch1.pth
Best checkpoint updated: ./runs/20260312_162212_MIL_Task2_ID29_Seed100/checkpoints/best.pth

Epoch 2/30 (LR: 2.08e-04)
Train Loss: 0.3993 | Train CE: 0.4003 | Train Patch Entropy: 0.9640 | Val Loss: 0.7734 | Val Acc: 0.6842
Epoch Time: 70.87s
No improvement for 1 epoch(s)
Checkpoint saved: ./runs/20260312_162212_MIL_Task2_ID29_Seed100/checkpoints/20260312_162434_HierarchicalAttnMIL_epoch2.pth

Epoch 3/30 (LR: 2.08e-04)
Train Loss: 0.3333 | Train CE: 0.3342 | Train Patch Entropy: 0.9319 | Val Loss: 0.5592 | Val Acc: 0.7895
Epoch Time: 129.21s
No improvement for 2 epoch(s)
Checkpoint saved: ./runs/20260312_162212_MIL_Task2_ID29_Seed100/checkpoints/20260312_162643_HierarchicalAttnMIL_epoch3.pth

Epoch 4/30 (LR: 2.08e-04)
Train Loss: 0.0974 | Train CE: 0.0983 | Train Patch Entropy: 0.9003 | Val Loss: 0.4305 | Val Acc: 0.8421
Epoch Time: 67.35s
New best validation loss: 0.4305
Checkpoint saved: ./runs/20260312_162212_MIL_Task2_ID29_Seed100/checkpoints/20260312_162751_HierarchicalAttnMIL_epoch4.pth
Best checkpoint updated: ./runs/20260312_162212_MIL_Task2_ID29_Seed100/checkpoints/best.pth

Epoch 5/30 (LR: 2.08e-04)
Train Loss: 0.0840 | Train CE: 0.0849 | Train Patch Entropy: 0.8262 | Val Loss: 0.7357 | Val Acc: 0.7895
Epoch Time: 100.87s
No improvement for 1 epoch(s)
Checkpoint saved: ./runs/20260312_162212_MIL_Task2_ID29_Seed100/checkpoints/20260312_162932_HierarchicalAttnMIL_epoch5.pth

Epoch 6/30 (LR: 2.08e-04)
Train Loss: 0.0593 | Train CE: 0.0602 | Train Patch Entropy: 0.8480 | Val Loss: 0.7906 | Val Acc: 0.7368
Epoch Time: 77.86s
No improvement for 2 epoch(s)
Checkpoint saved: ./runs/20260312_162212_MIL_Task2_ID29_Seed100/checkpoints/20260312_163050_HierarchicalAttnMIL_epoch6.pth

Epoch 7/30 (LR: 2.08e-04)
Train Loss: 0.1485 | Train CE: 0.1494 | Train Patch Entropy: 0.8620 | Val Loss: 0.5659 | Val Acc: 0.6842
Epoch Time: 184.95s
No improvement for 3 epoch(s)
Checkpoint saved: ./runs/20260312_162212_MIL_Task2_ID29_Seed100/checkpoints/20260312_163355_HierarchicalAttnMIL_epoch7.pth

Epoch 8/30 (LR: 2.08e-04)
Train Loss: 0.1202 | Train CE: 0.1210 | Train Patch Entropy: 0.8211 | Val Loss: 0.6887 | Val Acc: 0.7368
Epoch Time: 97.81s
No improvement for 4 epoch(s)
Checkpoint saved: ./runs/20260312_162212_MIL_Task2_ID29_Seed100/checkpoints/20260312_163532_HierarchicalAttnMIL_epoch8.pth

Epoch 9/30 (LR: 2.08e-04)
Train Loss: 0.0333 | Train CE: 0.0342 | Train Patch Entropy: 0.8690 | Val Loss: 0.7386 | Val Acc: 0.8421
Epoch Time: 81.70s
No improvement for 5 epoch(s)
Checkpoint saved: ./runs/20260312_162212_MIL_Task2_ID29_Seed100/checkpoints/20260312_163654_HierarchicalAttnMIL_epoch9.pth

Epoch 10/30 (LR: 4.45e-05)
Train Loss: 0.0114 | Train CE: 0.0123 | Train Patch Entropy: 0.8583 | Val Loss: 0.6717 | Val Acc: 0.8421
Epoch Time: 120.22s
No improvement for 6 epoch(s)
Checkpoint saved: ./runs/20260312_162212_MIL_Task2_ID29_Seed100/checkpoints/20260312_163854_HierarchicalAttnMIL_epoch10.pth

Epoch 11/30 (LR: 4.45e-05)
Train Loss: 0.0029 | Train CE: 0.0037 | Train Patch Entropy: 0.8542 | Val Loss: 0.6187 | Val Acc: 0.8421
Epoch Time: 87.02s
No improvement for 7 epoch(s)
Checkpoint saved: ./runs/20260312_162212_MIL_Task2_ID29_Seed100/checkpoints/20260312_164022_HierarchicalAttnMIL_epoch11.pth

Epoch 12/30 (LR: 4.45e-05)
Train Loss: 0.0017 | Train CE: 0.0025 | Train Patch Entropy: 0.8527 | Val Loss: 0.5813 | Val Acc: 0.8421
Epoch Time: 114.17s
No improvement for 8 epoch(s)
Checkpoint saved: ./runs/20260312_162212_MIL_Task2_ID29_Seed100/checkpoints/20260312_164216_HierarchicalAttnMIL_epoch12.pth

Early stopping triggered at epoch 12. Best val loss: 0.4305

Training completed!

============================================================
EVALUATING MODEL
============================================================

Test Results:
  Test Loss: 0.2089
  Test Acc:  0.9474
  Test HG Recall: 1.0000
  Test B Recall:  0.8571
  Samples:   19
Predictions saved to: ./runs/20260312_162212_MIL_Task2_ID29_Seed100/predictions.csv
Confusion matrix saved to: ./runs/20260312_162212_MIL_Task2_ID29_Seed100/confusion_matrix.png

Results saved to: ./runs/20260312_162212_MIL_Task2_ID29_Seed100

Total execution time: 1248.08s (0.35 hours)
Training completed successfully!
------------------------------------------------
End time: Thu Mar 12 16:43:02 CDT 2026
------------------------------------------------
