------------------------------------------------
Job ID: 2650753 | Task ID: 18
Running ./no_train_val_leakage_splits/data_splits_new_02.npz with Seed 90
Start time: Thu Mar 12 16:08:59 CDT 2026
------------------------------------------------
Random seed set to 90
Using CPU
Created run directory: ./runs/20260312_160914_MIL_Task2_ID18_Seed90
================================================================================
HIERARCHICAL ATTENTION MIL TRAINING
================================================================================
Arguments: {'labels_csv': 'extra_benign_case_grade_match.csv', 'patches_dir': '/projects/e32998/patches_benign_split', 'epochs': 30, 'lr': 0.000208, 'batch_size': 1, 'num_workers': 2, 'embed_dim': 512, 'per_slice_cap': 800, 'max_slices_per_stain': None, 'seed': 90, 'resume': None, 'eval_only': False, 'analyze_attention': False, 'attention_top_n': 5, 'load_splits': './no_train_val_leakage_splits/data_splits_new_02.npz', 'checkpoint_dir': './runs/20260312_160914_MIL_Task2_ID18_Seed90/checkpoints'}
Training config (may be overridden by arguments): {'epochs': 30, 'batch_size': 1, 'learning_rate': 0.000208, 'weight_decay': 0.000305, 'num_workers': 2, 'pin_memory': True, 'random_state': 42, 'class_weights': [2.5285, 1.0], 'dropout': 0.2599, 'use_scheduler': True, 'scheduler_type': 'reduce_on_plateau', 'scheduler_patience': 4, 'scheduler_factor': 0.2139, 'scheduler_min_lr': 1e-06, 'early_stopping': True, 'early_stopping_patience': 8, 'early_stopping_min_delta': 0.001, 'early_stopping_min_epochs': 10, 'use_patch_entropy_regularization': True, 'patch_entropy_lambda': 0.001, 'patch_entropy_mode': 'max', 'patch_entropy_eps': 1e-08, 'normalize_patch_entropy': True}
============================================================
PREPARING DATA
============================================================
Loaded 118 labels
Found 83630 patch files
All 3808 non-standard file names were handled.
Grouped into 383 slices
Mapped 371 slices to classes
Class distribution: {1: 238, 0: 133}

----------------------------------------
SPLITTING DATA
----------------------------------------
Loading existing splits from: ./no_train_val_leakage_splits/data_splits_new_02.npz
Data splits loaded from: ./no_train_val_leakage_splits/data_splits_new_02.npz
Loaded splits - Train: 233, Val: 71, Test: 67
Cases per split: 56 18 19
Paths per split: 50430 14130 15481
No leakage between train & val (cases).
No leakage between train & test (cases).
No leakage between val & test (cases).
No leakage between train & val (paths).
No leakage between train & test (paths).
No leakage between val & test (paths).

Data Summary:
==================================================

Label distribution per split:
label   0   1
split        
test    7  12
train  21  35
val     7  11

Mean patches per stain per split:
       h&e_patches  melan_patches  sox10_patches
split                                           
test         387.2          242.0          185.6
train        447.4          245.8          207.4
val          404.4          203.2          177.3

Median patches per stain per split:
       h&e_patches  melan_patches  sox10_patches
split                                           
test         328.0          192.0          128.0
train        327.5          184.5          159.5
val          306.0          174.0          148.0

Missing stain proportion:
       h&e_missing  melan_missing  sox10_missing
split                                           
test           0.0          0.053          0.053
train          0.0          0.018          0.018
val            0.0          0.000          0.000

Total cases: 93
Total patches: 80,041
==================================================

Patch count by class for Train:
  Benign (0):     15000 patches
  High-grade (1): 35430 patches

Patch count by class for Validation:
  Benign (0):     4571 patches
  High-grade (1): 9559 patches

Patch count by class for Test:
  Benign (0):     6209 patches
  High-grade (1): 9272 patches

Data Integrity Check for Train:
Stain coverage:
  h&e: 56/56 (100.0%)
  melan: 55/56 (98.2%)
  sox10: 55/56 (98.2%)
No issues found

Data Integrity Check for Validation:
Stain coverage:
  h&e: 18/18 (100.0%)
  melan: 18/18 (100.0%)
  sox10: 18/18 (100.0%)
No issues found

Data Integrity Check for Test:
Stain coverage:
  h&e: 19/19 (100.0%)
  melan: 18/19 (94.7%)
  sox10: 18/19 (94.7%)
No issues found
Using existing splits from: ./no_train_val_leakage_splits/data_splits_new_02.npz

============================================================
CREATING DATA LOADERS (POOLED FEATURES)
============================================================
Created data loaders - Train: 56, Val: 18, Test: 19

============================================================
CREATING MODEL
============================================================

Model Summary:
==================================================
Total parameters: 2,493,061
Trainable parameters: 2,493,061
Model size: 9.51 MB
==================================================

============================================================
TRAINING MODEL
============================================================
Starting training from epoch 1 to 30
Device: cpu
Model parameters: 2,493,061
LR scheduler: ReduceLROnPlateau
Patch entropy regularization enabled (lambda=0.001, mode=max, normalize=True) -> maximize entropy (smoother attention)
Early stopping enabled (patience=8, min_delta=0.001, min_epochs=10)

Epoch 1/30 (LR: 2.08e-04)
Train Loss: 1.0725 | Train CE: 1.0735 | Train Patch Entropy: 0.9911 | Val Loss: 0.4212 | Val Acc: 0.7778
Epoch Time: 39.71s
New best validation loss: 0.4212
Checkpoint saved: ./runs/20260312_160914_MIL_Task2_ID18_Seed90/checkpoints/20260312_160958_HierarchicalAttnMIL_epoch1.pth
Best checkpoint updated: ./runs/20260312_160914_MIL_Task2_ID18_Seed90/checkpoints/best.pth

Epoch 2/30 (LR: 2.08e-04)
Train Loss: 0.5253 | Train CE: 0.5263 | Train Patch Entropy: 0.9720 | Val Loss: 0.2774 | Val Acc: 0.8333
Epoch Time: 44.85s
New best validation loss: 0.2774
Checkpoint saved: ./runs/20260312_160914_MIL_Task2_ID18_Seed90/checkpoints/20260312_161043_HierarchicalAttnMIL_epoch2.pth
Best checkpoint updated: ./runs/20260312_160914_MIL_Task2_ID18_Seed90/checkpoints/best.pth

Epoch 3/30 (LR: 2.08e-04)
Train Loss: 0.2775 | Train CE: 0.2784 | Train Patch Entropy: 0.9467 | Val Loss: 0.3080 | Val Acc: 0.8333
Epoch Time: 49.55s
No improvement for 1 epoch(s)
Checkpoint saved: ./runs/20260312_160914_MIL_Task2_ID18_Seed90/checkpoints/20260312_161133_HierarchicalAttnMIL_epoch3.pth

Epoch 4/30 (LR: 2.08e-04)
Train Loss: 0.1541 | Train CE: 0.1550 | Train Patch Entropy: 0.9440 | Val Loss: 0.6322 | Val Acc: 0.8333
Epoch Time: 48.51s
No improvement for 2 epoch(s)
Checkpoint saved: ./runs/20260312_160914_MIL_Task2_ID18_Seed90/checkpoints/20260312_161221_HierarchicalAttnMIL_epoch4.pth

Epoch 5/30 (LR: 2.08e-04)
Train Loss: 0.0454 | Train CE: 0.0464 | Train Patch Entropy: 0.9607 | Val Loss: 0.9686 | Val Acc: 0.8333
Epoch Time: 43.95s
No improvement for 3 epoch(s)
Checkpoint saved: ./runs/20260312_160914_MIL_Task2_ID18_Seed90/checkpoints/20260312_161305_HierarchicalAttnMIL_epoch5.pth

Epoch 6/30 (LR: 2.08e-04)
Train Loss: 0.1037 | Train CE: 0.1047 | Train Patch Entropy: 0.9646 | Val Loss: 0.5506 | Val Acc: 0.8333
Epoch Time: 44.82s
No improvement for 4 epoch(s)
Checkpoint saved: ./runs/20260312_160914_MIL_Task2_ID18_Seed90/checkpoints/20260312_161350_HierarchicalAttnMIL_epoch6.pth

Epoch 7/30 (LR: 2.08e-04)
Train Loss: 0.0487 | Train CE: 0.0496 | Train Patch Entropy: 0.9566 | Val Loss: 0.6612 | Val Acc: 0.8333
Epoch Time: 47.61s
No improvement for 5 epoch(s)
Checkpoint saved: ./runs/20260312_160914_MIL_Task2_ID18_Seed90/checkpoints/20260312_161438_HierarchicalAttnMIL_epoch7.pth

Epoch 8/30 (LR: 4.45e-05)
Train Loss: 0.0179 | Train CE: 0.0189 | Train Patch Entropy: 0.9591 | Val Loss: 0.5031 | Val Acc: 0.8333
Epoch Time: 43.60s
No improvement for 6 epoch(s)
Checkpoint saved: ./runs/20260312_160914_MIL_Task2_ID18_Seed90/checkpoints/20260312_161521_HierarchicalAttnMIL_epoch8.pth

Epoch 9/30 (LR: 4.45e-05)
Train Loss: 0.0018 | Train CE: 0.0028 | Train Patch Entropy: 0.9603 | Val Loss: 0.5114 | Val Acc: 0.8333
Epoch Time: 41.22s
No improvement for 7 epoch(s)
Checkpoint saved: ./runs/20260312_160914_MIL_Task2_ID18_Seed90/checkpoints/20260312_161603_HierarchicalAttnMIL_epoch9.pth

Epoch 10/30 (LR: 4.45e-05)
Train Loss: 0.0037 | Train CE: 0.0047 | Train Patch Entropy: 0.9606 | Val Loss: 0.5017 | Val Acc: 0.8333
Epoch Time: 43.34s
No improvement for 8 epoch(s)
Checkpoint saved: ./runs/20260312_160914_MIL_Task2_ID18_Seed90/checkpoints/20260312_161646_HierarchicalAttnMIL_epoch10.pth

Early stopping triggered at epoch 10. Best val loss: 0.2774

Training completed!

============================================================
EVALUATING MODEL
============================================================

Test Results:
  Test Loss: 0.8254
  Test Acc:  0.8421
  Test HG Recall: 1.0000
  Test B Recall:  0.5714
  Samples:   19
Predictions saved to: ./runs/20260312_160914_MIL_Task2_ID18_Seed90/predictions.csv
Confusion matrix saved to: ./runs/20260312_160914_MIL_Task2_ID18_Seed90/confusion_matrix.png

Results saved to: ./runs/20260312_160914_MIL_Task2_ID18_Seed90

Total execution time: 462.77s (0.13 hours)
Training completed successfully!
------------------------------------------------
End time: Thu Mar 12 16:16:57 CDT 2026
------------------------------------------------
