------------------------------------------------
Job ID: 2651708 | Task ID: 20
Running ./no_train_val_leakage_splits/data_splits_new_03.npz with Seed 10
Start time: Thu Mar 12 16:12:37 CDT 2026
------------------------------------------------
Random seed set to 10
Using CPU
Created run directory: ./runs/20260312_161243_MIL_Task2_ID20_Seed10
================================================================================
HIERARCHICAL ATTENTION MIL TRAINING
================================================================================
Arguments: {'labels_csv': 'extra_benign_case_grade_match.csv', 'patches_dir': '/projects/e32998/patches_benign_split', 'epochs': 30, 'lr': 0.000208, 'batch_size': 1, 'num_workers': 2, 'embed_dim': 512, 'per_slice_cap': 800, 'max_slices_per_stain': None, 'seed': 10, 'resume': None, 'eval_only': False, 'analyze_attention': False, 'attention_top_n': 5, 'load_splits': './no_train_val_leakage_splits/data_splits_new_03.npz', 'checkpoint_dir': './runs/20260312_161243_MIL_Task2_ID20_Seed10/checkpoints'}
Training config (may be overridden by arguments): {'epochs': 30, 'batch_size': 1, 'learning_rate': 0.000208, 'weight_decay': 0.000305, 'num_workers': 2, 'pin_memory': True, 'random_state': 42, 'class_weights': [2.5285, 1.0], 'dropout': 0.2599, 'use_scheduler': True, 'scheduler_type': 'reduce_on_plateau', 'scheduler_patience': 4, 'scheduler_factor': 0.2139, 'scheduler_min_lr': 1e-06, 'early_stopping': True, 'early_stopping_patience': 8, 'early_stopping_min_delta': 0.001, 'early_stopping_min_epochs': 10, 'use_patch_entropy_regularization': True, 'patch_entropy_lambda': 0.001, 'patch_entropy_mode': 'max', 'patch_entropy_eps': 1e-08, 'normalize_patch_entropy': True}
============================================================
PREPARING DATA
============================================================
Loaded 118 labels
Found 83630 patch files
All 3808 non-standard file names were handled.
Grouped into 383 slices
Mapped 371 slices to classes
Class distribution: {1: 238, 0: 133}

----------------------------------------
SPLITTING DATA
----------------------------------------
Loading existing splits from: ./no_train_val_leakage_splits/data_splits_new_03.npz
Data splits loaded from: ./no_train_val_leakage_splits/data_splits_new_03.npz
Loaded splits - Train: 197, Val: 67, Test: 107
Cases per split: 55 19 19
Paths per split: 42291 15481 22269
No leakage between train & val (cases).
No leakage between train & test (cases).
No leakage between val & test (cases).
No leakage between train & val (paths).
No leakage between train & test (paths).
No leakage between val & test (paths).

Data Summary:
==================================================

Label distribution per split:
label   0   1
split        
test    7  12
train  21  34
val     7  12

Mean patches per stain per split:
       h&e_patches  melan_patches  sox10_patches
split                                           
test         559.1          337.4          275.6
train        394.7          200.2          174.0
val          387.2          242.0          185.6

Median patches per stain per split:
       h&e_patches  melan_patches  sox10_patches
split                                           
test         414.0          236.0          162.0
train        313.0          175.0          153.0
val          328.0          192.0          128.0

Missing stain proportion:
       h&e_missing  melan_missing  sox10_missing
split                                           
test           0.0          0.000          0.000
train          0.0          0.018          0.018
val            0.0          0.053          0.053

Total cases: 93
Total patches: 80,041
==================================================

Patch count by class for Train:
  Benign (0):     14210 patches
  High-grade (1): 28081 patches

Patch count by class for Validation:
  Benign (0):     6209 patches
  High-grade (1): 9272 patches

Patch count by class for Test:
  Benign (0):     5361 patches
  High-grade (1): 16908 patches

Data Integrity Check for Train:
Stain coverage:
  h&e: 55/55 (100.0%)
  melan: 54/55 (98.2%)
  sox10: 54/55 (98.2%)
No issues found

Data Integrity Check for Validation:
Stain coverage:
  h&e: 19/19 (100.0%)
  melan: 18/19 (94.7%)
  sox10: 18/19 (94.7%)
No issues found

Data Integrity Check for Test:
Stain coverage:
  h&e: 19/19 (100.0%)
  melan: 19/19 (100.0%)
  sox10: 19/19 (100.0%)
No issues found
Using existing splits from: ./no_train_val_leakage_splits/data_splits_new_03.npz

============================================================
CREATING DATA LOADERS (POOLED FEATURES)
============================================================
Created data loaders - Train: 55, Val: 19, Test: 19

============================================================
CREATING MODEL
============================================================

Model Summary:
==================================================
Total parameters: 2,493,061
Trainable parameters: 2,493,061
Model size: 9.51 MB
==================================================

============================================================
TRAINING MODEL
============================================================
Starting training from epoch 1 to 30
Device: cpu
Model parameters: 2,493,061
LR scheduler: ReduceLROnPlateau
Patch entropy regularization enabled (lambda=0.001, mode=max, normalize=True) -> maximize entropy (smoother attention)
Early stopping enabled (patience=8, min_delta=0.001, min_epochs=10)

Epoch 1/30 (LR: 2.08e-04)
Train Loss: 1.0258 | Train CE: 1.0268 | Train Patch Entropy: 0.9923 | Val Loss: 0.9402 | Val Acc: 0.6316
Epoch Time: 56.67s
New best validation loss: 0.9402
Checkpoint saved: ./runs/20260312_161243_MIL_Task2_ID20_Seed10/checkpoints/20260312_161342_HierarchicalAttnMIL_epoch1.pth
Best checkpoint updated: ./runs/20260312_161243_MIL_Task2_ID20_Seed10/checkpoints/best.pth

Epoch 2/30 (LR: 2.08e-04)
Train Loss: 0.4357 | Train CE: 0.4367 | Train Patch Entropy: 0.9757 | Val Loss: 0.2941 | Val Acc: 0.8947
Epoch Time: 56.85s
New best validation loss: 0.2941
Checkpoint saved: ./runs/20260312_161243_MIL_Task2_ID20_Seed10/checkpoints/20260312_161439_HierarchicalAttnMIL_epoch2.pth
Best checkpoint updated: ./runs/20260312_161243_MIL_Task2_ID20_Seed10/checkpoints/best.pth

Epoch 3/30 (LR: 2.08e-04)
Train Loss: 0.2023 | Train CE: 0.2033 | Train Patch Entropy: 0.9602 | Val Loss: 0.7291 | Val Acc: 0.7895
Epoch Time: 54.38s
No improvement for 1 epoch(s)
Checkpoint saved: ./runs/20260312_161243_MIL_Task2_ID20_Seed10/checkpoints/20260312_161533_HierarchicalAttnMIL_epoch3.pth

Epoch 4/30 (LR: 2.08e-04)
Train Loss: 0.1907 | Train CE: 0.1917 | Train Patch Entropy: 0.9553 | Val Loss: 0.4351 | Val Acc: 0.7895
Epoch Time: 55.81s
No improvement for 2 epoch(s)
Checkpoint saved: ./runs/20260312_161243_MIL_Task2_ID20_Seed10/checkpoints/20260312_161629_HierarchicalAttnMIL_epoch4.pth

Epoch 5/30 (LR: 2.08e-04)
Train Loss: 0.2235 | Train CE: 0.2244 | Train Patch Entropy: 0.9402 | Val Loss: 0.2618 | Val Acc: 0.8421
Epoch Time: 65.66s
New best validation loss: 0.2618
Checkpoint saved: ./runs/20260312_161243_MIL_Task2_ID20_Seed10/checkpoints/20260312_161735_HierarchicalAttnMIL_epoch5.pth
Best checkpoint updated: ./runs/20260312_161243_MIL_Task2_ID20_Seed10/checkpoints/best.pth

Epoch 6/30 (LR: 2.08e-04)
Train Loss: 0.1756 | Train CE: 0.1765 | Train Patch Entropy: 0.9244 | Val Loss: 0.5990 | Val Acc: 0.8421
Epoch Time: 54.31s
No improvement for 1 epoch(s)
Checkpoint saved: ./runs/20260312_161243_MIL_Task2_ID20_Seed10/checkpoints/20260312_161829_HierarchicalAttnMIL_epoch6.pth

Epoch 7/30 (LR: 2.08e-04)
Train Loss: 0.0772 | Train CE: 0.0781 | Train Patch Entropy: 0.9214 | Val Loss: 0.2819 | Val Acc: 0.8421
Epoch Time: 57.36s
No improvement for 2 epoch(s)
Checkpoint saved: ./runs/20260312_161243_MIL_Task2_ID20_Seed10/checkpoints/20260312_161927_HierarchicalAttnMIL_epoch7.pth

Epoch 8/30 (LR: 2.08e-04)
Train Loss: 0.0803 | Train CE: 0.0812 | Train Patch Entropy: 0.9246 | Val Loss: 0.4071 | Val Acc: 0.8421
Epoch Time: 55.65s
No improvement for 3 epoch(s)
Checkpoint saved: ./runs/20260312_161243_MIL_Task2_ID20_Seed10/checkpoints/20260312_162022_HierarchicalAttnMIL_epoch8.pth

Epoch 9/30 (LR: 2.08e-04)
Train Loss: 0.0783 | Train CE: 0.0792 | Train Patch Entropy: 0.9036 | Val Loss: 0.2739 | Val Acc: 0.8421
Epoch Time: 55.97s
No improvement for 4 epoch(s)
Checkpoint saved: ./runs/20260312_161243_MIL_Task2_ID20_Seed10/checkpoints/20260312_162118_HierarchicalAttnMIL_epoch9.pth

Epoch 10/30 (LR: 2.08e-04)
Train Loss: 0.1249 | Train CE: 0.1257 | Train Patch Entropy: 0.8520 | Val Loss: 0.3972 | Val Acc: 0.7895
Epoch Time: 57.69s
No improvement for 5 epoch(s)
Checkpoint saved: ./runs/20260312_161243_MIL_Task2_ID20_Seed10/checkpoints/20260312_162216_HierarchicalAttnMIL_epoch10.pth

Epoch 11/30 (LR: 4.45e-05)
Train Loss: 0.0278 | Train CE: 0.0286 | Train Patch Entropy: 0.8268 | Val Loss: 0.2201 | Val Acc: 0.9474
Epoch Time: 51.36s
New best validation loss: 0.2201
Checkpoint saved: ./runs/20260312_161243_MIL_Task2_ID20_Seed10/checkpoints/20260312_162307_HierarchicalAttnMIL_epoch11.pth
Best checkpoint updated: ./runs/20260312_161243_MIL_Task2_ID20_Seed10/checkpoints/best.pth

Epoch 12/30 (LR: 4.45e-05)
Train Loss: 0.0098 | Train CE: 0.0106 | Train Patch Entropy: 0.8301 | Val Loss: 0.1679 | Val Acc: 0.9474
Epoch Time: 54.88s
New best validation loss: 0.1679
Checkpoint saved: ./runs/20260312_161243_MIL_Task2_ID20_Seed10/checkpoints/20260312_162402_HierarchicalAttnMIL_epoch12.pth
Best checkpoint updated: ./runs/20260312_161243_MIL_Task2_ID20_Seed10/checkpoints/best.pth

Epoch 13/30 (LR: 4.45e-05)
Train Loss: 0.0025 | Train CE: 0.0033 | Train Patch Entropy: 0.8308 | Val Loss: 0.1676 | Val Acc: 0.9474
Epoch Time: 53.19s
No improvement for 1 epoch(s)
Checkpoint saved: ./runs/20260312_161243_MIL_Task2_ID20_Seed10/checkpoints/20260312_162456_HierarchicalAttnMIL_epoch13.pth

Epoch 14/30 (LR: 4.45e-05)
Train Loss: 0.0030 | Train CE: 0.0038 | Train Patch Entropy: 0.8300 | Val Loss: 0.1693 | Val Acc: 0.9474
Epoch Time: 116.21s
No improvement for 2 epoch(s)
Checkpoint saved: ./runs/20260312_161243_MIL_Task2_ID20_Seed10/checkpoints/20260312_162652_HierarchicalAttnMIL_epoch14.pth

Epoch 15/30 (LR: 4.45e-05)
Train Loss: 0.0032 | Train CE: 0.0040 | Train Patch Entropy: 0.8303 | Val Loss: 0.1717 | Val Acc: 0.9474
Epoch Time: 55.39s
No improvement for 3 epoch(s)
Checkpoint saved: ./runs/20260312_161243_MIL_Task2_ID20_Seed10/checkpoints/20260312_162747_HierarchicalAttnMIL_epoch15.pth

Epoch 16/30 (LR: 4.45e-05)
Train Loss: 0.0022 | Train CE: 0.0031 | Train Patch Entropy: 0.8291 | Val Loss: 0.1670 | Val Acc: 0.9474
Epoch Time: 91.55s
No improvement for 4 epoch(s)
Checkpoint saved: ./runs/20260312_161243_MIL_Task2_ID20_Seed10/checkpoints/20260312_162919_HierarchicalAttnMIL_epoch16.pth

Epoch 17/30 (LR: 4.45e-05)
Train Loss: 0.0025 | Train CE: 0.0033 | Train Patch Entropy: 0.8309 | Val Loss: 0.1664 | Val Acc: 0.9474
Epoch Time: 67.38s
New best validation loss: 0.1664
Checkpoint saved: ./runs/20260312_161243_MIL_Task2_ID20_Seed10/checkpoints/20260312_163026_HierarchicalAttnMIL_epoch17.pth
Best checkpoint updated: ./runs/20260312_161243_MIL_Task2_ID20_Seed10/checkpoints/best.pth

Epoch 18/30 (LR: 4.45e-05)
Train Loss: 0.0034 | Train CE: 0.0042 | Train Patch Entropy: 0.8312 | Val Loss: 0.1671 | Val Acc: 0.9474
Epoch Time: 142.92s
No improvement for 1 epoch(s)
Checkpoint saved: ./runs/20260312_161243_MIL_Task2_ID20_Seed10/checkpoints/20260312_163249_HierarchicalAttnMIL_epoch18.pth

Epoch 19/30 (LR: 4.45e-05)
Train Loss: 0.0020 | Train CE: 0.0028 | Train Patch Entropy: 0.8304 | Val Loss: 0.1554 | Val Acc: 0.9474
Epoch Time: 131.67s
New best validation loss: 0.1554
Checkpoint saved: ./runs/20260312_161243_MIL_Task2_ID20_Seed10/checkpoints/20260312_163501_HierarchicalAttnMIL_epoch19.pth
Best checkpoint updated: ./runs/20260312_161243_MIL_Task2_ID20_Seed10/checkpoints/best.pth

Epoch 20/30 (LR: 4.45e-05)
Train Loss: 0.0013 | Train CE: 0.0021 | Train Patch Entropy: 0.8319 | Val Loss: 0.1541 | Val Acc: 0.9474
Epoch Time: 82.48s
New best validation loss: 0.1541
Checkpoint saved: ./runs/20260312_161243_MIL_Task2_ID20_Seed10/checkpoints/20260312_163623_HierarchicalAttnMIL_epoch20.pth
Best checkpoint updated: ./runs/20260312_161243_MIL_Task2_ID20_Seed10/checkpoints/best.pth

Epoch 21/30 (LR: 4.45e-05)
Train Loss: 0.0014 | Train CE: 0.0023 | Train Patch Entropy: 0.8331 | Val Loss: 0.1541 | Val Acc: 0.9474
Epoch Time: 86.99s
No improvement for 1 epoch(s)
Checkpoint saved: ./runs/20260312_161243_MIL_Task2_ID20_Seed10/checkpoints/20260312_163751_HierarchicalAttnMIL_epoch21.pth

Epoch 22/30 (LR: 4.45e-05)
Train Loss: 0.0004 | Train CE: 0.0012 | Train Patch Entropy: 0.8320 | Val Loss: 0.1531 | Val Acc: 0.9474
Epoch Time: 89.14s
New best validation loss: 0.1531
Checkpoint saved: ./runs/20260312_161243_MIL_Task2_ID20_Seed10/checkpoints/20260312_163920_HierarchicalAttnMIL_epoch22.pth
Best checkpoint updated: ./runs/20260312_161243_MIL_Task2_ID20_Seed10/checkpoints/best.pth

Epoch 23/30 (LR: 4.45e-05)
Train Loss: 0.0001 | Train CE: 0.0010 | Train Patch Entropy: 0.8322 | Val Loss: 0.1558 | Val Acc: 0.9474
Epoch Time: 80.87s
No improvement for 1 epoch(s)
Checkpoint saved: ./runs/20260312_161243_MIL_Task2_ID20_Seed10/checkpoints/20260312_164041_HierarchicalAttnMIL_epoch23.pth

Epoch 24/30 (LR: 4.45e-05)
Train Loss: 0.0004 | Train CE: 0.0013 | Train Patch Entropy: 0.8349 | Val Loss: 0.1562 | Val Acc: 0.9474
Epoch Time: 116.16s
No improvement for 2 epoch(s)
Checkpoint saved: ./runs/20260312_161243_MIL_Task2_ID20_Seed10/checkpoints/20260312_164237_HierarchicalAttnMIL_epoch24.pth

Epoch 25/30 (LR: 4.45e-05)
Train Loss: 0.0010 | Train CE: 0.0019 | Train Patch Entropy: 0.8332 | Val Loss: 0.1630 | Val Acc: 0.9474
Epoch Time: 83.42s
No improvement for 3 epoch(s)
Checkpoint saved: ./runs/20260312_161243_MIL_Task2_ID20_Seed10/checkpoints/20260312_164400_HierarchicalAttnMIL_epoch25.pth

Epoch 26/30 (LR: 4.45e-05)
Train Loss: 0.0007 | Train CE: 0.0016 | Train Patch Entropy: 0.8344 | Val Loss: 0.1569 | Val Acc: 0.9474
Epoch Time: 89.58s
No improvement for 4 epoch(s)
Checkpoint saved: ./runs/20260312_161243_MIL_Task2_ID20_Seed10/checkpoints/20260312_164530_HierarchicalAttnMIL_epoch26.pth

Epoch 27/30 (LR: 4.45e-05)
Train Loss: 0.0013 | Train CE: 0.0021 | Train Patch Entropy: 0.8350 | Val Loss: 0.1417 | Val Acc: 0.9474
Epoch Time: 120.86s
New best validation loss: 0.1417
Checkpoint saved: ./runs/20260312_161243_MIL_Task2_ID20_Seed10/checkpoints/20260312_164731_HierarchicalAttnMIL_epoch27.pth
Best checkpoint updated: ./runs/20260312_161243_MIL_Task2_ID20_Seed10/checkpoints/best.pth

Epoch 28/30 (LR: 4.45e-05)
Train Loss: 0.0008 | Train CE: 0.0016 | Train Patch Entropy: 0.8336 | Val Loss: 0.1419 | Val Acc: 0.9474
Epoch Time: 97.25s
No improvement for 1 epoch(s)
Checkpoint saved: ./runs/20260312_161243_MIL_Task2_ID20_Seed10/checkpoints/20260312_164908_HierarchicalAttnMIL_epoch28.pth

Epoch 29/30 (LR: 4.45e-05)
Train Loss: -0.0002 | Train CE: 0.0006 | Train Patch Entropy: 0.8361 | Val Loss: 0.1496 | Val Acc: 0.9474
Epoch Time: 113.85s
No improvement for 2 epoch(s)
Checkpoint saved: ./runs/20260312_161243_MIL_Task2_ID20_Seed10/checkpoints/20260312_165102_HierarchicalAttnMIL_epoch29.pth

Epoch 30/30 (LR: 4.45e-05)
Train Loss: 0.0012 | Train CE: 0.0020 | Train Patch Entropy: 0.8353 | Val Loss: 0.1345 | Val Acc: 0.9474
Epoch Time: 86.40s
New best validation loss: 0.1345
Checkpoint saved: ./runs/20260312_161243_MIL_Task2_ID20_Seed10/checkpoints/20260312_165228_HierarchicalAttnMIL_epoch30.pth
Best checkpoint updated: ./runs/20260312_161243_MIL_Task2_ID20_Seed10/checkpoints/best.pth

Training completed!

============================================================
EVALUATING MODEL
============================================================

Test Results:
  Test Loss: 0.6616
  Test Acc:  0.8421
  Test HG Recall: 0.8333
  Test B Recall:  0.8571
  Samples:   19
Predictions saved to: ./runs/20260312_161243_MIL_Task2_ID20_Seed10/predictions.csv
Confusion matrix saved to: ./runs/20260312_161243_MIL_Task2_ID20_Seed10/confusion_matrix.png

Results saved to: ./runs/20260312_161243_MIL_Task2_ID20_Seed10

Total execution time: 2413.00s (0.67 hours)
Training completed successfully!
------------------------------------------------
End time: Thu Mar 12 16:52:57 CDT 2026
------------------------------------------------
